Log file open, 03/19/20 20:26:27
LogWindows: Failed to load 'aqProf.dll' (GetLastError=126)
LogWindows: File 'aqProf.dll' does not exist
LogWindows: Failed to load 'VtuneApi.dll' (GetLastError=126)
LogWindows: File 'VtuneApi.dll' does not exist
LogWindows: Failed to load 'VtuneApi32e.dll' (GetLastError=126)
LogWindows: File 'VtuneApi32e.dll' does not exist
LogConsoleResponse: Display: Failed to find resolution value strings in scalability ini. Falling back to default.
LogInit: Display: Running engine for game: ProjectExodus
LogPlatformFile: Not using cached read wrapper
LogTaskGraph: Started task graph with 5 named threads and 11 total threads with 3 sets of task threads.
LogStats: Stats thread started at 0.086898
LogD3D11RHI: Loaded GFSDK_Aftermath_Lib.x64.dll
LogICUInternationalization: ICU TimeZone Detection - Raw Offset: +0:00, Platform Override: ''
LogPluginManager: Mounting plugin Paper2D
LogPluginManager: Mounting plugin AISupport
LogPluginManager: Mounting plugin LightPropagationVolume
LogPluginManager: Mounting plugin ActorLayerUtilities
LogPluginManager: Mounting plugin AnimationSharing
LogPluginManager: Mounting plugin CLionSourceCodeAccess
LogPluginManager: Mounting plugin CodeLiteSourceCodeAccess
LogPluginManager: Mounting plugin GitSourceControl
LogPluginManager: Mounting plugin KDevelopSourceCodeAccess
LogPluginManager: Mounting plugin NullSourceCodeAccess
LogPluginManager: Mounting plugin PerforceSourceControl
LogPluginManager: Mounting plugin PlasticSourceControl
LogPluginManager: Mounting plugin SubversionSourceControl
LogPluginManager: Mounting plugin UObjectPlugin
LogPluginManager: Mounting plugin VisualStudioCodeSourceCodeAccess
LogPluginManager: Mounting plugin VisualStudioSourceCodeAccess
LogPluginManager: Mounting plugin XCodeSourceCodeAccess
LogPluginManager: Mounting plugin AssetManagerEditor
LogPluginManager: Mounting plugin CryptoKeys
LogPluginManager: Mounting plugin CurveEditorTools
LogPluginManager: Mounting plugin DataValidation
LogPluginManager: Mounting plugin FacialAnimation
LogPluginManager: Mounting plugin GameplayTagsEditor
LogPluginManager: Mounting plugin MacGraphicsSwitching
LogPluginManager: Mounting plugin MaterialAnalyzer
LogPluginManager: Mounting plugin MobileLauncherProfileWizard
LogPluginManager: Mounting plugin PluginBrowser
LogPluginManager: Mounting plugin SpeedTreeImporter
LogPluginManager: Mounting plugin DatasmithContent
LogPluginManager: Mounting plugin VariantManagerContent
LogPluginManager: Mounting plugin AlembicImporter
LogPluginManager: Mounting plugin AutomationUtils
LogPluginManager: Mounting plugin BackChannel
LogPluginManager: Mounting plugin CharacterAI
LogPluginManager: Mounting plugin GeometryCache
LogPluginManager: Mounting plugin PlatformCrypto
LogPluginManager: Mounting plugin ProxyLODPlugin
LogPluginManager: Mounting plugin RawInput
LogPluginManager: Mounting plugin SkeletalReduction
LogPluginManager: Mounting plugin MagicLeap
LogPluginManager: Mounting plugin MagicLeapMedia
LogPluginManager: Mounting plugin MLSDK
LogPluginManager: Mounting plugin AndroidMedia
LogPluginManager: Mounting plugin AvfMedia
LogPluginManager: Mounting plugin ImgMedia
LogPluginManager: Mounting plugin MediaCompositing
LogPluginManager: Mounting plugin MediaPlayerEditor
LogPluginManager: Mounting plugin WebMMedia
LogPluginManager: Mounting plugin WmfMedia
LogPluginManager: Mounting plugin TcpMessaging
LogPluginManager: Mounting plugin UdpMessaging
LogPluginManager: Mounting plugin ActorSequence
LogPluginManager: Mounting plugin LevelSequenceEditor
LogPluginManager: Mounting plugin MatineeToLevelSequence
LogPluginManager: Mounting plugin NetcodeUnitTest
LogPluginManager: Mounting plugin NUTUnrealEngine4
LogPluginManager: Mounting plugin OnlineSubsystemGooglePlay
LogPluginManager: Mounting plugin OnlineSubsystemIOS
LogPluginManager: Mounting plugin OnlineSubsystem
LogPluginManager: Mounting plugin OnlineSubsystemNull
LogPluginManager: Mounting plugin OnlineSubsystemUtils
LogPluginManager: Mounting plugin LauncherChunkInstaller
LogPluginManager: Mounting plugin AndroidDeviceProfileSelector
LogPluginManager: Mounting plugin AndroidMoviePlayer
LogPluginManager: Mounting plugin AndroidPermission
LogPluginManager: Mounting plugin AppleImageUtils
LogPluginManager: Mounting plugin AppleMoviePlayer
LogPluginManager: Mounting plugin ArchVisCharacter
LogPluginManager: Mounting plugin AssetTags
LogPluginManager: Mounting plugin AudioCapture
LogPluginManager: Mounting plugin CableComponent
LogPluginManager: Mounting plugin CustomMeshComponent
LogPluginManager: Mounting plugin EditableMesh
LogPluginManager: Mounting plugin ExampleDeviceProfileSelector
LogPluginManager: Mounting plugin GoogleCloudMessaging
LogPluginManager: Mounting plugin IOSDeviceProfileSelector
LogPluginManager: Mounting plugin LinuxDeviceProfileSelector
LogPluginManager: Mounting plugin LocationServicesBPLibrary
LogPluginManager: Mounting plugin MobilePatchingUtils
LogPluginManager: Mounting plugin OculusVR
LogPluginManager: Mounting plugin PhysXVehicles
LogPluginManager: Mounting plugin PostSplashScreen
LogPluginManager: Mounting plugin ProceduralMeshComponent
LogPluginManager: Mounting plugin RuntimePhysXCooking
LogPluginManager: Mounting plugin SignificanceManager
LogPluginManager: Mounting plugin SteamVR
LogPluginManager: Mounting plugin WebMMoviePlayer
LogPluginManager: Mounting plugin WindowsMoviePlayer
LogPluginManager: Mounting plugin ScreenshotTools
LogInit: Using libcurl 7.55.1-DEV
LogInit:  - built for x86_64-pc-win32
LogInit:  - supports SSL with OpenSSL/1.1.1
LogInit:  - supports HTTP deflate (compression) using libz 1.2.8
LogInit:  - other features:
LogInit:      CURL_VERSION_SSL
LogInit:      CURL_VERSION_LIBZ
LogInit:      CURL_VERSION_IPV6
LogInit:      CURL_VERSION_ASYNCHDNS
LogInit:      CURL_VERSION_LARGEFILE
LogInit:      CURL_VERSION_IDN
LogInit:  CurlRequestOptions (configurable via config and command line):
LogInit:  - bVerifyPeer = true  - Libcurl will verify peer certificate
LogInit:  - bUseHttpProxy = false  - Libcurl will NOT use HTTP proxy
LogInit:  - bDontReuseConnections = false  - Libcurl will reuse connections
LogInit:  - MaxHostConnections = 16  - Libcurl will limit the number of connections to a host
LogInit:  - LocalHostAddr = Default
LogInit:  - BufferSize = 65536
LogOnline: OSS: Creating online subsystem instance for: NULL
LogInit: WinSock: version 1.1 (2.2), MaxSocks=32767, MaxUdp=65467
LogOnline: OSS: TryLoadSubsystemAndSetDefault: Loaded subsystem for module [NULL]
LogInit: Build: ++UE4+Release-4.24-CL-11590370
LogInit: Engine Version: 4.24.3-11590370+++UE4+Release-4.24
LogInit: Compatible Engine Version: 4.24.0-10570792+++UE4+Release-4.24
LogInit: Net CL: 10570792
LogInit: OS: Windows 10 (Release 1903) (), CPU:         Intel(R) Core(TM) i3-2100 CPU @ 3.10GHz, GPU: NVIDIA GeForce GTX 1050
LogInit: Compiled (64-bit): Feb 24 2020 15:39:18
LogInit: Compiled with Visual C++: 19.16.27032.01
LogInit: Build Configuration: Development
LogInit: Branch Name: ++UE4+Release-4.24
LogInit: Command Line:  -skipcompile
LogInit: Base Directory: C:/Program Files/Epic Games/UE_4.24/Engine/Binaries/Win64/
LogInit: Installed Engine Build: 1
LogDevObjectVersion: Number of dev versions registered: 25
LogDevObjectVersion:   Dev-Blueprints (B0D832E4-1F89-4F0D-ACCF-7EB736FD4AA2): 10
LogDevObjectVersion:   Dev-Build (E1C64328-A22C-4D53-A36C-8E866417BD8C): 0
LogDevObjectVersion:   Dev-Core (375EC13C-06E4-48FB-B500-84F0262A717E): 3
LogDevObjectVersion:   Dev-Editor (E4B068ED-F494-42E9-A231-DA0B2E46BB41): 37
LogDevObjectVersion:   Dev-Framework (CFFC743F-43B0-4480-9391-14DF171D2073): 36
LogDevObjectVersion:   Dev-Mobile (B02B49B5-BB20-44E9-A304-32B752E40360): 2
LogDevObjectVersion:   Dev-Networking (A4E4105C-59A1-49B5-A7C5-40C4547EDFEE): 0
LogDevObjectVersion:   Dev-Online (39C831C9-5AE6-47DC-9A44-9C173E1C8E7C): 0
LogDevObjectVersion:   Dev-Physics (78F01B33-EBEA-4F98-B9B4-84EACCB95AA2): 2
LogDevObjectVersion:   Dev-Platform (6631380F-2D4D-43E0-8009-CF276956A95A): 0
LogDevObjectVersion:   Dev-Rendering (12F88B9F-8875-4AFC-A67C-D90C383ABD29): 36
LogDevObjectVersion:   Dev-Sequencer (7B5AE74C-D270-4C10-A958-57980B212A5A): 11
LogDevObjectVersion:   Dev-VR (D7296918-1DD6-4BDD-9DE2-64A83CC13884): 2
LogDevObjectVersion:   Dev-LoadTimes (C2A15278-BFE7-4AFE-6C17-90FF531DF755): 1
LogDevObjectVersion:   Private-Geometry (6EACA3D4-40EC-4CC1-B786-8BED09428FC5): 3
LogDevObjectVersion:   Dev-AnimPhys (29E575DD-E0A3-4627-9D10-D276232CDCEA): 17
LogDevObjectVersion:   Dev-Anim (AF43A65D-7FD3-4947-9873-3E8ED9C1BB05): 2
LogDevObjectVersion:   Dev-ReflectionCapture (6B266CEC-1EC7-4B8F-A30B-E4D90942FC07): 1
LogDevObjectVersion:   Dev-Automation (0DF73D61-A23F-47EA-B727-89E90C41499A): 1
LogDevObjectVersion:   FortniteMain (601D1886-AC64-4F84-AA16-D3DE0DEAC7D6): 31
LogDevObjectVersion:   Dev-Enterprise (9DFFBCD6-494F-0158-E221-12823C92A888): 8
LogDevObjectVersion:   Dev-Niagara (F2AED0AC-9AFE-416F-8664-AA7FFA26D6FC): 1
LogDevObjectVersion:   Dev-Destruction (174F1F0B-B4C6-45A5-B13F-2EE8D0FB917D): 9
LogDevObjectVersion:   Dev-Physics-Ext (35F94A83-E258-406C-A318-09F59610247C): 8
LogDevObjectVersion:   Dev-CineCamera (B2E18506-4273-CFC2-A54E-F4BB758BBA07): 1
LogInit: Presizing for max 25165824 objects, including 0 objects not considered by GC, pre-allocating 0 bytes for permanent pool.
LogInit: Object subsystem initialized
LogConfig: Setting CVar [[con.DebugEarlyDefault:1]]
LogConfig: Setting CVar [[r.setres:1280x720]]
[2020.03.19-20.26.28:808][  0]LogConfig: Setting CVar [[r.VSync:0]]
[2020.03.19-20.26.28:808][  0]LogConfig: Setting CVar [[r.RHICmdBypass:0]]
[2020.03.19-20.26.28:808][  0]LogConfig: Applying CVar settings from Section [/Script/Engine.RendererSettings] File [C:/Users/Gamer/Documents/GitHub/Project-Exodus/ProjectExodus/Saved/Config/Windows/Engine.ini]
[2020.03.19-20.26.28:808][  0]LogConfig: Setting CVar [[r.GPUCrashDebugging:0]]
[2020.03.19-20.26.28:808][  0]LogConfig: Applying CVar settings from Section [/Script/Engine.RendererOverrideSettings] File [C:/Users/Gamer/Documents/GitHub/Project-Exodus/ProjectExodus/Saved/Config/Windows/Engine.ini]
[2020.03.19-20.26.28:808][  0]LogConfig: Applying CVar settings from Section [/Script/Engine.StreamingSettings] File [C:/Users/Gamer/Documents/GitHub/Project-Exodus/ProjectExodus/Saved/Config/Windows/Engine.ini]
[2020.03.19-20.26.28:808][  0]LogConfig: Setting CVar [[s.MinBulkDataSizeForAsyncLoading:131072]]
[2020.03.19-20.26.28:808][  0]LogConfig: Setting CVar [[s.AsyncLoadingThreadEnabled:0]]
[2020.03.19-20.26.28:808][  0]LogConfig: Setting CVar [[s.EventDrivenLoaderEnabled:1]]
[2020.03.19-20.26.28:808][  0]LogConfig: Setting CVar [[s.WarnIfTimeLimitExceeded:0]]
[2020.03.19-20.26.28:808][  0]LogConfig: Setting CVar [[s.TimeLimitExceededMultiplier:1.5]]
[2020.03.19-20.26.28:808][  0]LogConfig: Setting CVar [[s.TimeLimitExceededMinTime:0.005]]
[2020.03.19-20.26.28:808][  0]LogConfig: Setting CVar [[s.UseBackgroundLevelStreaming:1]]
[2020.03.19-20.26.28:809][  0]LogConfig: Setting CVar [[s.PriorityAsyncLoadingExtraTime:15.0]]
[2020.03.19-20.26.28:809][  0]LogConfig: Setting CVar [[s.LevelStreamingActorsUpdateTimeLimit:5.0]]
[2020.03.19-20.26.28:809][  0]LogConfig: Setting CVar [[s.PriorityLevelStreamingActorsUpdateExtraTime:5.0]]
[2020.03.19-20.26.28:809][  0]LogConfig: Setting CVar [[s.LevelStreamingComponentsRegistrationGranularity:10]]
[2020.03.19-20.26.28:809][  0]LogConfig: Setting CVar [[s.UnregisterComponentsTimeLimit:1.0]]
[2020.03.19-20.26.28:809][  0]LogConfig: Setting CVar [[s.LevelStreamingComponentsUnregistrationGranularity:5]]
[2020.03.19-20.26.28:809][  0]LogConfig: Setting CVar [[s.FlushStreamingOnExit:1]]
[2020.03.19-20.26.28:809][  0]LogConfig: Applying CVar settings from Section [/Script/Engine.GarbageCollectionSettings] File [C:/Users/Gamer/Documents/GitHub/Project-Exodus/ProjectExodus/Saved/Config/Windows/Engine.ini]
[2020.03.19-20.26.28:809][  0]LogConfig: Setting CVar [[gc.MaxObjectsNotConsideredByGC:1]]
[2020.03.19-20.26.28:809][  0]LogConfig: Setting CVar [[gc.SizeOfPermanentObjectPool:0]]
[2020.03.19-20.26.28:809][  0]LogConfig: Setting CVar [[gc.FlushStreamingOnGC:0]]
[2020.03.19-20.26.28:809][  0]LogConfig: Setting CVar [[gc.NumRetriesBeforeForcingGC:10]]
[2020.03.19-20.26.28:809][  0]LogConfig: Setting CVar [[gc.AllowParallelGC:1]]
[2020.03.19-20.26.28:809][  0]LogConfig: Setting CVar [[gc.TimeBetweenPurgingPendingKillObjects:61.1]]
[2020.03.19-20.26.28:809][  0]LogConfig: Setting CVar [[gc.MaxObjectsInEditor:25165824]]
[2020.03.19-20.26.28:809][  0]LogConfig: Setting CVar [[gc.IncrementalBeginDestroyEnabled:1]]
[2020.03.19-20.26.28:809][  0]LogConfig: Setting CVar [[gc.CreateGCClusters:1]]
[2020.03.19-20.26.28:809][  0]LogConfig: Setting CVar [[gc.MinGCClusterSize:5]]
[2020.03.19-20.26.28:809][  0]LogConfig: Setting CVar [[gc.ActorClusteringEnabled:0]]
[2020.03.19-20.26.28:809][  0]LogConfig: Setting CVar [[gc.BlueprintClusteringEnabled:0]]
[2020.03.19-20.26.28:809][  0]LogConfig: Setting CVar [[gc.UseDisregardForGCOnDedicatedServers:0]]
[2020.03.19-20.26.28:809][  0]LogConfig: Applying CVar settings from Section [/Script/Engine.NetworkSettings] File [C:/Users/Gamer/Documents/GitHub/Project-Exodus/ProjectExodus/Saved/Config/Windows/Engine.ini]
[2020.03.19-20.26.28:809][  0]LogConfig: Applying CVar settings from Section [/Script/UnrealEd.CookerSettings] File [C:/Users/Gamer/Documents/GitHub/Project-Exodus/ProjectExodus/Saved/Config/Windows/Engine.ini]
[2020.03.19-20.26.28:817][  0]LogConfig: Applying CVar settings from Section [ViewDistanceQuality@3] File [C:/Users/Gamer/Documents/GitHub/Project-Exodus/ProjectExodus/Saved/Config/Windows/Scalability.ini]
[2020.03.19-20.26.28:817][  0]LogConfig: Setting CVar [[r.SkeletalMeshLODBias:0]]
[2020.03.19-20.26.28:817][  0]LogConfig: Setting CVar [[r.ViewDistanceScale:1.0]]
[2020.03.19-20.26.28:817][  0]LogConfig: Applying CVar settings from Section [AntiAliasingQuality@3] File [C:/Users/Gamer/Documents/GitHub/Project-Exodus/ProjectExodus/Saved/Config/Windows/Scalability.ini]
[2020.03.19-20.26.28:817][  0]LogConfig: Setting CVar [[r.PostProcessAAQuality:4]]
[2020.03.19-20.26.28:817][  0]LogConfig: Applying CVar settings from Section [ShadowQuality@3] File [C:/Users/Gamer/Documents/GitHub/Project-Exodus/ProjectExodus/Saved/Config/Windows/Scalability.ini]
[2020.03.19-20.26.28:817][  0]LogConfig: Setting CVar [[r.LightFunctionQuality:1]]
[2020.03.19-20.26.28:817][  0]LogConfig: Setting CVar [[r.ShadowQuality:5]]
[2020.03.19-20.26.28:817][  0]LogConfig: Setting CVar [[r.Shadow.CSM.MaxCascades:10]]
[2020.03.19-20.26.28:817][  0]LogConfig: Setting CVar [[r.Shadow.MaxResolution:2048]]
[2020.03.19-20.26.28:817][  0]LogConfig: Setting CVar [[r.Shadow.MaxCSMResolution:2048]]
[2020.03.19-20.26.28:817][  0]LogConfig: Setting CVar [[r.Shadow.RadiusThreshold:0.01]]
[2020.03.19-20.26.28:817][  0]LogConfig: Setting CVar [[r.Shadow.DistanceScale:1.0]]
[2020.03.19-20.26.28:817][  0]LogConfig: Setting CVar [[r.Shadow.CSM.TransitionScale:1.0]]
[2020.03.19-20.26.28:817][  0]LogConfig: Setting CVar [[r.Shadow.PreShadowResolutionFactor:1.0]]
[2020.03.19-20.26.28:817][  0]LogConfig: Setting CVar [[r.DistanceFieldShadowing:1]]
[2020.03.19-20.26.28:818][  0]LogConfig: Setting CVar [[r.DistanceFieldAO:1]]
[2020.03.19-20.26.28:818][  0]LogConfig: Setting CVar [[r.AOQuality:2]]
[2020.03.19-20.26.28:818][  0]LogConfig: Setting CVar [[r.VolumetricFog:1]]
[2020.03.19-20.26.28:818][  0]LogConfig: Setting CVar [[r.VolumetricFog.GridPixelSize:8]]
[2020.03.19-20.26.28:818][  0]LogConfig: Setting CVar [[r.VolumetricFog.GridSizeZ:128]]
[2020.03.19-20.26.28:818][  0]LogConfig: Setting CVar [[r.VolumetricFog.HistoryMissSupersampleCount:4]]
[2020.03.19-20.26.28:818][  0]LogConfig: Setting CVar [[r.LightMaxDrawDistanceScale:1]]
[2020.03.19-20.26.28:818][  0]LogConfig: Setting CVar [[r.CapsuleShadows:1]]
[2020.03.19-20.26.28:818][  0]LogConfig: Applying CVar settings from Section [PostProcessQuality@3] File [C:/Users/Gamer/Documents/GitHub/Project-Exodus/ProjectExodus/Saved/Config/Windows/Scalability.ini]
[2020.03.19-20.26.28:818][  0]LogConfig: Setting CVar [[r.MotionBlurQuality:4]]
[2020.03.19-20.26.28:818][  0]LogConfig: Setting CVar [[r.AmbientOcclusionMipLevelFactor:0.4]]
[2020.03.19-20.26.28:818][  0]LogConfig: Setting CVar [[r.AmbientOcclusionMaxQuality:100]]
[2020.03.19-20.26.28:818][  0]LogConfig: Setting CVar [[r.AmbientOcclusionLevels:-1]]
[2020.03.19-20.26.28:818][  0]LogConfig: Setting CVar [[r.AmbientOcclusionRadiusScale:1.0]]
[2020.03.19-20.26.28:818][  0]LogConfig: Setting CVar [[r.DepthOfFieldQuality:2]]
[2020.03.19-20.26.28:818][  0]LogConfig: Setting CVar [[r.RenderTargetPoolMin:400]]
[2020.03.19-20.26.28:818][  0]LogConfig: Setting CVar [[r.LensFlareQuality:2]]
[2020.03.19-20.26.28:818][  0]LogConfig: Setting CVar [[r.SceneColorFringeQuality:1]]
[2020.03.19-20.26.28:818][  0]LogConfig: Setting CVar [[r.EyeAdaptationQuality:2]]
[2020.03.19-20.26.28:818][  0]LogConfig: Setting CVar [[r.BloomQuality:5]]
[2020.03.19-20.26.28:818][  0]LogConfig: Setting CVar [[r.FastBlurThreshold:100]]
[2020.03.19-20.26.28:818][  0]LogConfig: Setting CVar [[r.Upscale.Quality:3]]
[2020.03.19-20.26.28:818][  0]LogConfig: Setting CVar [[r.Tonemapper.GrainQuantization:1]]
[2020.03.19-20.26.28:818][  0]LogConfig: Setting CVar [[r.LightShaftQuality:1]]
[2020.03.19-20.26.28:818][  0]LogConfig: Setting CVar [[r.Filter.SizeScale:1]]
[2020.03.19-20.26.28:818][  0]LogConfig: Setting CVar [[r.Tonemapper.Quality:5]]
[2020.03.19-20.26.28:818][  0]LogConfig: Setting CVar [[r.DOF.Gather.AccumulatorQuality:1        ; higher gathering accumulator quality]]
[2020.03.19-20.26.28:818][  0]LogConfig: Setting CVar [[r.DOF.Gather.PostfilterMethod:1          ; Median3x3 postfilering method]]
[2020.03.19-20.26.28:818][  0]LogConfig: Setting CVar [[r.DOF.Gather.EnableBokehSettings:0       ; no bokeh simulation when gathering]]
[2020.03.19-20.26.28:818][  0]LogConfig: Setting CVar [[r.DOF.Gather.RingCount:4                 ; medium number of samples when gathering]]
[2020.03.19-20.26.28:818][  0]LogConfig: Setting CVar [[r.DOF.Scatter.ForegroundCompositing:1    ; additive foreground scattering]]
[2020.03.19-20.26.28:818][  0]LogConfig: Setting CVar [[r.DOF.Scatter.BackgroundCompositing:2    ; additive background scattering]]
[2020.03.19-20.26.28:818][  0]LogConfig: Setting CVar [[r.DOF.Scatter.EnableBokehSettings:1      ; bokeh simulation when scattering]]
[2020.03.19-20.26.28:818][  0]LogConfig: Setting CVar [[r.DOF.Scatter.MaxSpriteRatio:0.1         ; only a maximum of 10% of scattered bokeh]]
[2020.03.19-20.26.28:818][  0]LogConfig: Setting CVar [[r.DOF.Recombine.Quality:1                ; cheap slight out of focus]]
[2020.03.19-20.26.28:818][  0]LogConfig: Setting CVar [[r.DOF.Recombine.EnableBokehSettings:0    ; no bokeh simulation on slight out of focus]]
[2020.03.19-20.26.28:818][  0]LogConfig: Setting CVar [[r.DOF.TemporalAAQuality:1                ; more stable temporal accumulation]]
[2020.03.19-20.26.28:818][  0]LogConfig: Setting CVar [[r.DOF.Kernel.MaxForegroundRadius:0.025]]
[2020.03.19-20.26.28:818][  0]LogConfig: Setting CVar [[r.DOF.Kernel.MaxBackgroundRadius:0.025]]
[2020.03.19-20.26.28:818][  0]LogConfig: Applying CVar settings from Section [TextureQuality@3] File [C:/Users/Gamer/Documents/GitHub/Project-Exodus/ProjectExodus/Saved/Config/Windows/Scalability.ini]
[2020.03.19-20.26.28:818][  0]LogConfig: Setting CVar [[r.Streaming.MipBias:0]]
[2020.03.19-20.26.28:818][  0]LogConfig: Setting CVar [[r.Streaming.AmortizeCPUToGPUCopy:0]]
[2020.03.19-20.26.28:818][  0]LogConfig: Setting CVar [[r.Streaming.MaxNumTexturesToStreamPerFrame:0]]
[2020.03.19-20.26.28:818][  0]LogConfig: Setting CVar [[r.Streaming.Boost:1]]
[2020.03.19-20.26.28:818][  0]LogConfig: Setting CVar [[r.MaxAnisotropy:8]]
[2020.03.19-20.26.28:818][  0]LogConfig: Setting CVar [[r.VT.MaxAnisotropy:8]]
[2020.03.19-20.26.28:818][  0]LogConfig: Setting CVar [[r.Streaming.LimitPoolSizeToVRAM:0]]
[2020.03.19-20.26.28:818][  0]LogConfig: Setting CVar [[r.Streaming.PoolSize:1000]]
[2020.03.19-20.26.28:818][  0]LogConfig: Setting CVar [[r.Streaming.MaxEffectiveScreenSize:0]]
[2020.03.19-20.26.28:818][  0]LogConfig: Applying CVar settings from Section [EffectsQuality@3] File [C:/Users/Gamer/Documents/GitHub/Project-Exodus/ProjectExodus/Saved/Config/Windows/Scalability.ini]
[2020.03.19-20.26.28:818][  0]LogConfig: Setting CVar [[r.TranslucencyLightingVolumeDim:64]]
[2020.03.19-20.26.28:818][  0]LogConfig: Setting CVar [[r.RefractionQuality:2]]
[2020.03.19-20.26.28:819][  0]LogConfig: Setting CVar [[r.SSR.Quality:3]]
[2020.03.19-20.26.28:819][  0]LogConfig: Setting CVar [[r.SSR.HalfResSceneColor:0]]
[2020.03.19-20.26.28:819][  0]LogConfig: Setting CVar [[r.SceneColorFormat:4]]
[2020.03.19-20.26.28:819][  0]LogConfig: Setting CVar [[r.DetailMode:2]]
[2020.03.19-20.26.28:819][  0]LogConfig: Setting CVar [[r.TranslucencyVolumeBlur:1]]
[2020.03.19-20.26.28:819][  0]LogConfig: Setting CVar [[r.MaterialQualityLevel:1 ; High quality]]
[2020.03.19-20.26.28:819][  0]LogConfig: Setting CVar [[r.SSS.Scale:1]]
[2020.03.19-20.26.28:819][  0]LogConfig: Setting CVar [[r.SSS.SampleSet:2]]
[2020.03.19-20.26.28:819][  0]LogConfig: Setting CVar [[r.SSS.Quality:1]]
[2020.03.19-20.26.28:819][  0]LogConfig: Setting CVar [[r.SSS.HalfRes:1]]
[2020.03.19-20.26.28:819][  0]LogConfig: Setting CVar [[r.SSGI.Quality:3]]
[2020.03.19-20.26.28:819][  0]LogConfig: Setting CVar [[r.EmitterSpawnRateScale:1.0]]
[2020.03.19-20.26.28:819][  0]LogConfig: Setting CVar [[r.ParticleLightQuality:2]]
[2020.03.19-20.26.28:819][  0]LogConfig: Setting CVar [[r.SkyAtmosphere.AerialPerspectiveLUT.FastApplyOnOpaque:1 ; Always have FastSkyLUT 1 in this case to avoid wrong sky]]
[2020.03.19-20.26.28:819][  0]LogConfig: Setting CVar [[r.SkyAtmosphere.AerialPerspectiveLUT.SampleCountPerSlice:1]]
[2020.03.19-20.26.28:819][  0]LogConfig: Setting CVar [[r.SkyAtmosphere.AerialPerspectiveLUT.DepthResolution:16.0]]
[2020.03.19-20.26.28:819][  0]LogConfig: Setting CVar [[r.SkyAtmosphere.FastSkyLUT:1]]
[2020.03.19-20.26.28:819][  0]LogConfig: Setting CVar [[r.SkyAtmosphere.FastSkyLUT.SampleCountMin:4.0]]
[2020.03.19-20.26.28:819][  0]LogConfig: Setting CVar [[r.SkyAtmosphere.FastSkyLUT.SampleCountMax:32.0]]
[2020.03.19-20.26.28:819][  0]LogConfig: Setting CVar [[r.SkyAtmosphere.SampleCountMin:4.0]]
[2020.03.19-20.26.28:819][  0]LogConfig: Setting CVar [[r.SkyAtmosphere.SampleCountMax:32.0]]
[2020.03.19-20.26.28:819][  0]LogConfig: Setting CVar [[r.SkyAtmosphere.TransmittanceLUT.UseSmallFormat:0]]
[2020.03.19-20.26.28:819][  0]LogConfig: Setting CVar [[r.SkyAtmosphere.TransmittanceLUT.SampleCount:10.0]]
[2020.03.19-20.26.28:819][  0]LogConfig: Setting CVar [[r.SkyAtmosphere.MultiScatteringLUT.SampleCount:15.0]]
[2020.03.19-20.26.28:819][  0]LogConfig: Applying CVar settings from Section [FoliageQuality@3] File [C:/Users/Gamer/Documents/GitHub/Project-Exodus/ProjectExodus/Saved/Config/Windows/Scalability.ini]
[2020.03.19-20.26.28:819][  0]LogConfig: Setting CVar [[foliage.DensityScale:1.0]]
[2020.03.19-20.26.28:819][  0]LogConfig: Setting CVar [[grass.DensityScale:1.0]]
[2020.03.19-20.26.28:819][  0]LogConfig: Applying CVar settings from Section [ShadingQuality@3] File [C:/Users/Gamer/Documents/GitHub/Project-Exodus/ProjectExodus/Saved/Config/Windows/Scalability.ini]
[2020.03.19-20.26.28:819][  0]LogConfig: Setting CVar [[r.HairStrands.SkyLighting.SampleCount:16]]
[2020.03.19-20.26.28:819][  0]LogConfig: Setting CVar [[r.HairStrands.SkyLighting.JitterIntegration:0]]
[2020.03.19-20.26.28:819][  0]LogConfig: Setting CVar [[r.HairStrands.SkyAO.SampleCount:16]]
[2020.03.19-20.26.28:819][  0]LogInit: Selected Device Profile: [Windows]
[2020.03.19-20.26.28:819][  0]LogInit: Applying CVar settings loaded from the selected device profile: [Windows]
[2020.03.19-20.26.28:850][  0]LogHAL: Display: Platform has ~ 8 GB [8566272000 / 8589934592 / 8], which maps to Default [LargestMinGB=32, LargerMinGB=12, DefaultMinGB=8, SmallerMinGB=6, SmallestMinGB=0)
[2020.03.19-20.26.28:850][  0]LogInit: Going up to parent DeviceProfile []
[2020.03.19-20.26.28:850][  0]LogConfig: Applying CVar settings from Section [ViewDistanceQuality@3] File [C:/Users/Gamer/Documents/GitHub/Project-Exodus/ProjectExodus/Saved/Config/Windows/Scalability.ini]
[2020.03.19-20.26.28:850][  0]LogConfig: Setting CVar [[r.SkeletalMeshLODBias:0]]
[2020.03.19-20.26.28:850][  0]LogConfig: Setting CVar [[r.ViewDistanceScale:1.0]]
[2020.03.19-20.26.28:850][  0]LogConfig: Applying CVar settings from Section [AntiAliasingQuality@3] File [C:/Users/Gamer/Documents/GitHub/Project-Exodus/ProjectExodus/Saved/Config/Windows/Scalability.ini]
[2020.03.19-20.26.28:850][  0]LogConfig: Setting CVar [[r.PostProcessAAQuality:4]]
[2020.03.19-20.26.28:850][  0]LogConfig: Applying CVar settings from Section [ShadowQuality@3] File [C:/Users/Gamer/Documents/GitHub/Project-Exodus/ProjectExodus/Saved/Config/Windows/Scalability.ini]
[2020.03.19-20.26.28:850][  0]LogConfig: Setting CVar [[r.LightFunctionQuality:1]]
[2020.03.19-20.26.28:850][  0]LogConfig: Setting CVar [[r.ShadowQuality:5]]
[2020.03.19-20.26.28:850][  0]LogConfig: Setting CVar [[r.Shadow.CSM.MaxCascades:10]]
[2020.03.19-20.26.28:850][  0]LogConfig: Setting CVar [[r.Shadow.MaxResolution:2048]]
[2020.03.19-20.26.28:850][  0]LogConfig: Setting CVar [[r.Shadow.MaxCSMResolution:2048]]
[2020.03.19-20.26.28:850][  0]LogConfig: Setting CVar [[r.Shadow.RadiusThreshold:0.01]]
[2020.03.19-20.26.28:850][  0]LogConfig: Setting CVar [[r.Shadow.DistanceScale:1.0]]
[2020.03.19-20.26.28:850][  0]LogConfig: Setting CVar [[r.Shadow.CSM.TransitionScale:1.0]]
[2020.03.19-20.26.28:850][  0]LogConfig: Setting CVar [[r.Shadow.PreShadowResolutionFactor:1.0]]
[2020.03.19-20.26.28:850][  0]LogConfig: Setting CVar [[r.DistanceFieldShadowing:1]]
[2020.03.19-20.26.28:850][  0]LogConfig: Setting CVar [[r.DistanceFieldAO:1]]
[2020.03.19-20.26.28:850][  0]LogConfig: Setting CVar [[r.AOQuality:2]]
[2020.03.19-20.26.28:850][  0]LogConfig: Setting CVar [[r.VolumetricFog:1]]
[2020.03.19-20.26.28:850][  0]LogConfig: Setting CVar [[r.VolumetricFog.GridPixelSize:8]]
[2020.03.19-20.26.28:850][  0]LogConfig: Setting CVar [[r.VolumetricFog.GridSizeZ:128]]
[2020.03.19-20.26.28:850][  0]LogConfig: Setting CVar [[r.VolumetricFog.HistoryMissSupersampleCount:4]]
[2020.03.19-20.26.28:850][  0]LogConfig: Setting CVar [[r.LightMaxDrawDistanceScale:1]]
[2020.03.19-20.26.28:850][  0]LogConfig: Setting CVar [[r.CapsuleShadows:1]]
[2020.03.19-20.26.28:850][  0]LogConfig: Applying CVar settings from Section [PostProcessQuality@3] File [C:/Users/Gamer/Documents/GitHub/Project-Exodus/ProjectExodus/Saved/Config/Windows/Scalability.ini]
[2020.03.19-20.26.28:850][  0]LogConfig: Setting CVar [[r.MotionBlurQuality:4]]
[2020.03.19-20.26.28:850][  0]LogConfig: Setting CVar [[r.AmbientOcclusionMipLevelFactor:0.4]]
[2020.03.19-20.26.28:850][  0]LogConfig: Setting CVar [[r.AmbientOcclusionMaxQuality:100]]
[2020.03.19-20.26.28:850][  0]LogConfig: Setting CVar [[r.AmbientOcclusionLevels:-1]]
[2020.03.19-20.26.28:850][  0]LogConfig: Setting CVar [[r.AmbientOcclusionRadiusScale:1.0]]
[2020.03.19-20.26.28:850][  0]LogConfig: Setting CVar [[r.DepthOfFieldQuality:2]]
[2020.03.19-20.26.28:850][  0]LogConfig: Setting CVar [[r.RenderTargetPoolMin:400]]
[2020.03.19-20.26.28:850][  0]LogConfig: Setting CVar [[r.LensFlareQuality:2]]
[2020.03.19-20.26.28:850][  0]LogConfig: Setting CVar [[r.SceneColorFringeQuality:1]]
[2020.03.19-20.26.28:851][  0]LogConfig: Setting CVar [[r.EyeAdaptationQuality:2]]
[2020.03.19-20.26.28:851][  0]LogConfig: Setting CVar [[r.BloomQuality:5]]
[2020.03.19-20.26.28:851][  0]LogConfig: Setting CVar [[r.FastBlurThreshold:100]]
[2020.03.19-20.26.28:851][  0]LogConfig: Setting CVar [[r.Upscale.Quality:3]]
[2020.03.19-20.26.28:851][  0]LogConfig: Setting CVar [[r.Tonemapper.GrainQuantization:1]]
[2020.03.19-20.26.28:851][  0]LogConfig: Setting CVar [[r.LightShaftQuality:1]]
[2020.03.19-20.26.28:851][  0]LogConfig: Setting CVar [[r.Filter.SizeScale:1]]
[2020.03.19-20.26.28:851][  0]LogConfig: Setting CVar [[r.Tonemapper.Quality:5]]
[2020.03.19-20.26.28:851][  0]LogConfig: Setting CVar [[r.DOF.Gather.AccumulatorQuality:1        ; higher gathering accumulator quality]]
[2020.03.19-20.26.28:851][  0]LogConfig: Setting CVar [[r.DOF.Gather.PostfilterMethod:1          ; Median3x3 postfilering method]]
[2020.03.19-20.26.28:851][  0]LogConfig: Setting CVar [[r.DOF.Gather.EnableBokehSettings:0       ; no bokeh simulation when gathering]]
[2020.03.19-20.26.28:851][  0]LogConfig: Setting CVar [[r.DOF.Gather.RingCount:4                 ; medium number of samples when gathering]]
[2020.03.19-20.26.28:851][  0]LogConfig: Setting CVar [[r.DOF.Scatter.ForegroundCompositing:1    ; additive foreground scattering]]
[2020.03.19-20.26.28:851][  0]LogConfig: Setting CVar [[r.DOF.Scatter.BackgroundCompositing:2    ; additive background scattering]]
[2020.03.19-20.26.28:851][  0]LogConfig: Setting CVar [[r.DOF.Scatter.EnableBokehSettings:1      ; bokeh simulation when scattering]]
[2020.03.19-20.26.28:851][  0]LogConfig: Setting CVar [[r.DOF.Scatter.MaxSpriteRatio:0.1         ; only a maximum of 10% of scattered bokeh]]
[2020.03.19-20.26.28:851][  0]LogConfig: Setting CVar [[r.DOF.Recombine.Quality:1                ; cheap slight out of focus]]
[2020.03.19-20.26.28:851][  0]LogConfig: Setting CVar [[r.DOF.Recombine.EnableBokehSettings:0    ; no bokeh simulation on slight out of focus]]
[2020.03.19-20.26.28:851][  0]LogConfig: Setting CVar [[r.DOF.TemporalAAQuality:1                ; more stable temporal accumulation]]
[2020.03.19-20.26.28:851][  0]LogConfig: Setting CVar [[r.DOF.Kernel.MaxForegroundRadius:0.025]]
[2020.03.19-20.26.28:851][  0]LogConfig: Setting CVar [[r.DOF.Kernel.MaxBackgroundRadius:0.025]]
[2020.03.19-20.26.28:851][  0]LogConfig: Applying CVar settings from Section [TextureQuality@3] File [C:/Users/Gamer/Documents/GitHub/Project-Exodus/ProjectExodus/Saved/Config/Windows/Scalability.ini]
[2020.03.19-20.26.28:851][  0]LogConfig: Setting CVar [[r.Streaming.MipBias:0]]
[2020.03.19-20.26.28:851][  0]LogConfig: Setting CVar [[r.Streaming.AmortizeCPUToGPUCopy:0]]
[2020.03.19-20.26.28:851][  0]LogConfig: Setting CVar [[r.Streaming.MaxNumTexturesToStreamPerFrame:0]]
[2020.03.19-20.26.28:851][  0]LogConfig: Setting CVar [[r.Streaming.Boost:1]]
[2020.03.19-20.26.28:851][  0]LogConfig: Setting CVar [[r.MaxAnisotropy:8]]
[2020.03.19-20.26.28:851][  0]LogConfig: Setting CVar [[r.VT.MaxAnisotropy:8]]
[2020.03.19-20.26.28:851][  0]LogConfig: Setting CVar [[r.Streaming.LimitPoolSizeToVRAM:0]]
[2020.03.19-20.26.28:851][  0]LogConfig: Setting CVar [[r.Streaming.PoolSize:1000]]
[2020.03.19-20.26.28:851][  0]LogConfig: Setting CVar [[r.Streaming.MaxEffectiveScreenSize:0]]
[2020.03.19-20.26.28:851][  0]LogConfig: Applying CVar settings from Section [EffectsQuality@3] File [C:/Users/Gamer/Documents/GitHub/Project-Exodus/ProjectExodus/Saved/Config/Windows/Scalability.ini]
[2020.03.19-20.26.28:851][  0]LogConfig: Setting CVar [[r.TranslucencyLightingVolumeDim:64]]
[2020.03.19-20.26.28:851][  0]LogConfig: Setting CVar [[r.RefractionQuality:2]]
[2020.03.19-20.26.28:851][  0]LogConfig: Setting CVar [[r.SSR.Quality:3]]
[2020.03.19-20.26.28:851][  0]LogConfig: Setting CVar [[r.SSR.HalfResSceneColor:0]]
[2020.03.19-20.26.28:851][  0]LogConfig: Setting CVar [[r.SceneColorFormat:4]]
[2020.03.19-20.26.28:851][  0]LogConfig: Setting CVar [[r.DetailMode:2]]
[2020.03.19-20.26.28:851][  0]LogConfig: Setting CVar [[r.TranslucencyVolumeBlur:1]]
[2020.03.19-20.26.28:851][  0]LogConfig: Setting CVar [[r.MaterialQualityLevel:1 ; High quality]]
[2020.03.19-20.26.28:851][  0]LogConfig: Setting CVar [[r.SSS.Scale:1]]
[2020.03.19-20.26.28:851][  0]LogConfig: Setting CVar [[r.SSS.SampleSet:2]]
[2020.03.19-20.26.28:851][  0]LogConfig: Setting CVar [[r.SSS.Quality:1]]
[2020.03.19-20.26.28:851][  0]LogConfig: Setting CVar [[r.SSS.HalfRes:1]]
[2020.03.19-20.26.28:851][  0]LogConfig: Setting CVar [[r.SSGI.Quality:3]]
[2020.03.19-20.26.28:851][  0]LogConfig: Setting CVar [[r.EmitterSpawnRateScale:1.0]]
[2020.03.19-20.26.28:851][  0]LogConfig: Setting CVar [[r.ParticleLightQuality:2]]
[2020.03.19-20.26.28:851][  0]LogConfig: Setting CVar [[r.SkyAtmosphere.AerialPerspectiveLUT.FastApplyOnOpaque:1 ; Always have FastSkyLUT 1 in this case to avoid wrong sky]]
[2020.03.19-20.26.28:851][  0]LogConfig: Setting CVar [[r.SkyAtmosphere.AerialPerspectiveLUT.SampleCountPerSlice:1]]
[2020.03.19-20.26.28:851][  0]LogConfig: Setting CVar [[r.SkyAtmosphere.AerialPerspectiveLUT.DepthResolution:16.0]]
[2020.03.19-20.26.28:851][  0]LogConfig: Setting CVar [[r.SkyAtmosphere.FastSkyLUT:1]]
[2020.03.19-20.26.28:851][  0]LogConfig: Setting CVar [[r.SkyAtmosphere.FastSkyLUT.SampleCountMin:4.0]]
[2020.03.19-20.26.28:851][  0]LogConfig: Setting CVar [[r.SkyAtmosphere.FastSkyLUT.SampleCountMax:32.0]]
[2020.03.19-20.26.28:852][  0]LogConfig: Setting CVar [[r.SkyAtmosphere.SampleCountMin:4.0]]
[2020.03.19-20.26.28:852][  0]LogConfig: Setting CVar [[r.SkyAtmosphere.SampleCountMax:32.0]]
[2020.03.19-20.26.28:852][  0]LogConfig: Setting CVar [[r.SkyAtmosphere.TransmittanceLUT.UseSmallFormat:0]]
[2020.03.19-20.26.28:852][  0]LogConfig: Setting CVar [[r.SkyAtmosphere.TransmittanceLUT.SampleCount:10.0]]
[2020.03.19-20.26.28:852][  0]LogConfig: Setting CVar [[r.SkyAtmosphere.MultiScatteringLUT.SampleCount:15.0]]
[2020.03.19-20.26.28:852][  0]LogConfig: Applying CVar settings from Section [FoliageQuality@3] File [C:/Users/Gamer/Documents/GitHub/Project-Exodus/ProjectExodus/Saved/Config/Windows/Scalability.ini]
[2020.03.19-20.26.28:852][  0]LogConfig: Setting CVar [[foliage.DensityScale:1.0]]
[2020.03.19-20.26.28:852][  0]LogConfig: Setting CVar [[grass.DensityScale:1.0]]
[2020.03.19-20.26.28:852][  0]LogConfig: Applying CVar settings from Section [ShadingQuality@3] File [C:/Users/Gamer/Documents/GitHub/Project-Exodus/ProjectExodus/Saved/Config/Windows/Scalability.ini]
[2020.03.19-20.26.28:852][  0]LogConfig: Setting CVar [[r.HairStrands.SkyLighting.SampleCount:16]]
[2020.03.19-20.26.28:852][  0]LogConfig: Setting CVar [[r.HairStrands.SkyLighting.JitterIntegration:0]]
[2020.03.19-20.26.28:852][  0]LogConfig: Setting CVar [[r.HairStrands.SkyAO.SampleCount:16]]
[2020.03.19-20.26.28:852][  0]LogConfig: Applying CVar settings from Section [Startup] File [../../../Engine/Config/ConsoleVariables.ini]
[2020.03.19-20.26.28:852][  0]LogConfig: Setting CVar [[net.UseAdaptiveNetUpdateFrequency:0]]
[2020.03.19-20.26.28:852][  0]LogConfig: Setting CVar [[p.chaos.AllowCreatePhysxBodies:1]]
[2020.03.19-20.26.28:852][  0]LogConfig: Applying CVar settings from Section [ConsoleVariables] File [C:/Users/Gamer/Documents/GitHub/Project-Exodus/ProjectExodus/Saved/Config/Windows/Engine.ini]
[2020.03.19-20.26.28:852][  0]LogInit: Computer: DESKTOP-FOO305E
[2020.03.19-20.26.28:852][  0]LogInit: User: Gamer
[2020.03.19-20.26.28:852][  0]LogInit: CPU Page size=4096, Cores=2
[2020.03.19-20.26.28:852][  0]LogInit: High frequency timer resolution =10.000000 MHz
[2020.03.19-20.26.28:852][  0]LogMemory: Memory total: Physical=8.0GB (8GB approx)
[2020.03.19-20.26.28:852][  0]LogMemory: Platform Memory Stats for Windows
[2020.03.19-20.26.28:853][  0]LogMemory: Process Physical Memory: 105.29 MB used, 105.29 MB peak
[2020.03.19-20.26.28:853][  0]LogMemory: Process Virtual Memory: 99.73 MB used, 99.73 MB peak
[2020.03.19-20.26.28:853][  0]LogMemory: Physical Memory: 3836.46 MB used,  4332.97 MB free, 8169.43 MB total
[2020.03.19-20.26.28:853][  0]LogMemory: Virtual Memory: 5117.18 MB used,  134212608.00 MB free, 134217728.00 MB total
[2020.03.19-20.26.28:907][  0]LogWindows: WindowsPlatformFeatures enabled
[2020.03.19-20.26.29:192][  0]LogInit: Using OS detected language (en-GB).
[2020.03.19-20.26.29:192][  0]LogInit: Using OS detected locale (en-GB).
[2020.03.19-20.26.29:218][  0]LogTextLocalizationManager: No specific localization for 'en-GB' exists, so the 'en' localization will be used.
[2020.03.19-20.26.30:032][  0]LogInit: Setting process to per monitor DPI aware
[2020.03.19-20.26.30:601][  0]LogSlate: New Slate User Created.  User Index 0, Is Virtual User: 0
[2020.03.19-20.26.30:602][  0]LogSlate: Slate User Registered.  User Index 0, Is Virtual User: 0
[2020.03.19-20.26.36:243][  0]LogHMD: Failed to initialize OpenVR with code 101
[2020.03.19-20.26.36:243][  0]LogD3D11RHI: D3D11 min allowed feature level: 11_0
[2020.03.19-20.26.36:243][  0]LogD3D11RHI: D3D11 max allowed feature level: 11_0
[2020.03.19-20.26.36:243][  0]LogD3D11RHI: D3D11 adapters:
[2020.03.19-20.26.36:591][  0]LogD3D11RHI:    0. 'NVIDIA GeForce GTX 1050' (Feature Level 11_0)
[2020.03.19-20.26.36:591][  0]LogD3D11RHI:       1977/0/4084 MB DedicatedVideo/DedicatedSystem/SharedSystem, Outputs:2, VendorId:0x10de
[2020.03.19-20.26.36:650][  0]LogD3D11RHI:    1. 'Microsoft Basic Render Driver' (Feature Level 11_0)
[2020.03.19-20.26.36:650][  0]LogD3D11RHI:       0/0/4084 MB DedicatedVideo/DedicatedSystem/SharedSystem, Outputs:0, VendorId:0x1414
[2020.03.19-20.26.36:650][  0]LogD3D11RHI: Chosen D3D11 Adapter: 0
[2020.03.19-20.26.36:656][  0]LogD3D11RHI: Creating new Direct3DDevice
[2020.03.19-20.26.36:656][  0]LogD3D11RHI:     GPU DeviceId: 0x1c81 (for the marketing name, search the web for "GPU Device Id")
[2020.03.19-20.26.36:656][  0]LogWindows: EnumDisplayDevices:
[2020.03.19-20.26.36:656][  0]LogWindows:    0. 'NVIDIA GeForce GTX 1050' (P:1 D:1)
[2020.03.19-20.26.36:657][  0]LogWindows:    1. 'NVIDIA GeForce GTX 1050' (P:0 D:1)
[2020.03.19-20.26.36:657][  0]LogWindows:    2. 'NVIDIA GeForce GTX 1050' (P:0 D:0)
[2020.03.19-20.26.36:657][  0]LogWindows:    3. 'NVIDIA GeForce GTX 1050' (P:0 D:0)
[2020.03.19-20.26.36:657][  0]LogWindows: DebugString: FoundDriverCount:4 
[2020.03.19-20.26.36:657][  0]LogD3D11RHI:     Adapter Name: NVIDIA GeForce GTX 1050
[2020.03.19-20.26.36:657][  0]LogD3D11RHI:   Driver Version: 442.50 (internal:26.21.14.4250, unified:442.50)
[2020.03.19-20.26.36:657][  0]LogD3D11RHI:      Driver Date: 2-24-2020
[2020.03.19-20.26.36:657][  0]LogRHI: Texture pool is 1384 MB (70% of 1977 MB)
[2020.03.19-20.26.36:725][  0]LogD3D11RHI: RHI has support for 64 bit atomics
[2020.03.19-20.26.36:726][  0]LogD3D11RHI: Async texture creation enabled
[2020.03.19-20.26.36:813][  0]LogD3D11RHI: GPU Timing Frequency: 1000.000000 (Debug: 2 1)
[2020.03.19-20.26.37:363][  0]LogTargetPlatformManager: Display: Loaded TargetPlatform 'AllDesktop'
[2020.03.19-20.26.37:503][  0]LogTargetPlatformManager: Display: Loaded TargetPlatform 'Android'
[2020.03.19-20.26.37:503][  0]LogTargetPlatformManager: Display: Loaded TargetPlatform 'Android_ASTC'
[2020.03.19-20.26.37:503][  0]LogTargetPlatformManager: Display: Loaded TargetPlatform 'Android_ATC'
[2020.03.19-20.26.37:503][  0]LogTargetPlatformManager: Display: Loaded TargetPlatform 'Android_DXT'
[2020.03.19-20.26.37:503][  0]LogTargetPlatformManager: Display: Loaded TargetPlatform 'Android_ETC1'
[2020.03.19-20.26.37:503][  0]LogTargetPlatformManager: Display: Loaded TargetPlatform 'Android_ETC1a'
[2020.03.19-20.26.37:503][  0]LogTargetPlatformManager: Display: Loaded TargetPlatform 'Android_ETC2'
[2020.03.19-20.26.37:503][  0]LogTargetPlatformManager: Display: Loaded TargetPlatform 'Android_PVRTC'
[2020.03.19-20.26.37:503][  0]LogTargetPlatformManager: Display: Loaded TargetPlatform 'AndroidClient'
[2020.03.19-20.26.37:503][  0]LogTargetPlatformManager: Display: Loaded TargetPlatform 'Android_ASTCClient'
[2020.03.19-20.26.37:503][  0]LogTargetPlatformManager: Display: Loaded TargetPlatform 'Android_ATCClient'
[2020.03.19-20.26.37:503][  0]LogTargetPlatformManager: Display: Loaded TargetPlatform 'Android_DXTClient'
[2020.03.19-20.26.37:503][  0]LogTargetPlatformManager: Display: Loaded TargetPlatform 'Android_ETC1Client'
[2020.03.19-20.26.37:503][  0]LogTargetPlatformManager: Display: Loaded TargetPlatform 'Android_ETC1aClient'
[2020.03.19-20.26.37:503][  0]LogTargetPlatformManager: Display: Loaded TargetPlatform 'Android_ETC2Client'
[2020.03.19-20.26.37:503][  0]LogTargetPlatformManager: Display: Loaded TargetPlatform 'Android_PVRTCClient'
[2020.03.19-20.26.37:503][  0]LogTargetPlatformManager: Display: Loaded TargetPlatform 'Android_Multi'
[2020.03.19-20.26.37:503][  0]LogTargetPlatformManager: Display: Loaded TargetPlatform 'Android_MultiClient'
[2020.03.19-20.26.37:594][  0]LogTargetPlatformManager: Display: Loaded TargetPlatform 'IOSClient'
[2020.03.19-20.26.37:594][  0]LogTargetPlatformManager: Display: Loaded TargetPlatform 'IOS'
[2020.03.19-20.26.37:634][  0]LogTargetPlatformManager: Display: Loaded TargetPlatform 'LinuxNoEditor'
[2020.03.19-20.26.37:668][  0]LogTargetPlatformManager: Display: Loaded TargetPlatform 'LinuxClient'
[2020.03.19-20.26.37:686][  0]LogTargetPlatformManager: Display: Loaded TargetPlatform 'LinuxServer'
[2020.03.19-20.26.37:706][  0]LogTargetPlatformManager: Display: Loaded TargetPlatform 'LinuxAArch64NoEditor'
[2020.03.19-20.26.37:727][  0]LogTargetPlatformManager: Display: Loaded TargetPlatform 'LinuxAArch64Client'
[2020.03.19-20.26.37:739][  0]LogTargetPlatformManager: Display: Loaded TargetPlatform 'LinuxAArch64Server'
[2020.03.19-20.26.37:823][  0]LogTargetPlatformManager: Display: Loaded TargetPlatform 'Lumin'
[2020.03.19-20.26.37:823][  0]LogTargetPlatformManager: Display: Loaded TargetPlatform 'LuminClient'
[2020.03.19-20.26.37:894][  0]LogTargetPlatformManager: Display: Loaded TargetPlatform 'TVOSClient'
[2020.03.19-20.26.37:894][  0]LogTargetPlatformManager: Display: Loaded TargetPlatform 'TVOS'
[2020.03.19-20.26.37:912][  0]LogTargetPlatformManager: Display: Loaded TargetPlatform 'WindowsNoEditor'
[2020.03.19-20.26.37:926][  0]LogTargetPlatformManager: Display: Loaded TargetPlatform 'Windows'
[2020.03.19-20.26.37:944][  0]LogTargetPlatformManager: Display: Loaded TargetPlatform 'WindowsClient'
[2020.03.19-20.26.37:957][  0]LogTargetPlatformManager: Display: Loaded TargetPlatform 'WindowsServer'
[2020.03.19-20.26.37:957][  0]LogTargetPlatformManager: Display: Building Assets For Windows
[2020.03.19-20.26.38:032][  0]LogAudioDebug: Display: Lib vorbis DLL was dynamically loaded.
[2020.03.19-20.26.38:368][  0]LogShaderCompilers: Guid format shader working directory is -29 characters bigger than the processId version (../../../../../../Users/Gamer/Documents/GitHub/Project-Exodus/ProjectExodus/Intermediate/Shaders/WorkingDirectory/8792/).
[2020.03.19-20.26.38:368][  0]LogShaderCompilers: Cleaned the shader compiler working directory 'C:/Users/Gamer/AppData/Local/Temp/UnrealShaderWorkingDir/A6D9A52E4179440FE02D7097582A8201/'.
[2020.03.19-20.26.38:375][  0]LogXGEController: Cleaning working directory: C:/Users/Gamer/AppData/Local/Temp/UnrealXGEWorkingDir/
[2020.03.19-20.26.38:376][  0]LogXGEController: Cannot use XGE Controller as Incredibuild is not installed on this machine.
[2020.03.19-20.26.38:376][  0]LogShaderCompilers: Cannot use XGE Shader Compiler as Incredibuild is not installed on this machine.
[2020.03.19-20.26.38:376][  0]LogShaderCompilers: Display: Using Local Shader Compiler.
[2020.03.19-20.26.45:751][  0]LogDerivedDataCache: Display: Max Cache Size: 512 MB
[2020.03.19-20.26.46:580][  0]LogDerivedDataCache: Loaded boot cache 0.81s 83MB C:/Users/Gamer/AppData/Local/UnrealEngine/4.24/DerivedDataCache/Boot.ddc.
[2020.03.19-20.26.46:580][  0]LogDerivedDataCache: Display: Loaded Boot cache: C:/Users/Gamer/AppData/Local/UnrealEngine/4.24/DerivedDataCache/Boot.ddc
[2020.03.19-20.26.46:580][  0]LogDerivedDataCache: FDerivedDataBackendGraph:  Pak pak cache file ../../../../../../Users/Gamer/Documents/GitHub/Project-Exodus/ProjectExodus/DerivedDataCache/DDC.ddp not found, will not use a pak cache.
[2020.03.19-20.26.46:580][  0]LogDerivedDataCache: Unable to find inner node Pak for hierarchical cache Hierarchy.
[2020.03.19-20.26.46:580][  0]LogDerivedDataCache: FDerivedDataBackendGraph:  CompressedPak pak cache file ../../../../../../Users/Gamer/Documents/GitHub/Project-Exodus/ProjectExodus/DerivedDataCache/Compressed.ddp not found, will not use a pak cache.
[2020.03.19-20.26.46:580][  0]LogDerivedDataCache: Unable to find inner node CompressedPak for hierarchical cache Hierarchy.
[2020.03.19-20.26.46:603][  0]LogDerivedDataCache: Display: Pak cache opened for reading ../../../Engine/DerivedDataCache/Compressed.ddp.
[2020.03.19-20.26.46:603][  0]LogDerivedDataCache: FDerivedDataBackendGraph:  EnterprisePak pak cache file ../../../Enterprise/DerivedDataCache/Compressed.ddp not found, will not use a pak cache.
[2020.03.19-20.26.46:603][  0]LogDerivedDataCache: Unable to find inner node EnterprisePak for hierarchical cache Hierarchy.
[2020.03.19-20.26.46:605][  0]LogDerivedDataCache: Using Local data cache path C:/Users/Gamer/AppData/Local/UnrealEngine/Common/DerivedDataCache: Writable
[2020.03.19-20.26.46:605][  0]LogDerivedDataCache: Shared data cache path not found in *engine.ini, will not use an Shared cache.
[2020.03.19-20.26.46:605][  0]LogDerivedDataCache: Unable to find inner node Shared for hierarchical cache Hierarchy.
[2020.03.19-20.26.46:644][  0]LogMaterial: Verifying Global Shaders for PCD3D_SM5
[2020.03.19-20.26.46:689][  0]LogSlate: Using FreeType 2.10.0
[2020.03.19-20.26.46:795][  0]LogSlate: SlateFontServices - WITH_FREETYPE: 1, WITH_HARFBUZZ: 1
[2020.03.19-20.26.48:394][  0]LogAssetRegistry: FAssetRegistry took 0.0031 seconds to start up
[2020.03.19-20.26.48:837][  0]LogInit: Selected Device Profile: [Windows]
[2020.03.19-20.26.49:404][  0]LogMeshReduction: Using QuadricMeshReduction for automatic static mesh reduction
[2020.03.19-20.26.49:404][  0]LogMeshReduction: Using SimplygonMeshReduction for automatic skeletal mesh reduction
[2020.03.19-20.26.49:404][  0]LogMeshReduction: Using ProxyLODMeshReduction for automatic mesh merging
[2020.03.19-20.26.49:404][  0]LogMeshReduction: No distributed automatic mesh merging module available
[2020.03.19-20.26.49:404][  0]LogMeshMerging: No distributed automatic mesh merging module available
[2020.03.19-20.26.49:439][  0]LogNetVersion: ProjectExodus 1.0.0, NetCL: 10570792, EngineNetVer: 13, GameNetVer: 0 (Checksum: 3289163539)
[2020.03.19-20.27.06:106][  0]LogPackageLocalizationCache: Processed 10 localized package path(s) for 1 prioritized culture(s) in 0.154372 seconds
[2020.03.19-20.27.06:115][  0]LogUObjectArray: 46750 objects as part of root set at end of initial load.
[2020.03.19-20.27.06:115][  0]LogUObjectAllocator: 8137160 out of 0 bytes used by permanent object pool.
[2020.03.19-20.27.06:115][  0]LogUObjectArray: CloseDisregardForGC: 0/0 objects in disregard for GC pool
[2020.03.19-20.27.08:216][  0]LogTcpMessaging: Initializing TcpMessaging bridge
[2020.03.19-20.27.08:231][  0]LogUdpMessaging: Initializing bridge on interface 0.0.0.0:0 to multicast group 230.0.0.1:6666.
[2020.03.19-20.27.08:581][  0]LogLinker: Warning: Failed to load '/Game/StaticMeshes/Drone_low1': Can't find file.
[2020.03.19-20.27.08:581][  0]LogLinker: Warning: Failed to load '/Game/StaticMeshes/Drone_low1': Can't find file.
[2020.03.19-20.27.08:581][  0]LogUObjectGlobals: Warning: Failed to find object 'StaticMesh /Game/StaticMeshes/Drone_low1.Drone_low1'
[2020.03.19-20.27.08:581][  0]Error: CDO Constructor (Boid): Failed to find /Game/StaticMeshes/Drone_low1

[2020.03.19-20.27.08:742][  0]LogLinker: Warning: Failed to load '/Game/Particles/P_Explode': Can't find file.
[2020.03.19-20.27.08:743][  0]LogLinker: Warning: Failed to load '/Game/Particles/P_Explode': Can't find file.
[2020.03.19-20.27.08:743][  0]LogUObjectGlobals: Warning: Failed to find object 'ParticleSystem /Game/Particles/P_Explode.P_Explode'
[2020.03.19-20.27.08:743][  0]Error: CDO Constructor (Boid): Failed to find /Game/Particles/P_Explode

[2020.03.19-20.27.08:752][  0]LogLinker: Warning: Failed to load '/Game/Particles/P_Field': Can't find file.
[2020.03.19-20.27.08:752][  0]LogLinker: Warning: Failed to load '/Game/Particles/P_Field': Can't find file.
[2020.03.19-20.27.08:752][  0]LogUObjectGlobals: Warning: Failed to find object 'ParticleSystem /Game/Particles/P_Field.P_Field'
[2020.03.19-20.27.08:752][  0]Error: CDO Constructor (Boid): Failed to find /Game/Particles/P_Field

[2020.03.19-20.27.08:754][  0]LogTemp: Warning: GameInstance Constructor
[2020.03.19-20.27.08:754][  0]LogUObjectBase: Warning: -------------- Default Property warnings and errors:
[2020.03.19-20.27.08:754][  0]LogUObjectBase: Warning: Error: CDO Constructor (Boid): Failed to find /Game/StaticMeshes/Drone_low1

[2020.03.19-20.27.08:754][  0]LogUObjectBase: Warning: Error: CDO Constructor (Boid): Failed to find /Game/Particles/P_Explode

[2020.03.19-20.27.08:754][  0]LogUObjectBase: Warning: Error: CDO Constructor (Boid): Failed to find /Game/Particles/P_Field

[2020.03.19-20.27.19:744][  0]LogWindowsTextInputMethodSystem: Display: IME system now deactivated.
[2020.03.19-20.27.19:747][  0]LogWindowsTextInputMethodSystem: Display: IME system now deactivated.
[2020.03.19-20.27.20:002][  0]SourceControl: Source control is disabled
[2020.03.19-20.27.20:002][  0]SourceControl: Source control is disabled
[2020.03.19-20.27.20:022][  0]SourceControl: Source control is disabled
[2020.03.19-20.27.20:082][  0]SourceControl: Source control is disabled
[2020.03.19-20.27.20:097][  0]SourceControl: Source control is disabled
[2020.03.19-20.27.20:859][  0]LogAndroidPermission: UAndroidPermissionCallbackProxy::GetInstance
[2020.03.19-20.27.20:935][  0]LogAudioCaptureCore: Display: No Audio Capture implementations found. Audio input will be silent.
[2020.03.19-20.27.20:935][  0]LogAudioCaptureCore: Display: No Audio Capture implementations found. Audio input will be silent.
[2020.03.19-20.27.21:552][  0]LogOcInput: OculusInput pre-init called
[2020.03.19-20.27.21:622][  0]LogWindows: Failed to load 'OVRPlugin.dll' (GetLastError=126)
[2020.03.19-20.27.21:622][  0]LogWindows: File 'OVRPlugin.dll' does not exist
[2020.03.19-20.27.21:845][  0]LogEngine: Initializing Engine...
[2020.03.19-20.27.21:847][  0]LogHMD: Failed to initialize OpenVR with code 101
[2020.03.19-20.27.21:848][  0]LogStats: UGameplayTagsManager::InitializeManager -  0.000 s
[2020.03.19-20.27.22:330][  0]LogInit: Initializing FReadOnlyCVARCache
[2020.03.19-20.27.22:413][  0]LogAIModule: Creating AISystem for world Untitled
[2020.03.19-20.27.22:430][  0]LogAudioMixer: Display: Audio Mixer Platform Settings:
[2020.03.19-20.27.22:431][  0]LogAudioMixer: Display: 	Sample Rate:						  48000
[2020.03.19-20.27.22:431][  0]LogAudioMixer: Display: 	Callback Buffer Frame Size Requested: 1024
[2020.03.19-20.27.22:431][  0]LogAudioMixer: Display: 	Callback Buffer Frame Size To Use:	  1024
[2020.03.19-20.27.22:431][  0]LogAudioMixer: Display: 	Number of buffers to queue:			  2
[2020.03.19-20.27.22:431][  0]LogAudioMixer: Display: 	Max Channels (voices):				  32
[2020.03.19-20.27.22:431][  0]LogAudioMixer: Display: 	Number of Async Source Workers:		  0
[2020.03.19-20.27.22:431][  0]LogAudio: Display: AudioDevice MaxSources: 32
[2020.03.19-20.27.22:431][  0]LogAudio: Display: Using built-in audio occlusion.
[2020.03.19-20.27.22:431][  0]LogAudioMixer: Display: Initializing audio mixer.
[2020.03.19-20.27.22:532][  0]LogAudioMixer: Display: Audio Device Output Speaker Info:
[2020.03.19-20.27.22:532][  0]LogAudioMixer: Display: Name: Speakers (Realtek High Definition Audio)
[2020.03.19-20.27.22:532][  0]LogAudioMixer: Display: Is Default: Yes
[2020.03.19-20.27.22:532][  0]LogAudioMixer: Display: Sample Rate: 48000
[2020.03.19-20.27.22:532][  0]LogAudioMixer: Display: Channel Count Used: 2
[2020.03.19-20.27.22:532][  0]LogAudioMixer: Display: Device Channel Count: 2
[2020.03.19-20.27.22:532][  0]LogAudioMixer: Display: Channel Order:
[2020.03.19-20.27.22:532][  0]LogAudioMixer: Display: 0: FrontLeft
[2020.03.19-20.27.22:532][  0]LogAudioMixer: Display: 1: FrontRight
[2020.03.19-20.27.22:905][  0]LogAudioMixer: Display: Using Audio Device Speakers (Realtek High Definition Audio)
[2020.03.19-20.27.22:908][  0]LogInit: FAudioDevice initialized.
[2020.03.19-20.27.22:909][  0]LogNetVersion: Set ProjectVersion to 1.0.0.0. Version Checksum will be recalculated on next use.
[2020.03.19-20.27.23:055][  0]LogDerivedDataCache: Saved boot cache 0.15s 83MB C:/Users/Gamer/AppData/Local/UnrealEngine/4.24/DerivedDataCache/Boot.ddc.
[2020.03.19-20.27.23:066][  0]LogInit: Texture streaming: Enabled
[2020.03.19-20.27.23:275][  0]LogEngineSessionManager: EngineSessionManager initialized
[2020.03.19-20.27.23:275][  0]LogEditorSessionSummary: Verbose: Initializing EditorSessionSummaryWriter for editor session tracking
[2020.03.19-20.27.23:666][  0]LogEditorSessionSummary: EditorSessionSummaryWriter initialized
[2020.03.19-20.27.24:326][  0]LogInit: Transaction tracking system initialized
[2020.03.19-20.27.25:207][  0]BlueprintLog: New page: Editor Load
[2020.03.19-20.27.25:893][  0]LocalizationService: Localization service is disabled
[2020.03.19-20.27.26:387][  0]LogLinker: Warning: Failed to load '/Game/ThirdPersonBP/ThirdPersonOverview': Can't find file.
[2020.03.19-20.27.26:387][  0]LogLinker: Warning: Failed to load '/Game/ThirdPersonBP/ThirdPersonOverview': Can't find file.
[2020.03.19-20.27.26:388][  0]LogUObjectGlobals: Warning: Failed to find object 'Class /Game/ThirdPersonBP/ThirdPersonOverview.ThirdPersonOverview_C'
[2020.03.19-20.27.27:880][  0]LogFileCache: Scanning file cache for directory 'C:/Users/Gamer/Documents/GitHub/Project-Exodus/ProjectExodus/Content/' took 0.01s
[2020.03.19-20.27.27:880][  0]LogCook: Display: Max memory allowance for cook 16384mb min free memory 0mb
[2020.03.19-20.27.27:880][  0]LogCook: Display: Mobile HDR setting 1
[2020.03.19-20.27.31:792][  0]SourceControl: Source control is disabled
[2020.03.19-20.27.31:792][  0]Cmd: MAP LOAD FILE="../../../../../../Users/Gamer/Documents/GitHub/Project-Exodus/ProjectExodus/Content/Levels/MainMenuLevel.umap" TEMPLATE=0 SHOWPROGRESS=1 FEATURELEVEL=3
[2020.03.19-20.27.31:792][  0]LightingResults: New page: Lighting Build
[2020.03.19-20.27.31:859][  0]LogWorld: UWorld::CleanupWorld for Untitled, bSessionEnded=true, bCleanupResources=true
[2020.03.19-20.27.31:859][  0]LogSlate: InvalidateAllWidgets triggered.  All widgets were invalidated
[2020.03.19-20.27.31:859][  0]MapCheck: New page: Map Check
[2020.03.19-20.27.31:859][  0]LightingResults: New page: Lighting Build
[2020.03.19-20.27.31:887][  0]LogUObjectHash: Compacting FUObjectHashTables data took   2.55ms
[2020.03.19-20.27.32:130][  0]LogBlueprint: Warning: [Compiler RightHand_AnimBP] Could not find a variable named "Hand" in 'RightHand_AnimBP'.
Make sure 'RightHand_AnimBP' has been compiled for  Get Hand
[2020.03.19-20.27.34:161][  0]LogAIModule: Creating AISystem for world MainMenuLevel
[2020.03.19-20.27.34:171][  0]LogEditorServer: Finished looking for orphan Actors (0.000 secs)
[2020.03.19-20.27.34:204][  0]LogUObjectHash: Compacting FUObjectHashTables data took   3.75ms
[2020.03.19-20.27.34:204][  0]Cmd: MAP CHECKDEP NOCLEARLOG
[2020.03.19-20.27.34:205][  0]MapCheck: Map check complete: 0 Error(s), 0 Warning(s), took 0.24ms to complete.
[2020.03.19-20.27.34:205][  0]LogFileHelpers: Loading map 'MainMenuLevel' took 2.413
[2020.03.19-20.27.34:618][  0]LogSlate: Updating window title bar state: overlay mode, drag disabled, window buttons hidden, title bar hidden
[2020.03.19-20.27.34:629][  0]LogSlate: Updating window title bar state: overlay mode, drag disabled, window buttons hidden, title bar hidden
[2020.03.19-20.27.34:640][  0]LogSlate: Updating window title bar state: overlay mode, drag disabled, window buttons hidden, title bar hidden
[2020.03.19-20.27.34:651][  0]LogSlate: Updating window title bar state: overlay mode, drag disabled, window buttons hidden, title bar hidden
[2020.03.19-20.27.34:776][  0]LogCollectionManager: Loaded 0 collections in 0.001334 seconds
[2020.03.19-20.27.34:828][  0]LogFileCache: Scanning file cache for directory 'C:/Users/Gamer/Documents/GitHub/Project-Exodus/ProjectExodus/Saved/Collections/' took 0.00s
[2020.03.19-20.27.34:828][  0]LogFileCache: Scanning file cache for directory 'C:/Users/Gamer/Documents/GitHub/Project-Exodus/ProjectExodus/Content/Developers/Gamer/Collections/' took 0.00s
[2020.03.19-20.27.34:828][  0]LogFileCache: Scanning file cache for directory 'C:/Users/Gamer/Documents/GitHub/Project-Exodus/ProjectExodus/Content/Collections/' took 0.00s
[2020.03.19-20.27.34:828][  0]LogContentBrowser: Native class hierarchy populated in 0.0118 seconds. Added 3022 classes and 722 folders.
[2020.03.19-20.27.34:914][  0]LogContentBrowser: Native class hierarchy updated for 'WidgetCarousel' in 0.0005 seconds. Added 0 classes and 0 folders.
[2020.03.19-20.27.37:939][  0]LogContentBrowser: Native class hierarchy updated for 'AddContentDialog' in 0.0005 seconds. Added 0 classes and 0 folders.
[2020.03.19-20.27.37:983][  0]LogContentBrowser: Native class hierarchy updated for 'SceneOutliner' in 0.0005 seconds. Added 2 classes and 3 folders.
[2020.03.19-20.27.38:278][  0]LogSlate: Took 0.051380 seconds to synchronously load lazily loaded font '../../../Engine/Content/Slate/Fonts/Roboto-Regular.ttf' (155K)
[2020.03.19-20.27.38:333][  0]LogSlate: Took 0.053151 seconds to synchronously load lazily loaded font '../../../Engine/Content/Slate/Fonts/Roboto-Bold.ttf' (160K)
[2020.03.19-20.27.38:385][  0]LogSlate: Took 0.045369 seconds to synchronously load lazily loaded font '../../../Engine/Content/Editor/Slate/Fonts/FontAwesome.ttf' (139K)
[2020.03.19-20.27.38:617][  0]LogRenderer: Reallocating scene render targets to support 1192x628 Format 10 NumSamples 1 (Frame:1).
[2020.03.19-20.27.38:812][  0]LogContentBrowser: Native class hierarchy updated for 'HierarchicalLODOutliner' in 0.0005 seconds. Added 0 classes and 0 folders.
[2020.03.19-20.27.38:812][  0]LogLoad: (Engine Initialization) Total time: 73.14 seconds
[2020.03.19-20.27.38:812][  0]LogLoad: (Engine Initialization) Total Blueprint compile time: 0.00 seconds
[2020.03.19-20.27.38:823][  0]LogRawInputWindows: Warning: Found device 7 devices
[2020.03.19-20.27.38:824][  0]LogRawInputWindows: Warning: Found device 7 devices
[2020.03.19-20.27.38:824][  0]LogRawInputWindows: Warning: Device was registered succesfully but not connected (Usage:4 UsagePage:1)
[2020.03.19-20.27.38:824][  0]LogRawInputWindows: Warning: Found device 7 devices
[2020.03.19-20.27.38:824][  0]LogRawInputWindows: VenderID:45e ProductID:2ff
[2020.03.19-20.27.38:824][  0]LogRawInputWindows: Device was registered succesfully and is connected (Usage:5 UsagePage:1)
[2020.03.19-20.27.38:896][  0]LogContentStreaming: Texture pool size now 1000 MB
[2020.03.19-20.27.39:146][  0]LogSlate: Took 0.020597 seconds to synchronously load lazily loaded font '../../../Engine/Content/Slate/Fonts/Roboto-Light.ttf' (167K)
[2020.03.19-20.27.41:853][ 38]LogAssetRegistry: Asset discovery search completed in 53.4598 seconds
[2020.03.19-20.27.41:858][ 38]LogCollectionManager: Fixed up redirectors for 0 collections in 0.000014 seconds (updated 0 objects)
[2020.03.19-20.27.59:375][542]LogUObjectHash: Compacting FUObjectHashTables data took   1.82ms
[2020.03.19-20.27.59:454][542]LogSlate: Window 'ProjectExodus - Unreal Editor' being destroyed
[2020.03.19-20.27.59:455][542]LogWindowsTextInputMethodSystem: Display: IME system now deactivated.
[2020.03.19-20.27.59:603][543]Cmd: QUIT_EDITOR
[2020.03.19-20.27.59:603][543]LogCore: Engine exit requested (reason: UUnrealEdEngine::CloseEditor())
[2020.03.19-20.27.59:616][543]LogCore: Engine exit requested (reason: EngineExit() was called; note: exit was already requested)
[2020.03.19-20.27.59:616][543]LogAudioMixer: Display: No commands were queued while flushing the source manager.
[2020.03.19-20.27.59:706][543]LogExit: Preparing to exit.
[2020.03.19-20.28.00:392][543]LogDemo: Cleaned up 0 splitscreen connections with owner deletion
[2020.03.19-20.28.00:424][543]LogWorld: UWorld::CleanupWorld for None, bSessionEnded=true, bCleanupResources=true
[2020.03.19-20.28.00:424][543]LogExit: Editor shut down
[2020.03.19-20.28.00:428][543]LogExit: Transaction tracking system shut down
[2020.03.19-20.28.00:675][543]LogExit: Object subsystem successfully closed.
[2020.03.19-20.28.00:693][543]LogShaderCompilers: Display: Shaders left to compile 0
[2020.03.19-20.28.00:732][543]LogModuleManager: Shutting down and abandoning module HierarchicalLODOutliner (700)
[2020.03.19-20.28.00:732][543]LogModuleManager: Shutting down and abandoning module SceneOutliner (698)
[2020.03.19-20.28.00:732][543]LogModuleManager: Shutting down and abandoning module AddContentDialog (696)
[2020.03.19-20.28.00:732][543]LogModuleManager: Shutting down and abandoning module WidgetCarousel (695)
[2020.03.19-20.28.00:732][543]LogModuleManager: Shutting down and abandoning module EditorWidgets (692)
[2020.03.19-20.28.00:732][543]LogModuleManager: Shutting down and abandoning module CollectionManager (690)
[2020.03.19-20.28.00:733][543]LogModuleManager: Shutting down and abandoning module StatsViewer (688)
[2020.03.19-20.28.00:733][543]LogModuleManager: Shutting down and abandoning module VirtualTexturingEditor (686)
[2020.03.19-20.28.00:733][543]LogModuleManager: Shutting down and abandoning module FoliageEdit (684)
[2020.03.19-20.28.00:733][543]LogModuleManager: Shutting down and abandoning module LandscapeEditor (682)
[2020.03.19-20.28.00:733][543]LogModuleManager: Shutting down and abandoning module MeshPaintMode (680)
[2020.03.19-20.28.00:733][543]LogModuleManager: Shutting down and abandoning module SceneDepthPickerMode (678)
[2020.03.19-20.28.00:733][543]LogModuleManager: Shutting down and abandoning module ActorPickerMode (676)
[2020.03.19-20.28.00:733][543]LogModuleManager: Shutting down and abandoning module GeometryMode (674)
[2020.03.19-20.28.00:733][543]LogModuleManager: Shutting down and abandoning module TextureAlignMode (672)
[2020.03.19-20.28.00:733][543]LogModuleManager: Shutting down and abandoning module BspMode (670)
[2020.03.19-20.28.00:733][543]LogModuleManager: Shutting down and abandoning module PIEPreviewDeviceProfileSelector (668)
[2020.03.19-20.28.00:733][543]LogModuleManager: Shutting down and abandoning module SequenceRecorderSections (666)
[2020.03.19-20.28.00:733][543]LogModuleManager: Shutting down and abandoning module AutomationWorker (664)
[2020.03.19-20.28.00:733][543]LogModuleManager: Shutting down and abandoning module SteamVREditor (662)
[2020.03.19-20.28.00:733][543]LogModuleManager: Shutting down and abandoning module OculusMR (660)
[2020.03.19-20.28.00:733][543]LogModuleManager: Shutting down and abandoning module AudioCaptureEditor (658)
[2020.03.19-20.28.00:733][543]LogModuleManager: Shutting down and abandoning module MatineeToLevelSequence (656)
[2020.03.19-20.28.00:733][543]LogModuleManager: Shutting down and abandoning module LevelSequenceEditor (654)
[2020.03.19-20.28.00:733][543]LogModuleManager: Shutting down and abandoning module PlacementMode (653)
[2020.03.19-20.28.00:733][543]LogModuleManager: Shutting down and abandoning module MaterialEditor (652)
[2020.03.19-20.28.00:733][543]LogModuleManager: Shutting down and abandoning module ActorSequenceEditor (648)
[2020.03.19-20.28.00:733][543]LogModuleManager: Shutting down and abandoning module WmfMediaFactory (646)
[2020.03.19-20.28.00:733][543]LogModuleManager: Shutting down and abandoning module WmfMediaEditor (644)
[2020.03.19-20.28.00:733][543]LogModuleManager: Shutting down and abandoning module WebMMediaFactory (642)
[2020.03.19-20.28.00:733][543]LogModuleManager: Shutting down and abandoning module WebMMediaEditor (640)
[2020.03.19-20.28.00:733][543]LogModuleManager: Shutting down and abandoning module WebMMedia (638)
[2020.03.19-20.28.00:733][543]LogModuleManager: Shutting down and abandoning module MediaPlayerEditor (636)
[2020.03.19-20.28.00:733][543]LogModuleManager: Shutting down and abandoning module MediaCompositingEditor (634)
[2020.03.19-20.28.00:734][543]LogModuleManager: Shutting down and abandoning module SequenceRecorder (633)
[2020.03.19-20.28.00:734][543]LogModuleManager: Shutting down and abandoning module OpenExrWrapper (630)
[2020.03.19-20.28.00:734][543]LogModuleManager: Shutting down and abandoning module ImgMediaFactory (628)
[2020.03.19-20.28.00:734][543]LogModuleManager: Shutting down and abandoning module ImgMediaEditor (626)
[2020.03.19-20.28.00:734][543]LogModuleManager: Shutting down and abandoning module AvfMediaFactory (624)
[2020.03.19-20.28.00:734][543]LogModuleManager: Shutting down and abandoning module AvfMediaEditor (622)
[2020.03.19-20.28.00:734][543]LogModuleManager: Shutting down and abandoning module AndroidMediaFactory (620)
[2020.03.19-20.28.00:734][543]LogModuleManager: Shutting down and abandoning module AndroidMediaEditor (618)
[2020.03.19-20.28.00:734][543]LogModuleManager: Shutting down and abandoning module MagicLeapMediaCodecFactory (616)
[2020.03.19-20.28.00:734][543]LogModuleManager: Shutting down and abandoning module MagicLeapMediaFactory (614)
[2020.03.19-20.28.00:734][543]LogModuleManager: Shutting down and abandoning module MagicLeapMediaEditor (612)
[2020.03.19-20.28.00:734][543]LogModuleManager: Shutting down and abandoning module CharacterAI (610)
[2020.03.19-20.28.00:734][543]LogModuleManager: Shutting down and abandoning module SmartSnapping (608)
[2020.03.19-20.28.00:734][543]LogModuleManager: Shutting down and abandoning module SessionServices (606)
[2020.03.19-20.28.00:734][543]LogModuleManager: Shutting down and abandoning module MeshPaint (604)
[2020.03.19-20.28.00:734][543]LogModuleManager: Shutting down and abandoning module ViewportSnapping (602)
[2020.03.19-20.28.00:734][543]LogModuleManager: Shutting down and abandoning module ViewportInteraction (600)
[2020.03.19-20.28.00:734][543]LogModuleManager: Shutting down and abandoning module ClothPainter (598)
[2020.03.19-20.28.00:734][543]LogModuleManager: Shutting down and abandoning module SkeletalMeshEditor (597)
[2020.03.19-20.28.00:734][543]LogModuleManager: Shutting down and abandoning module LogVisualizer (594)
[2020.03.19-20.28.00:734][543]LogModuleManager: Shutting down and abandoning module IntroTutorials (592)
[2020.03.19-20.28.00:734][543]LogModuleManager: Shutting down and abandoning module GameProjectGeneration (591)
[2020.03.19-20.28.00:734][543]LogModuleManager: Shutting down and abandoning module LuminPlatformEditor (588)
[2020.03.19-20.28.00:734][543]LogModuleManager: Shutting down and abandoning module IOSPlatformEditor (586)
[2020.03.19-20.28.00:734][543]LogModuleManager: Shutting down and abandoning module AndroidPlatformEditor (584)
[2020.03.19-20.28.00:734][543]LogModuleManager: Shutting down and abandoning module AndroidDeviceDetection (583)
[2020.03.19-20.28.01:314][543]LogModuleManager: Shutting down and abandoning module WindowsPlatformEditor (580)
[2020.03.19-20.28.01:314][543]LogModuleManager: Shutting down and abandoning module LuminRuntimeSettings (578)
[2020.03.19-20.28.01:314][543]LogModuleManager: Shutting down and abandoning module IOSRuntimeSettings (576)
[2020.03.19-20.28.01:314][543]LogModuleManager: Shutting down and abandoning module AndroidRuntimeSettings (574)
[2020.03.19-20.28.01:314][543]LogModuleManager: Shutting down and abandoning module EditorInteractiveToolsFramework (572)
[2020.03.19-20.28.01:314][543]LogModuleManager: Shutting down and abandoning module TimeManagementEditor (570)
[2020.03.19-20.28.01:314][543]LogModuleManager: Shutting down and abandoning module InputBindingEditor (568)
[2020.03.19-20.28.01:314][543]LogModuleManager: Shutting down and abandoning module MergeActors (566)
[2020.03.19-20.28.01:314][543]LogModuleManager: Shutting down and abandoning module LocalizationDashboard (564)
[2020.03.19-20.28.01:314][543]LogModuleManager: Shutting down and abandoning module LocalizationService (563)
[2020.03.19-20.28.01:314][543]LogModuleManager: Shutting down and abandoning module HardwareTargeting (560)
[2020.03.19-20.28.01:314][543]LogModuleManager: Shutting down and abandoning module DeviceProfileEditor (558)
[2020.03.19-20.28.01:314][543]LogModuleManager: Shutting down and abandoning module UndoHistory (556)
[2020.03.19-20.28.01:314][543]LogModuleManager: Shutting down and abandoning module XmlParser (554)
[2020.03.19-20.28.01:314][543]LogModuleManager: Shutting down and abandoning module Blutility (552)
[2020.03.19-20.28.01:314][543]LogModuleManager: Shutting down and abandoning module ProjectSettingsViewer (550)
[2020.03.19-20.28.01:314][543]LogModuleManager: Shutting down and abandoning module ProjectTargetPlatformEditor (549)
[2020.03.19-20.28.01:314][543]LogModuleManager: Shutting down and abandoning module EditorSettingsViewer (546)
[2020.03.19-20.28.01:314][543]LogModuleManager: Shutting down and abandoning module SettingsEditor (544)
[2020.03.19-20.28.01:314][543]LogModuleManager: Shutting down and abandoning module ProjectLauncher (542)
[2020.03.19-20.28.01:314][543]LogModuleManager: Shutting down and abandoning module SessionFrontend (540)
[2020.03.19-20.28.01:314][543]LogModuleManager: Shutting down and abandoning module ProfilerClient (538)
[2020.03.19-20.28.01:315][543]LogModuleManager: Shutting down and abandoning module DeviceManager (536)
[2020.03.19-20.28.01:315][543]LogModuleManager: Shutting down and abandoning module TargetDeviceServices (535)
[2020.03.19-20.28.01:348][543]LogModuleManager: Shutting down and abandoning module AutomationController (532)
[2020.03.19-20.28.01:348][543]LogModuleManager: Shutting down and abandoning module AutomationWindow (530)
[2020.03.19-20.28.01:348][543]LogModuleManager: Shutting down and abandoning module Layers (528)
[2020.03.19-20.28.01:348][543]LogModuleManager: Shutting down and abandoning module ComponentVisualizers (526)
[2020.03.19-20.28.01:348][543]LogModuleManager: Shutting down and abandoning module DetailCustomizations (524)
[2020.03.19-20.28.01:348][543]LogModuleManager: Shutting down and abandoning module PackagesDialog (522)
[2020.03.19-20.28.01:348][543]LogModuleManager: Shutting down and abandoning module AnimationBlueprintEditor (520)
[2020.03.19-20.28.01:348][543]LogModuleManager: Shutting down and abandoning module Persona (518)
[2020.03.19-20.28.01:348][543]LogModuleManager: Shutting down and abandoning module AdvancedPreviewScene (517)
[2020.03.19-20.28.01:348][543]LogModuleManager: Shutting down and abandoning module AnimGraph (515)
[2020.03.19-20.28.01:348][543]LogModuleManager: Shutting down and abandoning module Kismet (512)
[2020.03.19-20.28.01:349][543]LogModuleManager: Shutting down and abandoning module KismetWidgets (511)
[2020.03.19-20.28.01:349][543]LogModuleManager: Shutting down and abandoning module GraphEditor (508)
[2020.03.19-20.28.01:349][543]LogModuleManager: Shutting down and abandoning module StructViewer (506)
[2020.03.19-20.28.01:349][543]LogModuleManager: Shutting down and abandoning module ClassViewer (504)
[2020.03.19-20.28.01:349][543]LogModuleManager: Shutting down and abandoning module Toolbox (502)
[2020.03.19-20.28.01:349][543]LogModuleManager: Shutting down and abandoning module ModuleUI (500)
[2020.03.19-20.28.01:349][543]LogModuleManager: Shutting down and abandoning module OutputLog (498)
[2020.03.19-20.28.01:349][543]LogModuleManager: Shutting down and abandoning module GammaUI (496)
[2020.03.19-20.28.01:349][543]LogModuleManager: Shutting down and abandoning module Documentation (494)
[2020.03.19-20.28.01:349][543]LogModuleManager: Shutting down and abandoning module ToolMenus (492)
[2020.03.19-20.28.01:349][543]LogModuleManager: Shutting down and abandoning module LiveCoding (490)
[2020.03.19-20.28.01:349][543]LogModuleManager: Shutting down and abandoning module LevelSequence (488)
[2020.03.19-20.28.01:349][543]LogModuleManager: Shutting down and abandoning module MovieSceneTracks (486)
[2020.03.19-20.28.01:349][543]LogModuleManager: Shutting down and abandoning module MovieScene (484)
[2020.03.19-20.28.01:349][543]LogModuleManager: Shutting down and abandoning module StreamingPauseRendering (482)
[2020.03.19-20.28.01:349][543]LogModuleManager: Shutting down and abandoning module LauncherPlatform (480)
[2020.03.19-20.28.01:349][543]LogModuleManager: Shutting down and abandoning module AnalyticsET (478)
[2020.03.19-20.28.01:349][543]LogModuleManager: Shutting down and abandoning module PortalServices (476)
[2020.03.19-20.28.01:349][543]LogModuleManager: Shutting down and abandoning module PortalRpc (474)
[2020.03.19-20.28.01:349][543]LogModuleManager: Shutting down and abandoning module MessagingRpc (472)
[2020.03.19-20.28.01:349][543]LogModuleManager: Shutting down and abandoning module AudioMixerXAudio2 (470)
[2020.03.19-20.28.01:349][543]LogModuleManager: Shutting down and abandoning module AIModule (468)
[2020.03.19-20.28.01:349][543]LogModuleManager: Shutting down and abandoning module GameplayDebugger (467)
[2020.03.19-20.28.01:349][543]LogModuleManager: Shutting down and abandoning module AITestSuite (465)
[2020.03.19-20.28.01:349][543]LogModuleManager: Shutting down and abandoning module NavigationSystem (463)
[2020.03.19-20.28.01:350][543]LogModuleManager: Shutting down and abandoning module ImageWriteQueue (460)
[2020.03.19-20.28.01:354][543]LogModuleManager: Shutting down and abandoning module ProfilerService (458)
[2020.03.19-20.28.01:360][543]LogModuleManager: Shutting down and abandoning module TaskGraph (456)
[2020.03.19-20.28.01:360][543]LogModuleManager: Shutting down and abandoning module ScreenshotTools (454)
[2020.03.19-20.28.01:360][543]LogModuleManager: Shutting down and abandoning module ProceduralMeshComponentEditor (452)
[2020.03.19-20.28.01:360][543]LogModuleManager: Shutting down and abandoning module ProceduralMeshComponent (450)
[2020.03.19-20.28.01:360][543]LogModuleManager: Shutting down and abandoning module OculusEditor (448)
[2020.03.19-20.28.01:360][543]LogModuleManager: Shutting down and abandoning module OculusInput (446)
[2020.03.19-20.28.01:360][543]LogModuleManager: Shutting down and abandoning module MobilePatchingUtils (444)
[2020.03.19-20.28.01:360][543]LogModuleManager: Shutting down and abandoning module EditableMesh (442)
[2020.03.19-20.28.01:360][543]LogModuleManager: Shutting down and abandoning module CustomMeshComponent (440)
[2020.03.19-20.28.01:360][543]LogModuleManager: Shutting down and abandoning module CableComponent (438)
[2020.03.19-20.28.01:360][543]LogModuleManager: Shutting down and abandoning module AudioCapture (436)
[2020.03.19-20.28.01:360][543]LogModuleManager: Shutting down and abandoning module AudioCaptureRtAudio (435)
[2020.03.19-20.28.01:360][543]LogModuleManager: Shutting down and abandoning module AssetTags (432)
[2020.03.19-20.28.01:360][543]LogModuleManager: Shutting down and abandoning module ArchVisCharacter (430)
[2020.03.19-20.28.01:360][543]LogModuleManager: Shutting down and abandoning module AppleImageUtilsBlueprintSupport (428)
[2020.03.19-20.28.01:360][543]LogModuleManager: Shutting down and abandoning module AppleImageUtils (426)
[2020.03.19-20.28.01:360][543]LogModuleManager: Shutting down and abandoning module AndroidPermission (424)
[2020.03.19-20.28.01:360][543]LogModuleManager: Shutting down and abandoning module NUTUnrealEngine4 (422)
[2020.03.19-20.28.01:360][543]LogModuleManager: Shutting down and abandoning module NetcodeUnitTest (420)
[2020.03.19-20.28.01:360][543]LogModuleManager: Shutting down and abandoning module MediaCompositing (418)
[2020.03.19-20.28.01:360][543]LogModuleManager: Shutting down and abandoning module ImgMedia (416)
[2020.03.19-20.28.01:361][543]LogModuleManager: Shutting down and abandoning module MagicLeapHelperVulkan (414)
[2020.03.19-20.28.01:361][543]LogModuleManager: Shutting down and abandoning module MagicLeapHelperOpenGL (412)
[2020.03.19-20.28.01:361][543]LogModuleManager: Shutting down and abandoning module MagicLeapAudio (410)
[2020.03.19-20.28.01:361][543]LogModuleManager: Shutting down and abandoning module RawInput (408)
[2020.03.19-20.28.01:361][543]LogModuleManager: Shutting down and abandoning module GeometryCacheTracks (406)
[2020.03.19-20.28.01:361][543]LogModuleManager: Shutting down and abandoning module GeometryCacheSequencer (404)
[2020.03.19-20.28.01:361][543]LogModuleManager: Shutting down and abandoning module BackChannel (402)
[2020.03.19-20.28.01:361][543]LogModuleManager: Shutting down and abandoning module AutomationUtilsEditor (400)
[2020.03.19-20.28.01:361][543]LogModuleManager: Shutting down and abandoning module AutomationUtils (398)
[2020.03.19-20.28.01:361][543]LogModuleManager: Shutting down and abandoning module AlembicImporter (396)
[2020.03.19-20.28.01:361][543]LogModuleManager: Shutting down and abandoning module AlembicLibrary (395)
[2020.03.19-20.28.01:361][543]LogModuleManager: Shutting down and abandoning module GeometryCache (394)
[2020.03.19-20.28.01:361][543]LogModuleManager: Shutting down and abandoning module GeometryCacheEd (393)
[2020.03.19-20.28.01:361][543]LogModuleManager: Shutting down and abandoning module VariantManagerContentEditor (388)
[2020.03.19-20.28.01:361][543]LogModuleManager: Shutting down and abandoning module DatasmithContentEditor (386)
[2020.03.19-20.28.01:361][543]LogModuleManager: Shutting down and abandoning module SpeedTreeImporter (384)
[2020.03.19-20.28.01:361][543]LogModuleManager: Shutting down and abandoning module PluginBrowser (382)
[2020.03.19-20.28.01:361][543]LogModuleManager: Shutting down and abandoning module MobileLauncherProfileWizard (380)
[2020.03.19-20.28.01:361][543]LogModuleManager: Shutting down and abandoning module MaterialAnalyzer (378)
[2020.03.19-20.28.01:361][543]LogModuleManager: Shutting down and abandoning module CurveEditorTools (376)
[2020.03.19-20.28.01:361][543]LogModuleManager: Shutting down and abandoning module CryptoKeysOpenSSL (374)
[2020.03.19-20.28.01:361][543]LogModuleManager: Shutting down and abandoning module CryptoKeys (372)
[2020.03.19-20.28.01:361][543]LogModuleManager: Shutting down and abandoning module VisualStudioSourceCodeAccess (370)
[2020.03.19-20.28.01:361][543]LogModuleManager: Shutting down and abandoning module VisualStudioCodeSourceCodeAccess (368)
[2020.03.19-20.28.01:361][543]LogModuleManager: Shutting down and abandoning module UObjectPlugin (366)
[2020.03.19-20.28.01:361][543]LogModuleManager: Shutting down and abandoning module SubversionSourceControl (364)
[2020.03.19-20.28.01:361][543]LogModuleManager: Shutting down and abandoning module PlasticSourceControl (362)
[2020.03.19-20.28.01:361][543]LogModuleManager: Shutting down and abandoning module PerforceSourceControl (360)
[2020.03.19-20.28.01:361][543]LogModuleManager: Shutting down and abandoning module GitSourceControl (358)
[2020.03.19-20.28.01:361][543]LogModuleManager: Shutting down and abandoning module SourceControl (357)
[2020.03.19-20.28.01:361][543]LogModuleManager: Shutting down and abandoning module CLionSourceCodeAccess (354)
[2020.03.19-20.28.01:361][543]LogModuleManager: Shutting down and abandoning module AnimationSharingEd (352)
[2020.03.19-20.28.01:362][543]LogModuleManager: Shutting down and abandoning module ActorLayerUtilitiesEditor (350)
[2020.03.19-20.28.01:362][543]LogModuleManager: Shutting down and abandoning module ActorLayerUtilities (348)
[2020.03.19-20.28.01:362][543]LogModuleManager: Shutting down and abandoning module LightPropagationVolumeEditor (346)
[2020.03.19-20.28.01:362][543]LogModuleManager: Shutting down and abandoning module PaperTiledImporter (344)
[2020.03.19-20.28.01:362][543]LogModuleManager: Shutting down and abandoning module PaperSpriteSheetImporter (342)
[2020.03.19-20.28.01:362][543]LogModuleManager: Shutting down and abandoning module Paper2DEditor (340)
[2020.03.19-20.28.01:362][543]LogModuleManager: Shutting down and abandoning module ProjectExodus (338)
[2020.03.19-20.28.01:362][543]LogModuleManager: Shutting down and abandoning module SignificanceManager (336)
[2020.03.19-20.28.01:362][543]LogModuleManager: Shutting down and abandoning module RuntimePhysXCooking (334)
[2020.03.19-20.28.01:362][543]LogModuleManager: Shutting down and abandoning module PhysXVehiclesEditor (332)
[2020.03.19-20.28.01:362][543]LogModuleManager: Shutting down and abandoning module LocationServicesBPLibrary (328)
[2020.03.19-20.28.01:362][543]LogModuleManager: Shutting down and abandoning module ActorSequence (326)
[2020.03.19-20.28.01:362][543]LogModuleManager: Shutting down and abandoning module UdpMessaging (324)
[2020.03.19-20.28.01:463][543]LogModuleManager: Shutting down and abandoning module TcpMessaging (322)
[2020.03.19-20.28.01:564][543]LogModuleManager: Shutting down and abandoning module MagicLeapPrivileges (320)
[2020.03.19-20.28.01:564][543]LogModuleManager: Shutting down and abandoning module MagicLeapPlanes (318)
[2020.03.19-20.28.01:564][543]LogMagicLeapPlanes: Planes tracker already destroyed.
[2020.03.19-20.28.01:564][543]LogModuleManager: Shutting down and abandoning module MagicLeapIdentity (316)
[2020.03.19-20.28.01:564][543]LogModuleManager: Shutting down and abandoning module MagicLeapSecureStorage (314)
[2020.03.19-20.28.01:564][543]LogModuleManager: Shutting down and abandoning module MagicLeapImageTracker (312)
[2020.03.19-20.28.01:564][543]LogModuleManager: Shutting down and abandoning module MagicLeapHandTracking (310)
[2020.03.19-20.28.01:564][543]LogModuleManager: Shutting down and abandoning module MagicLeapHandMeshing (308)
[2020.03.19-20.28.01:564][543]LogModuleManager: Shutting down and abandoning module MagicLeapEyeTracker (306)
[2020.03.19-20.28.01:564][543]LogModuleManager: Shutting down and abandoning module MagicLeapController (304)
[2020.03.19-20.28.01:564][543]LogSlate: Slate User Destroyed.  User Index 0, Is Virtual User: 0
[2020.03.19-20.28.01:564][543]LogModuleManager: Shutting down and abandoning module MagicLeapARPin (302)
[2020.03.19-20.28.01:564][543]LogModuleManager: Shutting down and abandoning module MagicLeapAR (300)
[2020.03.19-20.28.01:564][543]LogModuleManager: Shutting down and abandoning module AugmentedReality (299)
[2020.03.19-20.28.01:564][543]LogModuleManager: Shutting down and abandoning module GameplayTagsEditor (296)
[2020.03.19-20.28.01:564][543]LogModuleManager: Shutting down and abandoning module FacialAnimationEditor (294)
[2020.03.19-20.28.01:564][543]LogModuleManager: Shutting down and abandoning module FacialAnimation (292)
[2020.03.19-20.28.01:564][543]LogModuleManager: Shutting down and abandoning module DataValidation (290)
[2020.03.19-20.28.01:564][543]LogModuleManager: Shutting down and abandoning module AssetManagerEditor (288)
[2020.03.19-20.28.01:564][543]LogModuleManager: Shutting down and abandoning module LevelEditor (287)
[2020.03.19-20.28.01:565][543]LogModuleManager: Shutting down and abandoning module PixelInspectorModule (286)
[2020.03.19-20.28.01:565][543]LogModuleManager: Shutting down and abandoning module CommonMenuExtensions (284)
[2020.03.19-20.28.01:565][543]LogModuleManager: Shutting down and abandoning module MainFrame (282)
[2020.03.19-20.28.01:565][543]LogModuleManager: Shutting down and abandoning module HotReload (281)
[2020.03.19-20.28.01:566][543]LogModuleManager: Shutting down and abandoning module ContentBrowser (277)
[2020.03.19-20.28.01:567][543]LogModuleManager: Shutting down and abandoning module TreeMap (275)
[2020.03.19-20.28.01:567][543]LogModuleManager: Shutting down and abandoning module AnimationSharing (272)
[2020.03.19-20.28.01:567][543]LogModuleManager: Shutting down and abandoning module LightPropagationVolumeRuntime (270)
[2020.03.19-20.28.01:567][543]LogModuleManager: Shutting down and abandoning module Paper2D (268)
[2020.03.19-20.28.01:567][543]LogModuleManager: Shutting down and abandoning module WindowsMoviePlayer (266)
[2020.03.19-20.28.01:569][543]LogModuleManager: Shutting down and abandoning module WebMMoviePlayer (264)
[2020.03.19-20.28.01:569][543]LogModuleManager: Shutting down and abandoning module NetworkReplayStreaming (262)
[2020.03.19-20.28.01:569][543]LogModuleManager: Shutting down and abandoning module PacketHandler (260)
[2020.03.19-20.28.01:569][543]LogModuleManager: Shutting down and abandoning module ClothingSystemEditor (258)
[2020.03.19-20.28.01:569][543]LogModuleManager: Shutting down and abandoning module ClothingSystemRuntimeNv (256)
[2020.03.19-20.28.01:569][543]LogModuleManager: Shutting down and abandoning module MediaAssets (254)
[2020.03.19-20.28.01:569][543]LogModuleManager: Shutting down and abandoning module Overlay (252)
[2020.03.19-20.28.01:569][543]LogModuleManager: Shutting down and abandoning module OverlayEditor (251)
[2020.03.19-20.28.01:569][543]LogModuleManager: Shutting down and abandoning module VREditor (248)
[2020.03.19-20.28.01:569][543]LogModuleManager: Shutting down and abandoning module StringTableEditor (246)
[2020.03.19-20.28.01:569][543]LogModuleManager: Shutting down and abandoning module GameplayTasksEditor (244)
[2020.03.19-20.28.01:569][543]LogModuleManager: Shutting down and abandoning module BehaviorTreeEditor (242)
[2020.03.19-20.28.01:569][543]LogModuleManager: Shutting down and abandoning module FunctionalTesting (240)
[2020.03.19-20.28.01:569][543]LogModuleManager: Shutting down and abandoning module CollisionAnalyzer (238)
[2020.03.19-20.28.01:569][543]LogModuleManager: Shutting down and abandoning module WorkspaceMenuStructure (237)
[2020.03.19-20.28.01:569][543]LogModuleManager: Shutting down and abandoning module UMG (234)
[2020.03.19-20.28.01:569][543]LogModuleManager: Shutting down and abandoning module UMGEditor (233)
[2020.03.19-20.28.01:569][543]LogModuleManager: Shutting down and abandoning module MessageLog (231)
[2020.03.19-20.28.01:569][543]LogModuleManager: Shutting down and abandoning module SlateReflector (226)
[2020.03.19-20.28.01:569][543]LogModuleManager: Shutting down and abandoning module Slate (224)
[2020.03.19-20.28.01:569][543]LogModuleManager: Shutting down and abandoning module SlateCore (222)
[2020.03.19-20.28.01:569][543]LogModuleManager: Shutting down and abandoning module LandscapeEditorUtilities (220)
[2020.03.19-20.28.01:569][543]LogModuleManager: Shutting down and abandoning module UnrealEd (218)
[2020.03.19-20.28.01:569][543]LogModuleManager: Shutting down and abandoning module MRMesh (216)
[2020.03.19-20.28.01:569][543]LogModuleManager: Shutting down and abandoning module SourceCodeAccess (214)
[2020.03.19-20.28.01:569][543]LogModuleManager: Shutting down and abandoning module HeadMountedDisplay (212)
[2020.03.19-20.28.01:569][543]LogModuleManager: Shutting down and abandoning module XAudio2 (210)
[2020.03.19-20.28.01:569][543]LogModuleManager: Shutting down and abandoning module Networking (208)
[2020.03.19-20.28.01:569][543]LogModuleManager: Shutting down and abandoning module Core (206)
[2020.03.19-20.28.01:569][543]LogModuleManager: Shutting down and abandoning module MovieSceneTools (204)
[2020.03.19-20.28.01:569][543]LogModuleManager: Shutting down and abandoning module CurveEditor (203)
[2020.03.19-20.28.01:570][543]LogModuleManager: Shutting down and abandoning module Sequencer (201)
[2020.03.19-20.28.01:570][543]LogModuleManager: Shutting down and abandoning module EditorStyle (200)
[2020.03.19-20.28.01:571][543]LogModuleManager: Shutting down and abandoning module KismetCompiler (196)
[2020.03.19-20.28.01:571][543]LogModuleManager: Shutting down and abandoning module MeshUtilities (194)
[2020.03.19-20.28.01:571][543]LogModuleManager: Shutting down and abandoning module MeshMergeUtilities (193)
[2020.03.19-20.28.01:571][543]LogModuleManager: Shutting down and abandoning module MeshReductionInterface (192)
[2020.03.19-20.28.01:571][543]LogModuleManager: Shutting down and abandoning module MeshBoneReduction (191)
[2020.03.19-20.28.01:571][543]LogModuleManager: Shutting down and abandoning module SkeletalMeshReduction (189)
[2020.03.19-20.28.01:571][543]LogModuleManager: Shutting down and abandoning module ProxyLODMeshReduction (187)
[2020.03.19-20.28.01:571][543]LogModuleManager: Shutting down and abandoning module QuadricMeshReduction (185)
[2020.03.19-20.28.01:571][543]LogModuleManager: Shutting down and abandoning module MaterialBaking (181)
[2020.03.19-20.28.01:571][543]LogModuleManager: Shutting down and abandoning module NullInstallBundleManager (176)
[2020.03.19-20.28.01:571][543]LogModuleManager: Shutting down and abandoning module DerivedDataCache (174)
[2020.03.19-20.28.01:571][543]LogDerivedDataCache: Shutdown
[2020.03.19-20.28.01:571][543]LogModuleManager: Shutting down and abandoning module XGEController (172)
[2020.03.19-20.28.01:571][543]LogXGEController: Cleaning working directory: C:/Users/Gamer/AppData/Local/Temp/UnrealXGEWorkingDir/
[2020.03.19-20.28.01:571][543]LogModuleManager: Shutting down and abandoning module TargetPlatform (170)
[2020.03.19-20.28.01:572][543]LogModuleManager: Shutting down and abandoning module VulkanShaderFormat (169)
[2020.03.19-20.28.01:572][543]LogModuleManager: Shutting down and abandoning module ShaderFormatVectorVM (167)
[2020.03.19-20.28.01:572][543]LogModuleManager: Shutting down and abandoning module ShaderFormatOpenGL (165)
[2020.03.19-20.28.01:572][543]LogModuleManager: Shutting down and abandoning module ShaderFormatD3D (163)
[2020.03.19-20.28.01:572][543]LogModuleManager: Shutting down and abandoning module MetalShaderFormat (161)
[2020.03.19-20.28.01:572][543]LogModuleManager: Shutting down and abandoning module TextureFormatUncompressed (159)
[2020.03.19-20.28.01:572][543]LogModuleManager: Shutting down and abandoning module TextureFormatPVR (157)
[2020.03.19-20.28.01:572][543]LogModuleManager: Shutting down and abandoning module TextureFormatDXT (155)
[2020.03.19-20.28.01:572][543]LogModuleManager: Shutting down and abandoning module TextureFormatIntelISPCTexComp (153)
[2020.03.19-20.28.01:572][543]LogModuleManager: Shutting down and abandoning module TextureFormatASTC (151)
[2020.03.19-20.28.01:572][543]LogModuleManager: Shutting down and abandoning module ImageWrapper (150)
[2020.03.19-20.28.01:572][543]LogModuleManager: Shutting down and abandoning module TextureFormatAndroid (147)
[2020.03.19-20.28.01:572][543]LogModuleManager: Shutting down and abandoning module AudioFormatOpus (145)
[2020.03.19-20.28.01:572][543]LogModuleManager: Shutting down and abandoning module AudioFormatOgg (143)
[2020.03.19-20.28.01:572][543]LogModuleManager: Shutting down and abandoning module AudioFormatADPCM (141)
[2020.03.19-20.28.01:572][543]LogModuleManager: Shutting down and abandoning module WindowsServerTargetPlatform (139)
[2020.03.19-20.28.01:572][543]LogModuleManager: Shutting down and abandoning module WindowsClientTargetPlatform (137)
[2020.03.19-20.28.01:572][543]LogModuleManager: Shutting down and abandoning module WindowsTargetPlatform (135)
[2020.03.19-20.28.01:572][543]LogModuleManager: Shutting down and abandoning module WindowsNoEditorTargetPlatform (133)
[2020.03.19-20.28.01:572][543]LogModuleManager: Shutting down and abandoning module TVOSTargetPlatform (131)
[2020.03.19-20.28.01:573][543]LogModuleManager: Shutting down and abandoning module LuminTargetPlatform (129)
[2020.03.19-20.28.01:574][543]LogModuleManager: Shutting down and abandoning module LinuxAArch64ServerTargetPlatform (127)
[2020.03.19-20.28.01:574][543]LogModuleManager: Shutting down and abandoning module LinuxAArch64ClientTargetPlatform (125)
[2020.03.19-20.28.01:574][543]LogModuleManager: Shutting down and abandoning module LinuxAArch64NoEditorTargetPlatform (123)
[2020.03.19-20.28.01:574][543]LogModuleManager: Shutting down and abandoning module LinuxServerTargetPlatform (121)
[2020.03.19-20.28.01:574][543]LogModuleManager: Shutting down and abandoning module LinuxClientTargetPlatform (119)
[2020.03.19-20.28.01:574][543]LogModuleManager: Shutting down and abandoning module LinuxNoEditorTargetPlatform (117)
[2020.03.19-20.28.01:574][543]LogModuleManager: Shutting down and abandoning module Messaging (115)
[2020.03.19-20.28.01:574][543]LogModuleManager: Shutting down and abandoning module IOSTargetPlatform (113)
[2020.03.19-20.28.01:575][543]LogModuleManager: Shutting down and abandoning module AndroidTargetPlatform (111)
[2020.03.19-20.28.01:582][543]LogModuleManager: Shutting down and abandoning module AllDesktopTargetPlatform (109)
[2020.03.19-20.28.01:582][543]LogModuleManager: Shutting down and abandoning module InputCore (106)
[2020.03.19-20.28.01:582][543]LogModuleManager: Shutting down and abandoning module Settings (104)
[2020.03.19-20.28.01:582][543]LogModuleManager: Shutting down and abandoning module DirectoryWatcher (102)
[2020.03.19-20.28.01:583][543]LogModuleManager: Shutting down and abandoning module PhysXCooking (100)
[2020.03.19-20.28.01:583][543]LogModuleManager: Shutting down and abandoning module ChaosSolvers (98)
[2020.03.19-20.28.01:583][543]LogModuleManager: Shutting down and abandoning module FieldSystemEngine (97)
[2020.03.19-20.28.01:583][543]LogModuleManager: Shutting down and abandoning module Chaos (94)
[2020.03.19-20.28.01:583][543]LogModuleManager: Shutting down and abandoning module WindowsPlatformFeatures (92)
[2020.03.19-20.28.01:583][543]LogModuleManager: Shutting down and abandoning module GameplayMediaEncoder (91)
[2020.03.19-20.28.01:583][543]LogModuleManager: Shutting down and abandoning module SteamVRInputDevice (88)
[2020.03.19-20.28.01:583][543]LogModuleManager: Shutting down and abandoning module SteamVRInput (86)
[2020.03.19-20.28.01:583][543]LogModuleManager: Shutting down and abandoning module SteamVR (84)
[2020.03.19-20.28.01:583][543]LogHMD: Freeing OpenVRDLLHandle.
[2020.03.19-20.28.01:583][543]LogModuleManager: Shutting down and abandoning module OculusHMD (82)
[2020.03.19-20.28.01:583][543]LogModuleManager: Shutting down and abandoning module ExampleDeviceProfileSelector (80)
[2020.03.19-20.28.01:583][543]LogModuleManager: Shutting down and abandoning module LauncherChunkInstaller (78)
[2020.03.19-20.28.01:583][543]LogModuleManager: Shutting down and abandoning module OnlineBlueprintSupport (76)
[2020.03.19-20.28.01:583][543]LogModuleManager: Shutting down and abandoning module OnlineSubsystem (72)
[2020.03.19-20.28.01:585][543]LogModuleManager: Shutting down and abandoning module XMPP (67)
[2020.03.19-20.28.01:585][543]LogModuleManager: Shutting down and abandoning module WebSockets (66)
[2020.03.19-20.28.01:595][543]LogModuleManager: Shutting down and abandoning module HTTP (63)
[2020.03.19-20.28.01:595][543]LogHttp: Display: Http module shutting down, but needs to wait on 1 outstanding Http requests:
[2020.03.19-20.28.01:595][543]LogHttp: Display: 	verb=[POST] url=[https://datarouter.ol.epicgames.com/datarouter/api/v1/public/data?SessionID=%7B85A96655-4D96-A41F-6072-D8B891155ECF%7D&AppID=UEEditor.Rocket.Release&AppVersion=4.24.3-11590370%2B%2B%2BUE4%2BRelease-4.24&UserID=616266c74df6e2e962e544b075feb3ea%7Cbee9c6b85b0040c2a51d7be6aa5350b3%7C9b7e9cb6-a2df-45f3-b72d-ea0388b15048&AppEnvironment=datacollector-binary&UploadType=eteventstream] refs=[1] status=Processing
[2020.03.19-20.28.01:595][543]LogHttp: Display: Sleeping 0.5s to wait for 1 outstanding Http requests.
[2020.03.19-20.28.02:096][543]LogHttp: Display: Sleeping 0.5s to wait for 1 outstanding Http requests.
[2020.03.19-20.28.02:597][543]LogHttp: Display: Sleeping 0.5s to wait for 1 outstanding Http requests.
[2020.03.19-20.28.03:097][543]LogHttp: Display: Sleeping 0.5s to wait for 1 outstanding Http requests.
[2020.03.19-20.28.03:597][543]LogHttp: Display: Sleeping 0.5s to wait for 1 outstanding Http requests.
[2020.03.19-20.28.04:098][543]LogHttp: Display: Sleeping 0.5s to wait for 1 outstanding Http requests.
[2020.03.19-20.28.04:599][543]LogHttp: Display: Sleeping 0.5s to wait for 1 outstanding Http requests.
[2020.03.19-20.28.05:100][543]LogHttp: Display: Sleeping 0.5s to wait for 1 outstanding Http requests.
[2020.03.19-20.28.05:621][543]LogModuleManager: Shutting down and abandoning module SSL (62)
[2020.03.19-20.28.05:623][543]LogModuleManager: Shutting down and abandoning module WmfMedia (58)
[2020.03.19-20.28.05:626][543]LogModuleManager: Shutting down and abandoning module Media (57)
[2020.03.19-20.28.05:627][543]LogModuleManager: Shutting down and abandoning module MagicLeap (54)
[2020.03.19-20.28.05:627][543]LogModuleManager: Shutting down and abandoning module VariantManagerContent (52)
[2020.03.19-20.28.05:627][543]LogModuleManager: Shutting down and abandoning module DatasmithContent (50)
[2020.03.19-20.28.05:628][543]LogModuleManager: Shutting down and abandoning module AISupportModule (48)
[2020.03.19-20.28.05:628][543]LogModuleManager: Shutting down and abandoning module DesktopPlatform (46)
[2020.03.19-20.28.05:628][543]LogModuleManager: Shutting down and abandoning module PlatformCryptoOpenSSL (44)
[2020.03.19-20.28.05:628][543]LogModuleManager: Shutting down and abandoning module PlatformCryptoTypes (42)
[2020.03.19-20.28.05:628][543]LogModuleManager: Shutting down and abandoning module PlatformCrypto (40)
[2020.03.19-20.28.05:628][543]LogModuleManager: Shutting down and abandoning module AnimationModifiers (38)
[2020.03.19-20.28.05:628][543]LogModuleManager: Shutting down and abandoning module PropertyEditor (37)
[2020.03.19-20.28.05:628][543]LogModuleManager: Shutting down and abandoning module AudioEditor (34)
[2020.03.19-20.28.05:628][543]LogModuleManager: Shutting down and abandoning module TextureCompressor (32)
[2020.03.19-20.28.05:628][543]LogModuleManager: Shutting down and abandoning module RenderCore (30)
[2020.03.19-20.28.05:628][543]LogModuleManager: Shutting down and abandoning module Landscape (28)
[2020.03.19-20.28.05:628][543]LogModuleManager: Shutting down and abandoning module SlateRHIRenderer (26)
[2020.03.19-20.28.05:631][543]LogModuleManager: Shutting down and abandoning module OpenGLDrv (24)
[2020.03.19-20.28.05:631][543]LogModuleManager: Shutting down and abandoning module D3D11RHI (22)
[2020.03.19-20.28.05:631][543]LogModuleManager: Shutting down and abandoning module AnimGraphRuntime (20)
[2020.03.19-20.28.05:631][543]LogModuleManager: Shutting down and abandoning module Renderer (18)
[2020.03.19-20.28.05:631][543]LogModuleManager: Shutting down and abandoning module Engine (16)
[2020.03.19-20.28.05:631][543]LogModuleManager: Shutting down and abandoning module CoreUObject (14)
[2020.03.19-20.28.05:631][543]LogModuleManager: Shutting down and abandoning module NetworkFile (12)
[2020.03.19-20.28.05:631][543]LogModuleManager: Shutting down and abandoning module CookedIterativeFile (10)
[2020.03.19-20.28.05:631][543]LogModuleManager: Shutting down and abandoning module StreamingFile (8)
[2020.03.19-20.28.05:631][543]LogModuleManager: Shutting down and abandoning module SandboxFile (6)
[2020.03.19-20.28.05:631][543]LogModuleManager: Shutting down and abandoning module PakFile (4)
[2020.03.19-20.28.05:631][543]LogModuleManager: Shutting down and abandoning module RSA (3)
[2020.03.19-20.28.05:632][543]LogD3D11RHI: Shutdown
[2020.03.19-20.28.05:632][543]LogD3D11RHI: CleanupD3DDevice
[2020.03.19-20.28.05:638][543]LogExit: Exiting.
[2020.03.19-20.28.05:683][543]Log file closed, 03/19/20 20:28:05
