Log file open, 05/10/20 23:20:04
LogWindows: Failed to load 'aqProf.dll' (GetLastError=126)
LogWindows: File 'aqProf.dll' does not exist
LogWindows: Failed to load 'VtuneApi.dll' (GetLastError=126)
LogWindows: File 'VtuneApi.dll' does not exist
LogWindows: Failed to load 'VtuneApi32e.dll' (GetLastError=126)
LogWindows: File 'VtuneApi32e.dll' does not exist
LogConsoleResponse: Display: Failed to find resolution value strings in scalability ini. Falling back to default.
LogInit: Display: Running engine for game: ProjectExodus
LogPlatformFile: Not using cached read wrapper
LogTaskGraph: Started task graph with 5 named threads and 23 total threads with 3 sets of task threads.
LogStats: Stats thread started at 0.067225
LogD3D11RHI: Loaded GFSDK_Aftermath_Lib.x64.dll
LogICUInternationalization: ICU TimeZone Detection - Raw Offset: +0:00, Platform Override: ''
LogPluginManager: Mounting plugin Paper2D
LogPluginManager: Mounting plugin AISupport
LogPluginManager: Mounting plugin LightPropagationVolume
LogPluginManager: Mounting plugin ActorLayerUtilities
LogPluginManager: Mounting plugin AnimationSharing
LogPluginManager: Mounting plugin CLionSourceCodeAccess
LogPluginManager: Mounting plugin CodeLiteSourceCodeAccess
LogPluginManager: Mounting plugin GitSourceControl
LogPluginManager: Mounting plugin KDevelopSourceCodeAccess
LogPluginManager: Mounting plugin NullSourceCodeAccess
LogPluginManager: Mounting plugin PerforceSourceControl
LogPluginManager: Mounting plugin PlasticSourceControl
LogPluginManager: Mounting plugin SubversionSourceControl
LogPluginManager: Mounting plugin UObjectPlugin
LogPluginManager: Mounting plugin VisualStudioCodeSourceCodeAccess
LogPluginManager: Mounting plugin VisualStudioSourceCodeAccess
LogPluginManager: Mounting plugin XCodeSourceCodeAccess
LogPluginManager: Mounting plugin AssetManagerEditor
LogPluginManager: Mounting plugin CryptoKeys
LogPluginManager: Mounting plugin CurveEditorTools
LogPluginManager: Mounting plugin DataValidation
LogPluginManager: Mounting plugin FacialAnimation
LogPluginManager: Mounting plugin GameplayTagsEditor
LogPluginManager: Mounting plugin MacGraphicsSwitching
LogPluginManager: Mounting plugin MaterialAnalyzer
LogPluginManager: Mounting plugin MobileLauncherProfileWizard
LogPluginManager: Mounting plugin PluginBrowser
LogPluginManager: Mounting plugin SpeedTreeImporter
LogPluginManager: Mounting plugin DatasmithContent
LogPluginManager: Mounting plugin VariantManagerContent
LogPluginManager: Mounting plugin AlembicImporter
LogPluginManager: Mounting plugin AutomationUtils
LogPluginManager: Mounting plugin BackChannel
LogPluginManager: Mounting plugin CharacterAI
LogPluginManager: Mounting plugin GeometryCache
LogPluginManager: Mounting plugin PlatformCrypto
LogPluginManager: Mounting plugin ProxyLODPlugin
LogPluginManager: Mounting plugin RawInput
LogPluginManager: Mounting plugin SkeletalReduction
LogPluginManager: Mounting plugin MagicLeap
LogPluginManager: Mounting plugin MagicLeapMedia
LogPluginManager: Mounting plugin MLSDK
LogPluginManager: Mounting plugin AndroidMedia
LogPluginManager: Mounting plugin AvfMedia
LogPluginManager: Mounting plugin ImgMedia
LogPluginManager: Mounting plugin MediaCompositing
LogPluginManager: Mounting plugin MediaPlayerEditor
LogPluginManager: Mounting plugin WebMMedia
LogPluginManager: Mounting plugin WmfMedia
LogPluginManager: Mounting plugin TcpMessaging
LogPluginManager: Mounting plugin UdpMessaging
LogPluginManager: Mounting plugin ActorSequence
LogPluginManager: Mounting plugin LevelSequenceEditor
LogPluginManager: Mounting plugin MatineeToLevelSequence
LogPluginManager: Mounting plugin NetcodeUnitTest
LogPluginManager: Mounting plugin NUTUnrealEngine4
LogPluginManager: Mounting plugin OnlineSubsystemGooglePlay
LogPluginManager: Mounting plugin OnlineSubsystemIOS
LogPluginManager: Mounting plugin OnlineSubsystem
LogPluginManager: Mounting plugin OnlineSubsystemNull
LogPluginManager: Mounting plugin OnlineSubsystemUtils
LogPluginManager: Mounting plugin LauncherChunkInstaller
LogPluginManager: Mounting plugin AndroidDeviceProfileSelector
LogPluginManager: Mounting plugin AndroidMoviePlayer
LogPluginManager: Mounting plugin AndroidPermission
LogPluginManager: Mounting plugin AppleImageUtils
LogPluginManager: Mounting plugin AppleMoviePlayer
LogPluginManager: Mounting plugin ArchVisCharacter
LogPluginManager: Mounting plugin AssetTags
LogPluginManager: Mounting plugin AudioCapture
LogPluginManager: Mounting plugin CableComponent
LogPluginManager: Mounting plugin CustomMeshComponent
LogPluginManager: Mounting plugin EditableMesh
LogPluginManager: Mounting plugin ExampleDeviceProfileSelector
LogPluginManager: Mounting plugin GoogleCloudMessaging
LogPluginManager: Mounting plugin IOSDeviceProfileSelector
LogPluginManager: Mounting plugin LinuxDeviceProfileSelector
LogPluginManager: Mounting plugin LocationServicesBPLibrary
LogPluginManager: Mounting plugin MobilePatchingUtils
LogPluginManager: Mounting plugin OculusVR
LogPluginManager: Mounting plugin PhysXVehicles
LogPluginManager: Mounting plugin PostSplashScreen
LogPluginManager: Mounting plugin ProceduralMeshComponent
LogPluginManager: Mounting plugin RuntimePhysXCooking
LogPluginManager: Mounting plugin SignificanceManager
LogPluginManager: Mounting plugin SteamVR
LogPluginManager: Mounting plugin WebMMoviePlayer
LogPluginManager: Mounting plugin WindowsMoviePlayer
LogPluginManager: Mounting plugin ScreenshotTools
LogInit: Using libcurl 7.55.1-DEV
LogInit:  - built for x86_64-pc-win32
LogInit:  - supports SSL with OpenSSL/1.1.1
LogInit:  - supports HTTP deflate (compression) using libz 1.2.8
LogInit:  - other features:
LogInit:      CURL_VERSION_SSL
LogInit:      CURL_VERSION_LIBZ
LogInit:      CURL_VERSION_IPV6
LogInit:      CURL_VERSION_ASYNCHDNS
LogInit:      CURL_VERSION_LARGEFILE
LogInit:      CURL_VERSION_IDN
LogInit:  CurlRequestOptions (configurable via config and command line):
LogInit:  - bVerifyPeer = true  - Libcurl will verify peer certificate
LogInit:  - bUseHttpProxy = false  - Libcurl will NOT use HTTP proxy
LogInit:  - bDontReuseConnections = false  - Libcurl will reuse connections
LogInit:  - MaxHostConnections = 16  - Libcurl will limit the number of connections to a host
LogInit:  - LocalHostAddr = Default
LogInit:  - BufferSize = 65536
LogOnline: OSS: Creating online subsystem instance for: NULL
LogInit: WinSock: version 1.1 (2.2), MaxSocks=32767, MaxUdp=65467
LogOnline: OSS: TryLoadSubsystemAndSetDefault: Loaded subsystem for module [NULL]
LogHMD: Failed initializing OVRPlugin 1.40.0
LogInit: Build: ++UE4+Release-4.24-CL-11100242
LogInit: Engine Version: 4.24.2-11100242+++UE4+Release-4.24
LogInit: Compatible Engine Version: 4.24.0-10570792+++UE4+Release-4.24
LogInit: Net CL: 10570792
LogInit: OS: Windows 10 (Release 1909) (), CPU: Intel(R) Core(TM) i7-7700K CPU @ 4.20GHz, GPU: NVIDIA GeForce GTX 970
LogInit: Compiled (64-bit): Jan 24 2020 02:05:53
LogInit: Compiled with Visual C++: 19.16.27032.01
LogInit: Build Configuration: Development
LogInit: Branch Name: ++UE4+Release-4.24
LogInit: Command Line:  /Game/Levels/LevelOne -game -PIEVIACONSOLE -ResX=1280 -ResY=720 -Multiprocess -messaging -SessionName="Play in Standalone Game" -windowed
LogInit: Base Directory: J:/epic/UE_4.24/Engine/Binaries/Win64/
LogInit: Installed Engine Build: 1
LogDevObjectVersion: Number of dev versions registered: 25
LogDevObjectVersion:   Dev-Blueprints (B0D832E4-1F89-4F0D-ACCF-7EB736FD4AA2): 10
LogDevObjectVersion:   Dev-Build (E1C64328-A22C-4D53-A36C-8E866417BD8C): 0
LogDevObjectVersion:   Dev-Core (375EC13C-06E4-48FB-B500-84F0262A717E): 3
LogDevObjectVersion:   Dev-Editor (E4B068ED-F494-42E9-A231-DA0B2E46BB41): 37
LogDevObjectVersion:   Dev-Framework (CFFC743F-43B0-4480-9391-14DF171D2073): 36
LogDevObjectVersion:   Dev-Mobile (B02B49B5-BB20-44E9-A304-32B752E40360): 2
LogDevObjectVersion:   Dev-Networking (A4E4105C-59A1-49B5-A7C5-40C4547EDFEE): 0
LogDevObjectVersion:   Dev-Online (39C831C9-5AE6-47DC-9A44-9C173E1C8E7C): 0
LogDevObjectVersion:   Dev-Physics (78F01B33-EBEA-4F98-B9B4-84EACCB95AA2): 2
LogDevObjectVersion:   Dev-Platform (6631380F-2D4D-43E0-8009-CF276956A95A): 0
LogDevObjectVersion:   Dev-Rendering (12F88B9F-8875-4AFC-A67C-D90C383ABD29): 36
LogDevObjectVersion:   Dev-Sequencer (7B5AE74C-D270-4C10-A958-57980B212A5A): 11
LogDevObjectVersion:   Dev-VR (D7296918-1DD6-4BDD-9DE2-64A83CC13884): 2
LogDevObjectVersion:   Dev-LoadTimes (C2A15278-BFE7-4AFE-6C17-90FF531DF755): 1
LogDevObjectVersion:   Private-Geometry (6EACA3D4-40EC-4CC1-B786-8BED09428FC5): 3
LogDevObjectVersion:   Dev-AnimPhys (29E575DD-E0A3-4627-9D10-D276232CDCEA): 17
LogDevObjectVersion:   Dev-Anim (AF43A65D-7FD3-4947-9873-3E8ED9C1BB05): 2
LogDevObjectVersion:   Dev-ReflectionCapture (6B266CEC-1EC7-4B8F-A30B-E4D90942FC07): 1
LogDevObjectVersion:   Dev-Automation (0DF73D61-A23F-47EA-B727-89E90C41499A): 1
LogDevObjectVersion:   FortniteMain (601D1886-AC64-4F84-AA16-D3DE0DEAC7D6): 31
LogDevObjectVersion:   Dev-Enterprise (9DFFBCD6-494F-0158-E221-12823C92A888): 8
LogDevObjectVersion:   Dev-Niagara (F2AED0AC-9AFE-416F-8664-AA7FFA26D6FC): 1
LogDevObjectVersion:   Dev-Destruction (174F1F0B-B4C6-45A5-B13F-2EE8D0FB917D): 9
LogDevObjectVersion:   Dev-Physics-Ext (35F94A83-E258-406C-A318-09F59610247C): 8
LogDevObjectVersion:   Dev-CineCamera (B2E18506-4273-CFC2-A54E-F4BB758BBA07): 1
LogInit: Presizing for max 25165824 objects, including 0 objects not considered by GC, pre-allocating 0 bytes for permanent pool.
LogInit: Object subsystem initialized
LogConfig: Setting CVar [[con.DebugEarlyDefault:1]]
LogConfig: Setting CVar [[r.setres:1280x720]]
[2020.05.10-22.20.04:721][  0]LogConfig: Setting CVar [[con.DebugEarlyDefault:1]]
[2020.05.10-22.20.04:721][  0]LogConfig: Setting CVar [[r.setres:1280x720]]
[2020.05.10-22.20.04:721][  0]LogConfig: Applying CVar settings from Section [/Script/Engine.RendererSettings] File [C:/Users/Jason/Documents/GitHub/Project-Exodus/ProjectExodus/Saved/Config/Windows/Engine.ini]
[2020.05.10-22.20.04:721][  0]LogConfig: Setting CVar [[r.GPUCrashDebugging:0]]
[2020.05.10-22.20.04:721][  0]LogConfig: Applying CVar settings from Section [/Script/Engine.RendererOverrideSettings] File [C:/Users/Jason/Documents/GitHub/Project-Exodus/ProjectExodus/Saved/Config/Windows/Engine.ini]
[2020.05.10-22.20.04:721][  0]LogConfig: Applying CVar settings from Section [/Script/Engine.StreamingSettings] File [C:/Users/Jason/Documents/GitHub/Project-Exodus/ProjectExodus/Saved/Config/Windows/Engine.ini]
[2020.05.10-22.20.04:721][  0]LogConfig: Setting CVar [[s.MinBulkDataSizeForAsyncLoading:131072]]
[2020.05.10-22.20.04:721][  0]LogConfig: Setting CVar [[s.AsyncLoadingThreadEnabled:0]]
[2020.05.10-22.20.04:721][  0]LogConfig: Setting CVar [[s.EventDrivenLoaderEnabled:1]]
[2020.05.10-22.20.04:721][  0]LogConfig: Setting CVar [[s.WarnIfTimeLimitExceeded:0]]
[2020.05.10-22.20.04:721][  0]LogConfig: Setting CVar [[s.TimeLimitExceededMultiplier:1.5]]
[2020.05.10-22.20.04:721][  0]LogConfig: Setting CVar [[s.TimeLimitExceededMinTime:0.005]]
[2020.05.10-22.20.04:721][  0]LogConfig: Setting CVar [[s.UseBackgroundLevelStreaming:1]]
[2020.05.10-22.20.04:721][  0]LogConfig: Setting CVar [[s.PriorityAsyncLoadingExtraTime:15.0]]
[2020.05.10-22.20.04:721][  0]LogConfig: Setting CVar [[s.LevelStreamingActorsUpdateTimeLimit:5.0]]
[2020.05.10-22.20.04:721][  0]LogConfig: Setting CVar [[s.PriorityLevelStreamingActorsUpdateExtraTime:5.0]]
[2020.05.10-22.20.04:721][  0]LogConfig: Setting CVar [[s.LevelStreamingComponentsRegistrationGranularity:10]]
[2020.05.10-22.20.04:721][  0]LogConfig: Setting CVar [[s.UnregisterComponentsTimeLimit:1.0]]
[2020.05.10-22.20.04:721][  0]LogConfig: Setting CVar [[s.LevelStreamingComponentsUnregistrationGranularity:5]]
[2020.05.10-22.20.04:721][  0]LogConfig: Setting CVar [[s.FlushStreamingOnExit:1]]
[2020.05.10-22.20.04:721][  0]LogConfig: Applying CVar settings from Section [/Script/Engine.GarbageCollectionSettings] File [C:/Users/Jason/Documents/GitHub/Project-Exodus/ProjectExodus/Saved/Config/Windows/Engine.ini]
[2020.05.10-22.20.04:721][  0]LogConfig: Setting CVar [[gc.MaxObjectsNotConsideredByGC:1]]
[2020.05.10-22.20.04:721][  0]LogConfig: Setting CVar [[gc.SizeOfPermanentObjectPool:0]]
[2020.05.10-22.20.04:721][  0]LogConfig: Setting CVar [[gc.FlushStreamingOnGC:0]]
[2020.05.10-22.20.04:721][  0]LogConfig: Setting CVar [[gc.NumRetriesBeforeForcingGC:10]]
[2020.05.10-22.20.04:721][  0]LogConfig: Setting CVar [[gc.AllowParallelGC:1]]
[2020.05.10-22.20.04:722][  0]LogConfig: Setting CVar [[gc.TimeBetweenPurgingPendingKillObjects:61.1]]
[2020.05.10-22.20.04:722][  0]LogConfig: Setting CVar [[gc.MaxObjectsInEditor:25165824]]
[2020.05.10-22.20.04:722][  0]LogConfig: Setting CVar [[gc.IncrementalBeginDestroyEnabled:1]]
[2020.05.10-22.20.04:722][  0]LogConfig: Setting CVar [[gc.CreateGCClusters:1]]
[2020.05.10-22.20.04:722][  0]LogConfig: Setting CVar [[gc.MinGCClusterSize:5]]
[2020.05.10-22.20.04:722][  0]LogConfig: Setting CVar [[gc.ActorClusteringEnabled:0]]
[2020.05.10-22.20.04:722][  0]LogConfig: Setting CVar [[gc.BlueprintClusteringEnabled:0]]
[2020.05.10-22.20.04:722][  0]LogConfig: Setting CVar [[gc.UseDisregardForGCOnDedicatedServers:0]]
[2020.05.10-22.20.04:722][  0]LogConfig: Applying CVar settings from Section [/Script/Engine.NetworkSettings] File [C:/Users/Jason/Documents/GitHub/Project-Exodus/ProjectExodus/Saved/Config/Windows/Engine.ini]
[2020.05.10-22.20.04:722][  0]LogConfig: Applying CVar settings from Section [/Script/UnrealEd.CookerSettings] File [C:/Users/Jason/Documents/GitHub/Project-Exodus/ProjectExodus/Saved/Config/Windows/Engine.ini]
[2020.05.10-22.20.04:732][  0]LogConfig: Applying CVar settings from Section [ViewDistanceQuality@3] File [C:/Users/Jason/Documents/GitHub/Project-Exodus/ProjectExodus/Saved/Config/Windows/Scalability.ini]
[2020.05.10-22.20.04:732][  0]LogConfig: Setting CVar [[r.SkeletalMeshLODBias:0]]
[2020.05.10-22.20.04:732][  0]LogConfig: Setting CVar [[r.ViewDistanceScale:1.0]]
[2020.05.10-22.20.04:732][  0]LogConfig: Applying CVar settings from Section [AntiAliasingQuality@3] File [C:/Users/Jason/Documents/GitHub/Project-Exodus/ProjectExodus/Saved/Config/Windows/Scalability.ini]
[2020.05.10-22.20.04:732][  0]LogConfig: Setting CVar [[r.PostProcessAAQuality:4]]
[2020.05.10-22.20.04:732][  0]LogConfig: Applying CVar settings from Section [ShadowQuality@3] File [C:/Users/Jason/Documents/GitHub/Project-Exodus/ProjectExodus/Saved/Config/Windows/Scalability.ini]
[2020.05.10-22.20.04:732][  0]LogConfig: Setting CVar [[r.LightFunctionQuality:1]]
[2020.05.10-22.20.04:732][  0]LogConfig: Setting CVar [[r.ShadowQuality:5]]
[2020.05.10-22.20.04:732][  0]LogConfig: Setting CVar [[r.Shadow.CSM.MaxCascades:10]]
[2020.05.10-22.20.04:732][  0]LogConfig: Setting CVar [[r.Shadow.MaxResolution:2048]]
[2020.05.10-22.20.04:732][  0]LogConfig: Setting CVar [[r.Shadow.MaxCSMResolution:2048]]
[2020.05.10-22.20.04:732][  0]LogConfig: Setting CVar [[r.Shadow.RadiusThreshold:0.01]]
[2020.05.10-22.20.04:732][  0]LogConfig: Setting CVar [[r.Shadow.DistanceScale:1.0]]
[2020.05.10-22.20.04:732][  0]LogConfig: Setting CVar [[r.Shadow.CSM.TransitionScale:1.0]]
[2020.05.10-22.20.04:732][  0]LogConfig: Setting CVar [[r.Shadow.PreShadowResolutionFactor:1.0]]
[2020.05.10-22.20.04:732][  0]LogConfig: Setting CVar [[r.DistanceFieldShadowing:1]]
[2020.05.10-22.20.04:732][  0]LogConfig: Setting CVar [[r.DistanceFieldAO:1]]
[2020.05.10-22.20.04:732][  0]LogConfig: Setting CVar [[r.AOQuality:2]]
[2020.05.10-22.20.04:732][  0]LogConfig: Setting CVar [[r.VolumetricFog:1]]
[2020.05.10-22.20.04:732][  0]LogConfig: Setting CVar [[r.VolumetricFog.GridPixelSize:8]]
[2020.05.10-22.20.04:732][  0]LogConfig: Setting CVar [[r.VolumetricFog.GridSizeZ:128]]
[2020.05.10-22.20.04:732][  0]LogConfig: Setting CVar [[r.VolumetricFog.HistoryMissSupersampleCount:4]]
[2020.05.10-22.20.04:732][  0]LogConfig: Setting CVar [[r.LightMaxDrawDistanceScale:1]]
[2020.05.10-22.20.04:732][  0]LogConfig: Setting CVar [[r.CapsuleShadows:1]]
[2020.05.10-22.20.04:732][  0]LogConfig: Applying CVar settings from Section [PostProcessQuality@3] File [C:/Users/Jason/Documents/GitHub/Project-Exodus/ProjectExodus/Saved/Config/Windows/Scalability.ini]
[2020.05.10-22.20.04:732][  0]LogConfig: Setting CVar [[r.MotionBlurQuality:4]]
[2020.05.10-22.20.04:732][  0]LogConfig: Setting CVar [[r.AmbientOcclusionMipLevelFactor:0.4]]
[2020.05.10-22.20.04:733][  0]LogConfig: Setting CVar [[r.AmbientOcclusionMaxQuality:100]]
[2020.05.10-22.20.04:733][  0]LogConfig: Setting CVar [[r.AmbientOcclusionLevels:-1]]
[2020.05.10-22.20.04:733][  0]LogConfig: Setting CVar [[r.AmbientOcclusionRadiusScale:1.0]]
[2020.05.10-22.20.04:733][  0]LogConfig: Setting CVar [[r.DepthOfFieldQuality:2]]
[2020.05.10-22.20.04:733][  0]LogConfig: Setting CVar [[r.RenderTargetPoolMin:400]]
[2020.05.10-22.20.04:733][  0]LogConfig: Setting CVar [[r.LensFlareQuality:2]]
[2020.05.10-22.20.04:733][  0]LogConfig: Setting CVar [[r.SceneColorFringeQuality:1]]
[2020.05.10-22.20.04:733][  0]LogConfig: Setting CVar [[r.EyeAdaptationQuality:2]]
[2020.05.10-22.20.04:733][  0]LogConfig: Setting CVar [[r.BloomQuality:5]]
[2020.05.10-22.20.04:733][  0]LogConfig: Setting CVar [[r.FastBlurThreshold:100]]
[2020.05.10-22.20.04:733][  0]LogConfig: Setting CVar [[r.Upscale.Quality:3]]
[2020.05.10-22.20.04:733][  0]LogConfig: Setting CVar [[r.Tonemapper.GrainQuantization:1]]
[2020.05.10-22.20.04:733][  0]LogConfig: Setting CVar [[r.LightShaftQuality:1]]
[2020.05.10-22.20.04:733][  0]LogConfig: Setting CVar [[r.Filter.SizeScale:1]]
[2020.05.10-22.20.04:733][  0]LogConfig: Setting CVar [[r.Tonemapper.Quality:5]]
[2020.05.10-22.20.04:733][  0]LogConfig: Setting CVar [[r.DOF.Gather.AccumulatorQuality:1        ; higher gathering accumulator quality]]
[2020.05.10-22.20.04:733][  0]LogConfig: Setting CVar [[r.DOF.Gather.PostfilterMethod:1          ; Median3x3 postfilering method]]
[2020.05.10-22.20.04:733][  0]LogConfig: Setting CVar [[r.DOF.Gather.EnableBokehSettings:0       ; no bokeh simulation when gathering]]
[2020.05.10-22.20.04:733][  0]LogConfig: Setting CVar [[r.DOF.Gather.RingCount:4                 ; medium number of samples when gathering]]
[2020.05.10-22.20.04:733][  0]LogConfig: Setting CVar [[r.DOF.Scatter.ForegroundCompositing:1    ; additive foreground scattering]]
[2020.05.10-22.20.04:733][  0]LogConfig: Setting CVar [[r.DOF.Scatter.BackgroundCompositing:2    ; additive background scattering]]
[2020.05.10-22.20.04:733][  0]LogConfig: Setting CVar [[r.DOF.Scatter.EnableBokehSettings:1      ; bokeh simulation when scattering]]
[2020.05.10-22.20.04:733][  0]LogConfig: Setting CVar [[r.DOF.Scatter.MaxSpriteRatio:0.1         ; only a maximum of 10% of scattered bokeh]]
[2020.05.10-22.20.04:733][  0]LogConfig: Setting CVar [[r.DOF.Recombine.Quality:1                ; cheap slight out of focus]]
[2020.05.10-22.20.04:733][  0]LogConfig: Setting CVar [[r.DOF.Recombine.EnableBokehSettings:0    ; no bokeh simulation on slight out of focus]]
[2020.05.10-22.20.04:733][  0]LogConfig: Setting CVar [[r.DOF.TemporalAAQuality:1                ; more stable temporal accumulation]]
[2020.05.10-22.20.04:733][  0]LogConfig: Setting CVar [[r.DOF.Kernel.MaxForegroundRadius:0.025]]
[2020.05.10-22.20.04:733][  0]LogConfig: Setting CVar [[r.DOF.Kernel.MaxBackgroundRadius:0.025]]
[2020.05.10-22.20.04:733][  0]LogConfig: Applying CVar settings from Section [TextureQuality@3] File [C:/Users/Jason/Documents/GitHub/Project-Exodus/ProjectExodus/Saved/Config/Windows/Scalability.ini]
[2020.05.10-22.20.04:733][  0]LogConfig: Setting CVar [[r.Streaming.MipBias:0]]
[2020.05.10-22.20.04:733][  0]LogConfig: Setting CVar [[r.Streaming.AmortizeCPUToGPUCopy:0]]
[2020.05.10-22.20.04:733][  0]LogConfig: Setting CVar [[r.Streaming.MaxNumTexturesToStreamPerFrame:0]]
[2020.05.10-22.20.04:733][  0]LogConfig: Setting CVar [[r.Streaming.Boost:1]]
[2020.05.10-22.20.04:733][  0]LogConfig: Setting CVar [[r.MaxAnisotropy:8]]
[2020.05.10-22.20.04:733][  0]LogConfig: Setting CVar [[r.VT.MaxAnisotropy:8]]
[2020.05.10-22.20.04:733][  0]LogConfig: Setting CVar [[r.Streaming.LimitPoolSizeToVRAM:0]]
[2020.05.10-22.20.04:733][  0]LogConfig: Setting CVar [[r.Streaming.PoolSize:1000]]
[2020.05.10-22.20.04:733][  0]LogConfig: Setting CVar [[r.Streaming.MaxEffectiveScreenSize:0]]
[2020.05.10-22.20.04:733][  0]LogConfig: Applying CVar settings from Section [EffectsQuality@3] File [C:/Users/Jason/Documents/GitHub/Project-Exodus/ProjectExodus/Saved/Config/Windows/Scalability.ini]
[2020.05.10-22.20.04:733][  0]LogConfig: Setting CVar [[r.TranslucencyLightingVolumeDim:64]]
[2020.05.10-22.20.04:733][  0]LogConfig: Setting CVar [[r.RefractionQuality:2]]
[2020.05.10-22.20.04:733][  0]LogConfig: Setting CVar [[r.SSR.Quality:3]]
[2020.05.10-22.20.04:733][  0]LogConfig: Setting CVar [[r.SSR.HalfResSceneColor:0]]
[2020.05.10-22.20.04:733][  0]LogConfig: Setting CVar [[r.SceneColorFormat:4]]
[2020.05.10-22.20.04:733][  0]LogConfig: Setting CVar [[r.DetailMode:2]]
[2020.05.10-22.20.04:733][  0]LogConfig: Setting CVar [[r.TranslucencyVolumeBlur:1]]
[2020.05.10-22.20.04:733][  0]LogConfig: Setting CVar [[r.MaterialQualityLevel:1 ; High quality]]
[2020.05.10-22.20.04:733][  0]LogConfig: Setting CVar [[r.SSS.Scale:1]]
[2020.05.10-22.20.04:733][  0]LogConfig: Setting CVar [[r.SSS.SampleSet:2]]
[2020.05.10-22.20.04:733][  0]LogConfig: Setting CVar [[r.SSS.Quality:1]]
[2020.05.10-22.20.04:733][  0]LogConfig: Setting CVar [[r.SSS.HalfRes:1]]
[2020.05.10-22.20.04:733][  0]LogConfig: Setting CVar [[r.SSGI.Quality:3]]
[2020.05.10-22.20.04:733][  0]LogConfig: Setting CVar [[r.EmitterSpawnRateScale:1.0]]
[2020.05.10-22.20.04:733][  0]LogConfig: Setting CVar [[r.ParticleLightQuality:2]]
[2020.05.10-22.20.04:733][  0]LogConfig: Setting CVar [[r.SkyAtmosphere.AerialPerspectiveLUT.FastApplyOnOpaque:1 ; Always have FastSkyLUT 1 in this case to avoid wrong sky]]
[2020.05.10-22.20.04:733][  0]LogConfig: Setting CVar [[r.SkyAtmosphere.AerialPerspectiveLUT.SampleCountPerSlice:1]]
[2020.05.10-22.20.04:733][  0]LogConfig: Setting CVar [[r.SkyAtmosphere.AerialPerspectiveLUT.DepthResolution:16.0]]
[2020.05.10-22.20.04:733][  0]LogConfig: Setting CVar [[r.SkyAtmosphere.FastSkyLUT:1]]
[2020.05.10-22.20.04:733][  0]LogConfig: Setting CVar [[r.SkyAtmosphere.FastSkyLUT.SampleCountMin:4.0]]
[2020.05.10-22.20.04:733][  0]LogConfig: Setting CVar [[r.SkyAtmosphere.FastSkyLUT.SampleCountMax:32.0]]
[2020.05.10-22.20.04:733][  0]LogConfig: Setting CVar [[r.SkyAtmosphere.SampleCountMin:4.0]]
[2020.05.10-22.20.04:733][  0]LogConfig: Setting CVar [[r.SkyAtmosphere.SampleCountMax:32.0]]
[2020.05.10-22.20.04:733][  0]LogConfig: Setting CVar [[r.SkyAtmosphere.TransmittanceLUT.UseSmallFormat:0]]
[2020.05.10-22.20.04:733][  0]LogConfig: Setting CVar [[r.SkyAtmosphere.TransmittanceLUT.SampleCount:10.0]]
[2020.05.10-22.20.04:733][  0]LogConfig: Setting CVar [[r.SkyAtmosphere.MultiScatteringLUT.SampleCount:15.0]]
[2020.05.10-22.20.04:733][  0]LogConfig: Applying CVar settings from Section [FoliageQuality@3] File [C:/Users/Jason/Documents/GitHub/Project-Exodus/ProjectExodus/Saved/Config/Windows/Scalability.ini]
[2020.05.10-22.20.04:733][  0]LogConfig: Setting CVar [[foliage.DensityScale:1.0]]
[2020.05.10-22.20.04:733][  0]LogConfig: Setting CVar [[grass.DensityScale:1.0]]
[2020.05.10-22.20.04:733][  0]LogConfig: Applying CVar settings from Section [ShadingQuality@3] File [C:/Users/Jason/Documents/GitHub/Project-Exodus/ProjectExodus/Saved/Config/Windows/Scalability.ini]
[2020.05.10-22.20.04:733][  0]LogConfig: Setting CVar [[r.HairStrands.SkyLighting.SampleCount:16]]
[2020.05.10-22.20.04:733][  0]LogConfig: Setting CVar [[r.HairStrands.SkyLighting.JitterIntegration:0]]
[2020.05.10-22.20.04:734][  0]LogConfig: Setting CVar [[r.HairStrands.SkyAO.SampleCount:16]]
[2020.05.10-22.20.04:734][  0]LogInit: Selected Device Profile: [Windows]
[2020.05.10-22.20.04:734][  0]LogInit: Applying CVar settings loaded from the selected device profile: [Windows]
[2020.05.10-22.20.04:736][  0]LogHAL: Display: Platform has ~ 16 GB [17137152000 / 17179869184 / 16], which maps to Larger [LargestMinGB=32, LargerMinGB=12, DefaultMinGB=8, SmallerMinGB=6, SmallestMinGB=0)
[2020.05.10-22.20.04:736][  0]LogInit: Going up to parent DeviceProfile []
[2020.05.10-22.20.04:736][  0]LogConfig: Applying CVar settings from Section [ViewDistanceQuality@3] File [C:/Users/Jason/Documents/GitHub/Project-Exodus/ProjectExodus/Saved/Config/Windows/Scalability.ini]
[2020.05.10-22.20.04:736][  0]LogConfig: Setting CVar [[r.SkeletalMeshLODBias:0]]
[2020.05.10-22.20.04:736][  0]LogConfig: Setting CVar [[r.ViewDistanceScale:1.0]]
[2020.05.10-22.20.04:736][  0]LogConfig: Applying CVar settings from Section [AntiAliasingQuality@3] File [C:/Users/Jason/Documents/GitHub/Project-Exodus/ProjectExodus/Saved/Config/Windows/Scalability.ini]
[2020.05.10-22.20.04:736][  0]LogConfig: Setting CVar [[r.PostProcessAAQuality:4]]
[2020.05.10-22.20.04:736][  0]LogConfig: Applying CVar settings from Section [ShadowQuality@3] File [C:/Users/Jason/Documents/GitHub/Project-Exodus/ProjectExodus/Saved/Config/Windows/Scalability.ini]
[2020.05.10-22.20.04:736][  0]LogConfig: Setting CVar [[r.LightFunctionQuality:1]]
[2020.05.10-22.20.04:736][  0]LogConfig: Setting CVar [[r.ShadowQuality:5]]
[2020.05.10-22.20.04:736][  0]LogConfig: Setting CVar [[r.Shadow.CSM.MaxCascades:10]]
[2020.05.10-22.20.04:736][  0]LogConfig: Setting CVar [[r.Shadow.MaxResolution:2048]]
[2020.05.10-22.20.04:736][  0]LogConfig: Setting CVar [[r.Shadow.MaxCSMResolution:2048]]
[2020.05.10-22.20.04:736][  0]LogConfig: Setting CVar [[r.Shadow.RadiusThreshold:0.01]]
[2020.05.10-22.20.04:736][  0]LogConfig: Setting CVar [[r.Shadow.DistanceScale:1.0]]
[2020.05.10-22.20.04:736][  0]LogConfig: Setting CVar [[r.Shadow.CSM.TransitionScale:1.0]]
[2020.05.10-22.20.04:736][  0]LogConfig: Setting CVar [[r.Shadow.PreShadowResolutionFactor:1.0]]
[2020.05.10-22.20.04:736][  0]LogConfig: Setting CVar [[r.DistanceFieldShadowing:1]]
[2020.05.10-22.20.04:736][  0]LogConfig: Setting CVar [[r.DistanceFieldAO:1]]
[2020.05.10-22.20.04:736][  0]LogConfig: Setting CVar [[r.AOQuality:2]]
[2020.05.10-22.20.04:736][  0]LogConfig: Setting CVar [[r.VolumetricFog:1]]
[2020.05.10-22.20.04:736][  0]LogConfig: Setting CVar [[r.VolumetricFog.GridPixelSize:8]]
[2020.05.10-22.20.04:736][  0]LogConfig: Setting CVar [[r.VolumetricFog.GridSizeZ:128]]
[2020.05.10-22.20.04:736][  0]LogConfig: Setting CVar [[r.VolumetricFog.HistoryMissSupersampleCount:4]]
[2020.05.10-22.20.04:736][  0]LogConfig: Setting CVar [[r.LightMaxDrawDistanceScale:1]]
[2020.05.10-22.20.04:736][  0]LogConfig: Setting CVar [[r.CapsuleShadows:1]]
[2020.05.10-22.20.04:736][  0]LogConfig: Applying CVar settings from Section [PostProcessQuality@3] File [C:/Users/Jason/Documents/GitHub/Project-Exodus/ProjectExodus/Saved/Config/Windows/Scalability.ini]
[2020.05.10-22.20.04:736][  0]LogConfig: Setting CVar [[r.MotionBlurQuality:4]]
[2020.05.10-22.20.04:736][  0]LogConfig: Setting CVar [[r.AmbientOcclusionMipLevelFactor:0.4]]
[2020.05.10-22.20.04:736][  0]LogConfig: Setting CVar [[r.AmbientOcclusionMaxQuality:100]]
[2020.05.10-22.20.04:736][  0]LogConfig: Setting CVar [[r.AmbientOcclusionLevels:-1]]
[2020.05.10-22.20.04:736][  0]LogConfig: Setting CVar [[r.AmbientOcclusionRadiusScale:1.0]]
[2020.05.10-22.20.04:736][  0]LogConfig: Setting CVar [[r.DepthOfFieldQuality:2]]
[2020.05.10-22.20.04:736][  0]LogConfig: Setting CVar [[r.RenderTargetPoolMin:400]]
[2020.05.10-22.20.04:736][  0]LogConfig: Setting CVar [[r.LensFlareQuality:2]]
[2020.05.10-22.20.04:736][  0]LogConfig: Setting CVar [[r.SceneColorFringeQuality:1]]
[2020.05.10-22.20.04:737][  0]LogConfig: Setting CVar [[r.EyeAdaptationQuality:2]]
[2020.05.10-22.20.04:737][  0]LogConfig: Setting CVar [[r.BloomQuality:5]]
[2020.05.10-22.20.04:737][  0]LogConfig: Setting CVar [[r.FastBlurThreshold:100]]
[2020.05.10-22.20.04:737][  0]LogConfig: Setting CVar [[r.Upscale.Quality:3]]
[2020.05.10-22.20.04:737][  0]LogConfig: Setting CVar [[r.Tonemapper.GrainQuantization:1]]
[2020.05.10-22.20.04:737][  0]LogConfig: Setting CVar [[r.LightShaftQuality:1]]
[2020.05.10-22.20.04:737][  0]LogConfig: Setting CVar [[r.Filter.SizeScale:1]]
[2020.05.10-22.20.04:737][  0]LogConfig: Setting CVar [[r.Tonemapper.Quality:5]]
[2020.05.10-22.20.04:737][  0]LogConfig: Setting CVar [[r.DOF.Gather.AccumulatorQuality:1        ; higher gathering accumulator quality]]
[2020.05.10-22.20.04:737][  0]LogConfig: Setting CVar [[r.DOF.Gather.PostfilterMethod:1          ; Median3x3 postfilering method]]
[2020.05.10-22.20.04:737][  0]LogConfig: Setting CVar [[r.DOF.Gather.EnableBokehSettings:0       ; no bokeh simulation when gathering]]
[2020.05.10-22.20.04:737][  0]LogConfig: Setting CVar [[r.DOF.Gather.RingCount:4                 ; medium number of samples when gathering]]
[2020.05.10-22.20.04:737][  0]LogConfig: Setting CVar [[r.DOF.Scatter.ForegroundCompositing:1    ; additive foreground scattering]]
[2020.05.10-22.20.04:737][  0]LogConfig: Setting CVar [[r.DOF.Scatter.BackgroundCompositing:2    ; additive background scattering]]
[2020.05.10-22.20.04:737][  0]LogConfig: Setting CVar [[r.DOF.Scatter.EnableBokehSettings:1      ; bokeh simulation when scattering]]
[2020.05.10-22.20.04:737][  0]LogConfig: Setting CVar [[r.DOF.Scatter.MaxSpriteRatio:0.1         ; only a maximum of 10% of scattered bokeh]]
[2020.05.10-22.20.04:737][  0]LogConfig: Setting CVar [[r.DOF.Recombine.Quality:1                ; cheap slight out of focus]]
[2020.05.10-22.20.04:737][  0]LogConfig: Setting CVar [[r.DOF.Recombine.EnableBokehSettings:0    ; no bokeh simulation on slight out of focus]]
[2020.05.10-22.20.04:737][  0]LogConfig: Setting CVar [[r.DOF.TemporalAAQuality:1                ; more stable temporal accumulation]]
[2020.05.10-22.20.04:737][  0]LogConfig: Setting CVar [[r.DOF.Kernel.MaxForegroundRadius:0.025]]
[2020.05.10-22.20.04:737][  0]LogConfig: Setting CVar [[r.DOF.Kernel.MaxBackgroundRadius:0.025]]
[2020.05.10-22.20.04:737][  0]LogConfig: Applying CVar settings from Section [TextureQuality@3] File [C:/Users/Jason/Documents/GitHub/Project-Exodus/ProjectExodus/Saved/Config/Windows/Scalability.ini]
[2020.05.10-22.20.04:737][  0]LogConfig: Setting CVar [[r.Streaming.MipBias:0]]
[2020.05.10-22.20.04:737][  0]LogConfig: Setting CVar [[r.Streaming.AmortizeCPUToGPUCopy:0]]
[2020.05.10-22.20.04:737][  0]LogConfig: Setting CVar [[r.Streaming.MaxNumTexturesToStreamPerFrame:0]]
[2020.05.10-22.20.04:737][  0]LogConfig: Setting CVar [[r.Streaming.Boost:1]]
[2020.05.10-22.20.04:737][  0]LogConfig: Setting CVar [[r.MaxAnisotropy:8]]
[2020.05.10-22.20.04:737][  0]LogConfig: Setting CVar [[r.VT.MaxAnisotropy:8]]
[2020.05.10-22.20.04:737][  0]LogConfig: Setting CVar [[r.Streaming.LimitPoolSizeToVRAM:0]]
[2020.05.10-22.20.04:737][  0]LogConfig: Setting CVar [[r.Streaming.PoolSize:1000]]
[2020.05.10-22.20.04:737][  0]LogConfig: Setting CVar [[r.Streaming.MaxEffectiveScreenSize:0]]
[2020.05.10-22.20.04:737][  0]LogConfig: Applying CVar settings from Section [EffectsQuality@3] File [C:/Users/Jason/Documents/GitHub/Project-Exodus/ProjectExodus/Saved/Config/Windows/Scalability.ini]
[2020.05.10-22.20.04:737][  0]LogConfig: Setting CVar [[r.TranslucencyLightingVolumeDim:64]]
[2020.05.10-22.20.04:737][  0]LogConfig: Setting CVar [[r.RefractionQuality:2]]
[2020.05.10-22.20.04:737][  0]LogConfig: Setting CVar [[r.SSR.Quality:3]]
[2020.05.10-22.20.04:737][  0]LogConfig: Setting CVar [[r.SSR.HalfResSceneColor:0]]
[2020.05.10-22.20.04:737][  0]LogConfig: Setting CVar [[r.SceneColorFormat:4]]
[2020.05.10-22.20.04:737][  0]LogConfig: Setting CVar [[r.DetailMode:2]]
[2020.05.10-22.20.04:737][  0]LogConfig: Setting CVar [[r.TranslucencyVolumeBlur:1]]
[2020.05.10-22.20.04:737][  0]LogConfig: Setting CVar [[r.MaterialQualityLevel:1 ; High quality]]
[2020.05.10-22.20.04:737][  0]LogConfig: Setting CVar [[r.SSS.Scale:1]]
[2020.05.10-22.20.04:737][  0]LogConfig: Setting CVar [[r.SSS.SampleSet:2]]
[2020.05.10-22.20.04:737][  0]LogConfig: Setting CVar [[r.SSS.Quality:1]]
[2020.05.10-22.20.04:737][  0]LogConfig: Setting CVar [[r.SSS.HalfRes:1]]
[2020.05.10-22.20.04:737][  0]LogConfig: Setting CVar [[r.SSGI.Quality:3]]
[2020.05.10-22.20.04:737][  0]LogConfig: Setting CVar [[r.EmitterSpawnRateScale:1.0]]
[2020.05.10-22.20.04:737][  0]LogConfig: Setting CVar [[r.ParticleLightQuality:2]]
[2020.05.10-22.20.04:737][  0]LogConfig: Setting CVar [[r.SkyAtmosphere.AerialPerspectiveLUT.FastApplyOnOpaque:1 ; Always have FastSkyLUT 1 in this case to avoid wrong sky]]
[2020.05.10-22.20.04:737][  0]LogConfig: Setting CVar [[r.SkyAtmosphere.AerialPerspectiveLUT.SampleCountPerSlice:1]]
[2020.05.10-22.20.04:737][  0]LogConfig: Setting CVar [[r.SkyAtmosphere.AerialPerspectiveLUT.DepthResolution:16.0]]
[2020.05.10-22.20.04:737][  0]LogConfig: Setting CVar [[r.SkyAtmosphere.FastSkyLUT:1]]
[2020.05.10-22.20.04:737][  0]LogConfig: Setting CVar [[r.SkyAtmosphere.FastSkyLUT.SampleCountMin:4.0]]
[2020.05.10-22.20.04:737][  0]LogConfig: Setting CVar [[r.SkyAtmosphere.FastSkyLUT.SampleCountMax:32.0]]
[2020.05.10-22.20.04:737][  0]LogConfig: Setting CVar [[r.SkyAtmosphere.SampleCountMin:4.0]]
[2020.05.10-22.20.04:737][  0]LogConfig: Setting CVar [[r.SkyAtmosphere.SampleCountMax:32.0]]
[2020.05.10-22.20.04:737][  0]LogConfig: Setting CVar [[r.SkyAtmosphere.TransmittanceLUT.UseSmallFormat:0]]
[2020.05.10-22.20.04:737][  0]LogConfig: Setting CVar [[r.SkyAtmosphere.TransmittanceLUT.SampleCount:10.0]]
[2020.05.10-22.20.04:737][  0]LogConfig: Setting CVar [[r.SkyAtmosphere.MultiScatteringLUT.SampleCount:15.0]]
[2020.05.10-22.20.04:737][  0]LogConfig: Applying CVar settings from Section [FoliageQuality@3] File [C:/Users/Jason/Documents/GitHub/Project-Exodus/ProjectExodus/Saved/Config/Windows/Scalability.ini]
[2020.05.10-22.20.04:737][  0]LogConfig: Setting CVar [[foliage.DensityScale:1.0]]
[2020.05.10-22.20.04:737][  0]LogConfig: Setting CVar [[grass.DensityScale:1.0]]
[2020.05.10-22.20.04:737][  0]LogConfig: Applying CVar settings from Section [ShadingQuality@3] File [C:/Users/Jason/Documents/GitHub/Project-Exodus/ProjectExodus/Saved/Config/Windows/Scalability.ini]
[2020.05.10-22.20.04:737][  0]LogConfig: Setting CVar [[r.HairStrands.SkyLighting.SampleCount:16]]
[2020.05.10-22.20.04:737][  0]LogConfig: Setting CVar [[r.HairStrands.SkyLighting.JitterIntegration:0]]
[2020.05.10-22.20.04:737][  0]LogConfig: Setting CVar [[r.HairStrands.SkyAO.SampleCount:16]]
[2020.05.10-22.20.04:737][  0]LogConfig: Applying CVar settings from Section [Startup] File [../../../Engine/Config/ConsoleVariables.ini]
[2020.05.10-22.20.04:737][  0]LogConfig: Setting CVar [[net.UseAdaptiveNetUpdateFrequency:0]]
[2020.05.10-22.20.04:737][  0]LogConfig: Setting CVar [[p.chaos.AllowCreatePhysxBodies:1]]
[2020.05.10-22.20.04:737][  0]LogConfig: Applying CVar settings from Section [ConsoleVariables] File [C:/Users/Jason/Documents/GitHub/Project-Exodus/ProjectExodus/Saved/Config/Windows/Engine.ini]
[2020.05.10-22.20.04:738][  0]LogInit: Computer: DESKTOP-AF23D8D
[2020.05.10-22.20.04:738][  0]LogInit: User: Jason
[2020.05.10-22.20.04:738][  0]LogInit: CPU Page size=4096, Cores=4
[2020.05.10-22.20.04:738][  0]LogInit: High frequency timer resolution =10.000000 MHz
[2020.05.10-22.20.04:738][  0]LogMemory: Memory total: Physical=16.0GB (16GB approx)
[2020.05.10-22.20.04:738][  0]LogMemory: Platform Memory Stats for Windows
[2020.05.10-22.20.04:738][  0]LogMemory: Process Physical Memory: 109.03 MB used, 109.04 MB peak
[2020.05.10-22.20.04:738][  0]LogMemory: Process Virtual Memory: 104.50 MB used, 104.50 MB peak
[2020.05.10-22.20.04:738][  0]LogMemory: Physical Memory: 11011.82 MB used,  5331.44 MB free, 16343.26 MB total
[2020.05.10-22.20.04:738][  0]LogMemory: Virtual Memory: 5178.86 MB used,  134212552.00 MB free, 134217728.00 MB total
[2020.05.10-22.20.04:741][  0]LogWindows: WindowsPlatformFeatures enabled
[2020.05.10-22.20.04:757][  0]LogInit: Using OS detected language (en-US).
[2020.05.10-22.20.04:757][  0]LogInit: Using OS detected locale (en-GB).
[2020.05.10-22.20.04:757][  0]LogTextLocalizationManager: No specific localization for 'en-US' exists, so the 'en' localization will be used.
[2020.05.10-22.20.04:949][  0]LogSlate: New Slate User Created.  User Index 0, Is Virtual User: 0
[2020.05.10-22.20.04:949][  0]LogSlate: Slate User Registered.  User Index 0, Is Virtual User: 0
[2020.05.10-22.20.04:996][  0]LogHMD: Failed to initialize OpenVR with code 117
[2020.05.10-22.20.04:996][  0]LogD3D11RHI: D3D11 min allowed feature level: 11_0
[2020.05.10-22.20.04:996][  0]LogD3D11RHI: D3D11 max allowed feature level: 11_0
[2020.05.10-22.20.04:996][  0]LogD3D11RHI: D3D11 adapters:
[2020.05.10-22.20.05:043][  0]LogD3D11RHI:    0. 'NVIDIA GeForce GTX 970' (Feature Level 11_0)
[2020.05.10-22.20.05:043][  0]LogD3D11RHI:       4043/0/8171 MB DedicatedVideo/DedicatedSystem/SharedSystem, Outputs:3, VendorId:0x10de
[2020.05.10-22.20.05:045][  0]LogD3D11RHI:    1. 'Microsoft Basic Render Driver' (Feature Level 11_0)
[2020.05.10-22.20.05:045][  0]LogD3D11RHI:       0/0/8171 MB DedicatedVideo/DedicatedSystem/SharedSystem, Outputs:0, VendorId:0x1414
[2020.05.10-22.20.05:045][  0]LogD3D11RHI: Chosen D3D11 Adapter: 0
[2020.05.10-22.20.05:052][  0]LogD3D11RHI: Creating new Direct3DDevice
[2020.05.10-22.20.05:053][  0]LogD3D11RHI:     GPU DeviceId: 0x13c2 (for the marketing name, search the web for "GPU Device Id")
[2020.05.10-22.20.05:053][  0]LogWindows: EnumDisplayDevices:
[2020.05.10-22.20.05:053][  0]LogWindows:    0. 'NVIDIA GeForce GTX 970' (P:1 D:1)
[2020.05.10-22.20.05:053][  0]LogWindows:    1. 'NVIDIA GeForce GTX 970' (P:0 D:1)
[2020.05.10-22.20.05:054][  0]LogWindows:    2. 'NVIDIA GeForce GTX 970' (P:0 D:1)
[2020.05.10-22.20.05:054][  0]LogWindows:    3. 'NVIDIA GeForce GTX 970' (P:0 D:0)
[2020.05.10-22.20.05:054][  0]LogWindows: DebugString: FoundDriverCount:4 
[2020.05.10-22.20.05:054][  0]LogD3D11RHI:     Adapter Name: NVIDIA GeForce GTX 970
[2020.05.10-22.20.05:054][  0]LogD3D11RHI:   Driver Version: 442.59 (internal:26.21.14.4259, unified:442.59)
[2020.05.10-22.20.05:054][  0]LogD3D11RHI:      Driver Date: 3-4-2020
[2020.05.10-22.20.05:054][  0]LogRHI: Texture pool is 2830 MB (70% of 4043 MB)
[2020.05.10-22.20.05:090][  0]LogD3D11RHI: RHI has support for 64 bit atomics
[2020.05.10-22.20.05:090][  0]LogD3D11RHI: Async texture creation enabled
[2020.05.10-22.20.05:111][  0]LogD3D11RHI: GPU Timing Frequency: 1000.000000 (Debug: 2 1)
[2020.05.10-22.20.05:350][  0]LogTargetPlatformManager: Display: Loaded TargetPlatform 'WindowsNoEditor'
[2020.05.10-22.20.05:352][  0]LogTargetPlatformManager: Display: Loaded TargetPlatform 'Windows'
[2020.05.10-22.20.05:358][  0]LogTargetPlatformManager: Display: Loaded TargetPlatform 'WindowsClient'
[2020.05.10-22.20.05:363][  0]LogTargetPlatformManager: Display: Loaded TargetPlatform 'WindowsServer'
[2020.05.10-22.20.05:363][  0]LogTargetPlatformManager: Display: Building Assets For Windows
[2020.05.10-22.20.05:365][  0]LogAudioDebug: Display: Lib vorbis DLL was dynamically loaded.
[2020.05.10-22.20.05:378][  0]LogShaderCompilers: Guid format shader working directory is -15 characters bigger than the processId version (C:/Users/Jason/Documents/GitHub/Project-Exodus/ProjectExodus/Intermediate/Shaders/WorkingDirectory/21948/).
[2020.05.10-22.20.05:378][  0]LogShaderCompilers: Cleaned the shader compiler working directory 'C:/Users/Jason/AppData/Local/Temp/UnrealShaderWorkingDir/B938F2474FAEBDC703499C869A02F553/'.
[2020.05.10-22.20.05:378][  0]LogXGEController: Cannot use XGE Controller as Incredibuild is not installed on this machine.
[2020.05.10-22.20.05:378][  0]LogShaderCompilers: Cannot use XGE Shader Compiler as Incredibuild is not installed on this machine.
[2020.05.10-22.20.05:378][  0]LogShaderCompilers: Display: Using Local Shader Compiler.
[2020.05.10-22.20.05:924][  0]LogDerivedDataCache: Display: Max Cache Size: 512 MB
[2020.05.10-22.20.05:975][  0]LogDerivedDataCache: Loaded boot cache 0.05s 86MB C:/Users/Jason/AppData/Local/UnrealEngine/4.24/DerivedDataCache/Boot.ddc.
[2020.05.10-22.20.05:975][  0]LogDerivedDataCache: Display: Loaded Boot cache: C:/Users/Jason/AppData/Local/UnrealEngine/4.24/DerivedDataCache/Boot.ddc
[2020.05.10-22.20.05:976][  0]LogDerivedDataCache: FDerivedDataBackendGraph:  Pak pak cache file C:/Users/Jason/Documents/GitHub/Project-Exodus/ProjectExodus/DerivedDataCache/DDC.ddp not found, will not use a pak cache.
[2020.05.10-22.20.05:976][  0]LogDerivedDataCache: Unable to find inner node Pak for hierarchical cache Hierarchy.
[2020.05.10-22.20.05:976][  0]LogDerivedDataCache: FDerivedDataBackendGraph:  CompressedPak pak cache file C:/Users/Jason/Documents/GitHub/Project-Exodus/ProjectExodus/DerivedDataCache/Compressed.ddp not found, will not use a pak cache.
[2020.05.10-22.20.05:976][  0]LogDerivedDataCache: Unable to find inner node CompressedPak for hierarchical cache Hierarchy.
[2020.05.10-22.20.05:983][  0]LogDerivedDataCache: Display: Pak cache opened for reading ../../../Engine/DerivedDataCache/Compressed.ddp.
[2020.05.10-22.20.05:984][  0]LogDerivedDataCache: FDerivedDataBackendGraph:  EnterprisePak pak cache file ../../../Enterprise/DerivedDataCache/Compressed.ddp not found, will not use a pak cache.
[2020.05.10-22.20.05:984][  0]LogDerivedDataCache: Unable to find inner node EnterprisePak for hierarchical cache Hierarchy.
[2020.05.10-22.20.05:985][  0]LogDerivedDataCache: Using Local data cache path C:/Users/Jason/AppData/Local/UnrealEngine/Common/DerivedDataCache: Writable
[2020.05.10-22.20.05:985][  0]LogDerivedDataCache: Shared data cache path not found in *engine.ini, will not use an Shared cache.
[2020.05.10-22.20.05:985][  0]LogDerivedDataCache: Unable to find inner node Shared for hierarchical cache Hierarchy.
[2020.05.10-22.20.06:004][  0]LogMaterial: Verifying Global Shaders for PCD3D_SM5
[2020.05.10-22.20.06:006][  0]LogSlate: Using FreeType 2.10.0
[2020.05.10-22.20.06:006][  0]LogSlate: SlateFontServices - WITH_FREETYPE: 1, WITH_HARFBUZZ: 1
[2020.05.10-22.20.06:085][  0]LogInit: Using OS detected language (en-US).
[2020.05.10-22.20.06:085][  0]LogInit: Using OS detected locale (en-GB).
[2020.05.10-22.20.06:086][  0]LogTextLocalizationManager: No localization for 'en-US' exists, so 'en' will be used for the language.
[2020.05.10-22.20.06:086][  0]LogTextLocalizationManager: No localization for 'en-GB' exists, so 'en' will be used for the locale.
[2020.05.10-22.20.06:086][  0]LogSlate: FontCache flush requested. Reason: Culture for localization was changed
[2020.05.10-22.20.06:086][  0]LogSlate: FontCache flush requested. Reason: Culture for localization was changed
[2020.05.10-22.20.06:086][  0]LogTextLocalizationManager: Compacting localization data took   0.00ms
[2020.05.10-22.20.06:088][  0]LogAssetRegistry: FAssetRegistry took 0.0012 seconds to start up
[2020.05.10-22.20.06:270][  0]LogPackageLocalizationCache: Processed 10 localized package path(s) for 1 prioritized culture(s) in 0.000379 seconds
[2020.05.10-22.20.06:310][  0]LogInit: Selected Device Profile: [Windows]
[2020.05.10-22.20.06:402][  0]LogMeshReduction: Using QuadricMeshReduction for automatic static mesh reduction
[2020.05.10-22.20.06:402][  0]LogMeshReduction: Using SimplygonMeshReduction for automatic skeletal mesh reduction
[2020.05.10-22.20.06:402][  0]LogMeshReduction: Using ProxyLODMeshReduction for automatic mesh merging
[2020.05.10-22.20.06:402][  0]LogMeshReduction: No distributed automatic mesh merging module available
[2020.05.10-22.20.06:402][  0]LogMeshMerging: No distributed automatic mesh merging module available
[2020.05.10-22.20.06:418][  0]LogNetVersion: ProjectExodus 1.0.0, NetCL: 10570792, EngineNetVer: 13, GameNetVer: 0 (Checksum: 3289163539)
[2020.05.10-22.20.06:763][  0]LogMoviePlayer: Initializing movie player
[2020.05.10-22.20.06:835][  0]LogTcpMessaging: Initializing TcpMessaging bridge
[2020.05.10-22.20.06:836][  0]LogUdpMessaging: Initializing bridge on interface 0.0.0.0:0 to multicast group 230.0.0.1:6666.
[2020.05.10-22.20.06:944][  0]SourceControl: Source control is disabled
[2020.05.10-22.20.06:944][  0]SourceControl: Source control is disabled
[2020.05.10-22.20.06:944][  0]SourceControl: Source control is disabled
[2020.05.10-22.20.06:963][  0]LogAndroidPermission: UAndroidPermissionCallbackProxy::GetInstance
[2020.05.10-22.20.06:966][  0]LogAudioCaptureCore: Display: No Audio Capture implementations found. Audio input will be silent.
[2020.05.10-22.20.06:966][  0]LogAudioCaptureCore: Display: No Audio Capture implementations found. Audio input will be silent.
[2020.05.10-22.20.07:004][  0]LogOcInput: OculusInput pre-init called
[2020.05.10-22.20.07:012][  0]LogUObjectArray: 53839 objects as part of root set at end of initial load.
[2020.05.10-22.20.07:012][  0]LogUObjectAllocator: 9625496 out of 0 bytes used by permanent object pool.
[2020.05.10-22.20.07:012][  0]LogUObjectArray: CloseDisregardForGC: 0/0 objects in disregard for GC pool
[2020.05.10-22.20.07:050][  0]LogEngine: Initializing Engine...
[2020.05.10-22.20.07:088][  0]LogHMD: Failed to initialize OpenVR with code 117
[2020.05.10-22.20.07:090][  0]LogStats: UGameplayTagsManager::InitializeManager -  0.000 s
[2020.05.10-22.20.07:229][  0]LogInit: Initializing FReadOnlyCVARCache
[2020.05.10-22.20.07:230][  0]LogAudioMixer: Display: Audio Mixer Platform Settings:
[2020.05.10-22.20.07:230][  0]LogAudioMixer: Display: 	Sample Rate:						  48000
[2020.05.10-22.20.07:230][  0]LogAudioMixer: Display: 	Callback Buffer Frame Size Requested: 1024
[2020.05.10-22.20.07:230][  0]LogAudioMixer: Display: 	Callback Buffer Frame Size To Use:	  1024
[2020.05.10-22.20.07:231][  0]LogAudioMixer: Display: 	Number of buffers to queue:			  2
[2020.05.10-22.20.07:231][  0]LogAudioMixer: Display: 	Max Channels (voices):				  32
[2020.05.10-22.20.07:231][  0]LogAudioMixer: Display: 	Number of Async Source Workers:		  0
[2020.05.10-22.20.07:231][  0]LogAudio: Display: AudioDevice MaxSources: 32
[2020.05.10-22.20.07:231][  0]LogAudio: Display: Using built-in audio occlusion.
[2020.05.10-22.20.07:231][  0]LogAudioMixer: Display: Initializing audio mixer.
[2020.05.10-22.20.07:261][  0]LogAudioMixer: Display: Audio Device Output Speaker Info:
[2020.05.10-22.20.07:261][  0]LogAudioMixer: Display: Name: Speakers (Realtek High Definition Audio)
[2020.05.10-22.20.07:261][  0]LogAudioMixer: Display: Is Default: Yes
[2020.05.10-22.20.07:261][  0]LogAudioMixer: Display: Sample Rate: 48000
[2020.05.10-22.20.07:261][  0]LogAudioMixer: Display: Channel Count Used: 2
[2020.05.10-22.20.07:261][  0]LogAudioMixer: Display: Device Channel Count: 2
[2020.05.10-22.20.07:261][  0]LogAudioMixer: Display: Channel Order:
[2020.05.10-22.20.07:261][  0]LogAudioMixer: Display: 0: FrontLeft
[2020.05.10-22.20.07:261][  0]LogAudioMixer: Display: 1: FrontRight
[2020.05.10-22.20.07:280][  0]LogAudioMixer: Display: Using Audio Device Speakers (Realtek High Definition Audio)
[2020.05.10-22.20.07:288][  0]LogInit: FAudioDevice initialized.
[2020.05.10-22.20.07:288][  0]LogNetVersion: Set ProjectVersion to 1.0.0.0. Version Checksum will be recalculated on next use.
[2020.05.10-22.20.07:290][  0]LogInit: Texture streaming: Enabled
[2020.05.10-22.20.07:384][  0]LogSlate: Updating window title bar state: overlay mode, drag disabled, window buttons hidden, title bar hidden
[2020.05.10-22.20.07:384][  0]LogInit: Display: Game Engine Initialized.
[2020.05.10-22.20.07:392][  0]LogInit: Display: Starting Game.
[2020.05.10-22.20.07:392][  0]LogNet: Browse: /Game/Levels/LevelOne?Name=Player
[2020.05.10-22.20.07:392][  0]LogLoad: LoadMap: /Game/Levels/LevelOne?Name=Player
[2020.05.10-22.20.07:392][  0]LogWorld: BeginTearingDown for /Temp/Untitled_0
[2020.05.10-22.20.07:393][  0]LogWorld: UWorld::CleanupWorld for Untitled, bSessionEnded=true, bCleanupResources=true
[2020.05.10-22.20.07:393][  0]LogSlate: InvalidateAllWidgets triggered.  All widgets were invalidated
[2020.05.10-22.20.07:411][  0]LogAudioMixer: Display: No commands were queued while flushing the source manager.
[2020.05.10-22.20.07:414][  0]LogUObjectHash: Compacting FUObjectHashTables data took   1.46ms
[2020.05.10-22.20.08:767][  0]LogAIModule: Creating AISystem for world LevelOne
[2020.05.10-22.20.08:767][  0]LogLoad: Game class is 'GameModeBase'
[2020.05.10-22.20.09:182][  0]LogWorld: Bringing World /Game/Levels/LevelOne.LevelOne up for play (max tick rate 0) at 2020.05.10-23.20.09
[2020.05.10-22.20.09:183][  0]LogWorld: Bringing up level for play took: 0.415482
[2020.05.10-22.20.09:184][  0]LogGameMode: FindPlayerStart: PATHS NOT DEFINED or NO PLAYERSTART with positive rating
[2020.05.10-22.20.09:202][  0]LogLoad: Took 1.810391 seconds to LoadMap(/Game/Levels/LevelOne)
[2020.05.10-22.20.09:240][  0]LogSlate: Took 0.000160 seconds to synchronously load lazily loaded font '../../../Engine/Content/Slate/Fonts/Roboto-Regular.ttf' (155K)
[2020.05.10-22.20.09:270][  0]LogRenderer: Reallocating scene render targets to support 1280x720 Format 10 NumSamples 1 (Frame:1).
[2020.05.10-22.20.09:270][  0]LogLoad: (Engine Initialization) Total time: 5.86 seconds
[2020.05.10-22.20.09:270][  0]LogLoad: (Engine Initialization) Total Blueprint compile time: 0.00 seconds
[2020.05.10-22.20.09:283][  0]LogRawInputWindows: Warning: Found device 14 devices
[2020.05.10-22.20.09:283][  0]LogRawInputWindows: Warning: Found device 14 devices
[2020.05.10-22.20.09:283][  0]LogRawInputWindows: Warning: Device was registered succesfully but not connected (Usage:4 UsagePage:1)
[2020.05.10-22.20.09:283][  0]LogRawInputWindows: Warning: Found device 14 devices
[2020.05.10-22.20.09:283][  0]LogRawInputWindows: Warning: Device was registered succesfully but not connected (Usage:5 UsagePage:1)
[2020.05.10-22.20.09:286][  0]LogContentStreaming: Texture pool size now 1000 MB
[2020.05.10-22.20.09:289][  0]LogSlate: InvalidateAllWidgets triggered.  All widgets were invalidated
[2020.05.10-22.20.09:329][  0]LogRenderer: Reallocating scene render targets to support 128x128 Format 10 NumSamples 1 (Frame:1).
[2020.05.10-22.20.09:373][  0]LogRenderer: Reallocating scene render targets to support 1280x720 Format 10 NumSamples 1 (Frame:2).
[2020.05.10-22.20.09:393][  1]LogSlate: Took 0.000135 seconds to synchronously load lazily loaded font '../../../Engine/Content/Slate/Fonts/Roboto-Regular.ttf' (155K)
[2020.05.10-22.20.44:668][ 50]LogProjectileMovement: Warning: EnemyProjectile_BP_C_1 is outside the world bounds!
[2020.05.10-22.20.44:986][101]LogProjectileMovement: Warning: EnemyProjectile_BP_C_0 is outside the world bounds!
[2020.05.10-22.20.45:275][147]LogProjectileMovement: Warning: EnemyProjectile_BP_C_2 is outside the world bounds!
[2020.05.10-22.20.45:844][239]LogProjectileMovement: Warning: EnemyProjectile_BP_C_6 is outside the world bounds!
[2020.05.10-22.20.45:961][257]LogProjectileMovement: Warning: EnemyProjectile_BP_C_3 is outside the world bounds!
[2020.05.10-22.20.46:325][315]LogProjectileMovement: Warning: EnemyProjectile_BP_C_5 is outside the world bounds!
[2020.05.10-22.20.46:369][322]LogProjectileMovement: Warning: EnemyProjectile_BP_C_13 is outside the world bounds!
[2020.05.10-22.20.46:422][331]LogProjectileMovement: Warning: EnemyProjectile_BP_C_4 is outside the world bounds!
[2020.05.10-22.20.46:755][385]LogProjectileMovement: Warning: EnemyProjectile_BP_C_9 is outside the world bounds!
[2020.05.10-22.20.46:889][408]LogProjectileMovement: Warning: EnemyProjectile_BP_C_10 is outside the world bounds!
[2020.05.10-22.20.46:911][412]LogProjectileMovement: Warning: EnemyProjectile_BP_C_16 is outside the world bounds!
[2020.05.10-22.20.47:128][450]LogProjectileMovement: Warning: EnemyProjectile_BP_C_11 is outside the world bounds!
[2020.05.10-22.20.47:246][473]LogProjectileMovement: Warning: EnemyProjectile_BP_C_7 is outside the world bounds!
[2020.05.10-22.20.47:401][503]LogProjectileMovement: Warning: EnemyProjectile_BP_C_8 is outside the world bounds!
[2020.05.10-22.20.47:427][508]LogProjectileMovement: Warning: EnemyProjectile_BP_C_14 is outside the world bounds!
[2020.05.10-22.20.47:478][518]LogProjectileMovement: Warning: EnemyProjectile_BP_C_22 is outside the world bounds!
[2020.05.10-22.20.47:846][592]LogProjectileMovement: Warning: EnemyProjectile_BP_C_15 is outside the world bounds!
[2020.05.10-22.20.47:899][603]LogProjectileMovement: Warning: EnemyProjectile_BP_C_17 is outside the world bounds!
[2020.05.10-22.20.47:984][620]LogProjectileMovement: Warning: EnemyProjectile_BP_C_12 is outside the world bounds!
[2020.05.10-22.20.48:007][625]LogProjectileMovement: Warning: EnemyProjectile_BP_C_18 is outside the world bounds!
[2020.05.10-22.20.48:060][636]LogProjectileMovement: Warning: EnemyProjectile_BP_C_23 is outside the world bounds!
[2020.05.10-22.20.48:454][719]LogProjectileMovement: Warning: EnemyProjectile_BP_C_21 is outside the world bounds!
[2020.05.10-22.20.48:604][751]LogProjectileMovement: Warning: EnemyProjectile_BP_C_28 is outside the world bounds!
[2020.05.10-22.20.48:805][793]LogProjectileMovement: Warning: EnemyProjectile_BP_C_26 is outside the world bounds!
[2020.05.10-22.20.48:905][814]LogProjectileMovement: Warning: EnemyProjectile_BP_C_35 is outside the world bounds!
[2020.05.10-22.20.49:056][845]LogProjectileMovement: Warning: EnemyProjectile_BP_C_27 is outside the world bounds!
[2020.05.10-22.20.49:067][847]LogProjectileMovement: Warning: EnemyProjectile_BP_C_25 is outside the world bounds!
[2020.05.10-22.20.49:175][870]LogProjectileMovement: Warning: EnemyProjectile_BP_C_19 is outside the world bounds!
[2020.05.10-22.20.49:209][877]LogProjectileMovement: Warning: EnemyProjectile_BP_C_40 is outside the world bounds!
[2020.05.10-22.20.49:385][913]LogProjectileMovement: Warning: EnemyProjectile_BP_C_29 is outside the world bounds!
[2020.05.10-22.20.49:400][916]LogProjectileMovement: Warning: EnemyProjectile_BP_C_20 is outside the world bounds!
[2020.05.10-22.20.49:583][954]LogProjectileMovement: Warning: EnemyProjectile_BP_C_48 is outside the world bounds!
[2020.05.10-22.20.49:683][974]LogProjectileMovement: Warning: EnemyProjectile_BP_C_31 is outside the world bounds!
[2020.05.10-22.20.49:833][  5]LogProjectileMovement: Warning: EnemyProjectile_BP_C_30 is outside the world bounds!
[2020.05.10-22.20.50:024][ 42]LogProjectileMovement: Warning: EnemyProjectile_BP_C_34 is outside the world bounds!
[2020.05.10-22.20.50:078][ 52]LogProjectileMovement: Warning: EnemyProjectile_BP_C_56 is outside the world bounds!
[2020.05.10-22.20.50:302][ 95]LogProjectileMovement: Warning: EnemyProjectile_BP_C_24 is outside the world bounds!
[2020.05.10-22.20.50:469][125]LogProjectileMovement: Warning: EnemyProjectile_BP_C_32 is outside the world bounds!
[2020.05.10-22.20.50:534][137]LogProjectileMovement: Warning: EnemyProjectile_BP_C_36 is outside the world bounds!
[2020.05.10-22.20.50:631][154]LogProjectileMovement: Warning: EnemyProjectile_BP_C_38 is outside the world bounds!
[2020.05.10-22.20.50:694][166]LogProjectileMovement: Warning: EnemyProjectile_BP_C_41 is outside the world bounds!
[2020.05.10-22.20.50:715][170]LogProjectileMovement: Warning: EnemyProjectile_BP_C_61 is outside the world bounds!
[2020.05.10-22.20.50:716][170]LogProjectileMovement: Warning: EnemyProjectile_BP_C_37 is outside the world bounds!
[2020.05.10-22.20.50:753][177]LogProjectileMovement: Warning: EnemyProjectile_BP_C_33 is outside the world bounds!
[2020.05.10-22.20.50:963][216]LogProjectileMovement: Warning: EnemyProjectile_BP_C_39 is outside the world bounds!
[2020.05.10-22.20.51:246][270]LogProjectileMovement: Warning: EnemyProjectile_BP_C_43 is outside the world bounds!
[2020.05.10-22.20.51:320][284]LogProjectileMovement: Warning: EnemyProjectile_BP_C_42 is outside the world bounds!
[2020.05.10-22.20.51:397][297]LogProjectileMovement: Warning: EnemyProjectile_BP_C_47 is outside the world bounds!
[2020.05.10-22.20.51:397][297]LogProjectileMovement: Warning: EnemyProjectile_BP_C_78 is outside the world bounds!
[2020.05.10-22.20.51:446][307]LogProjectileMovement: Warning: EnemyProjectile_BP_C_44 is outside the world bounds!
[2020.05.10-22.20.51:446][307]LogProjectileMovement: Warning: EnemyProjectile_BP_C_68 is outside the world bounds!
[2020.05.10-22.20.51:476][313]LogProjectileMovement: Warning: EnemyProjectile_BP_C_79 is outside the world bounds!
[2020.05.10-22.20.51:506][319]LogProjectileMovement: Warning: EnemyProjectile_BP_C_49 is outside the world bounds!
[2020.05.10-22.20.51:586][335]LogProjectileMovement: Warning: EnemyProjectile_BP_C_45 is outside the world bounds!
[2020.05.10-22.20.51:720][361]LogProjectileMovement: Warning: EnemyProjectile_BP_C_46 is outside the world bounds!
[2020.05.10-22.20.51:746][366]LogProjectileMovement: Warning: EnemyProjectile_BP_C_55 is outside the world bounds!
[2020.05.10-22.20.51:782][373]LogProjectileMovement: Warning: EnemyProjectile_BP_C_52 is outside the world bounds!
[2020.05.10-22.20.51:839][384]LogProjectileMovement: Warning: EnemyProjectile_BP_C_50 is outside the world bounds!
[2020.05.10-22.20.51:871][390]LogProjectileMovement: Warning: EnemyProjectile_BP_C_85 is outside the world bounds!
[2020.05.10-22.20.51:980][411]LogProjectileMovement: Warning: EnemyProjectile_BP_C_74 is outside the world bounds!
[2020.05.10-22.20.52:012][417]LogProjectileMovement: Warning: EnemyProjectile_BP_C_53 is outside the world bounds!
[2020.05.10-22.20.52:082][430]LogProjectileMovement: Warning: EnemyProjectile_BP_C_51 is outside the world bounds!
[2020.05.10-22.20.52:245][461]LogProjectileMovement: Warning: EnemyProjectile_BP_C_60 is outside the world bounds!
[2020.05.10-22.20.52:266][465]LogProjectileMovement: Warning: EnemyProjectile_BP_C_57 is outside the world bounds!
[2020.05.10-22.20.52:373][485]LogProjectileMovement: Warning: EnemyProjectile_BP_C_58 is outside the world bounds!
[2020.05.10-22.20.52:373][485]LogProjectileMovement: Warning: EnemyProjectile_BP_C_54 is outside the world bounds!
[2020.05.10-22.20.52:409][492]LogProjectileMovement: Warning: EnemyProjectile_BP_C_84 is outside the world bounds!
[2020.05.10-22.20.52:413][493]LogProjectileMovement: Warning: EnemyProjectile_BP_C_63 is outside the world bounds!
[2020.05.10-22.20.52:449][500]LogProjectileMovement: Warning: EnemyProjectile_BP_C_59 is outside the world bounds!
[2020.05.10-22.20.52:471][504]LogProjectileMovement: Warning: EnemyProjectile_BP_C_93 is outside the world bounds!
[2020.05.10-22.20.52:481][506]LogProjectileMovement: Warning: EnemyProjectile_BP_C_81 is outside the world bounds!
[2020.05.10-22.20.52:532][516]LogProjectileMovement: Warning: EnemyProjectile_BP_C_92 is outside the world bounds!
[2020.05.10-22.20.52:532][516]LogProjectileMovement: Warning: EnemyProjectile_BP_C_66 is outside the world bounds!
[2020.05.10-22.20.52:537][517]LogProjectileMovement: Warning: EnemyProjectile_BP_C_65 is outside the world bounds!
[2020.05.10-22.20.52:637][536]LogProjectileMovement: Warning: EnemyProjectile_BP_C_70 is outside the world bounds!
[2020.05.10-22.20.52:672][543]LogProjectileMovement: Warning: EnemyProjectile_BP_C_67 is outside the world bounds!
[2020.05.10-22.20.52:714][551]LogProjectileMovement: Warning: EnemyProjectile_BP_C_101 is outside the world bounds!
[2020.05.10-22.20.52:863][579]LogProjectileMovement: Warning: EnemyProjectile_BP_C_64 is outside the world bounds!
[2020.05.10-22.20.52:868][580]LogProjectileMovement: Warning: EnemyProjectile_BP_C_73 is outside the world bounds!
[2020.05.10-22.20.52:889][584]LogProjectileMovement: Warning: EnemyProjectile_BP_C_62 is outside the world bounds!
[2020.05.10-22.20.52:890][584]LogProjectileMovement: Warning: EnemyProjectile_BP_C_75 is outside the world bounds!
[2020.05.10-22.20.53:032][612]LogProjectileMovement: Warning: EnemyProjectile_BP_C_89 is outside the world bounds!
[2020.05.10-22.20.53:036][613]LogProjectileMovement: Warning: EnemyProjectile_BP_C_108 is outside the world bounds!
[2020.05.10-22.20.53:159][637]LogProjectileMovement: Warning: EnemyProjectile_BP_C_82 is outside the world bounds!
[2020.05.10-22.20.53:213][648]LogProjectileMovement: Warning: EnemyProjectile_BP_C_83 is outside the world bounds!
[2020.05.10-22.20.53:295][664]LogProjectileMovement: Warning: EnemyProjectile_BP_C_100 is outside the world bounds!
[2020.05.10-22.20.53:428][690]LogProjectileMovement: Warning: EnemyProjectile_BP_C_116 is outside the world bounds!
[2020.05.10-22.20.53:449][694]LogProjectileMovement: Warning: EnemyProjectile_BP_C_91 is outside the world bounds!
[2020.05.10-22.20.53:495][703]LogProjectileMovement: Warning: EnemyProjectile_BP_C_97 is outside the world bounds!
[2020.05.10-22.20.53:510][706]LogProjectileMovement: Warning: EnemyProjectile_BP_C_71 is outside the world bounds!
[2020.05.10-22.20.53:510][706]LogProjectileMovement: Warning: EnemyProjectile_BP_C_72 is outside the world bounds!
[2020.05.10-22.20.53:565][717]LogProjectileMovement: Warning: EnemyProjectile_BP_C_90 is outside the world bounds!
[2020.05.10-22.20.53:580][720]LogProjectileMovement: Warning: EnemyProjectile_BP_C_104 is outside the world bounds!
[2020.05.10-22.20.53:677][738]LogProjectileMovement: Warning: EnemyProjectile_BP_C_69 is outside the world bounds!
[2020.05.10-22.20.53:815][763]LogProjectileMovement: Warning: EnemyProjectile_BP_C_115 is outside the world bounds!
[2020.05.10-22.20.53:821][764]LogProjectileMovement: Warning: EnemyProjectile_BP_C_111 is outside the world bounds!
[2020.05.10-22.20.53:851][770]LogProjectileMovement: Warning: EnemyProjectile_BP_C_98 is outside the world bounds!
[2020.05.10-22.20.53:881][776]LogProjectileMovement: Warning: EnemyProjectile_BP_C_123 is outside the world bounds!
[2020.05.10-22.20.53:891][778]LogProjectileMovement: Warning: EnemyProjectile_BP_C_122 is outside the world bounds!
[2020.05.10-22.20.54:058][812]LogProjectileMovement: Warning: EnemyProjectile_BP_C_77 is outside the world bounds!
[2020.05.10-22.20.54:106][822]LogProjectileMovement: Warning: EnemyProjectile_BP_C_99 is outside the world bounds!
[2020.05.10-22.20.54:134][828]LogProjectileMovement: Warning: EnemyProjectile_BP_C_80 is outside the world bounds!
[2020.05.10-22.20.54:138][829]LogProjectileMovement: Warning: EnemyProjectile_BP_C_119 is outside the world bounds!
[2020.05.10-22.20.54:171][836]LogProjectileMovement: Warning: EnemyProjectile_BP_C_128 is outside the world bounds!
[2020.05.10-22.20.54:217][846]LogProjectileMovement: Warning: EnemyProjectile_BP_C_106 is outside the world bounds!
[2020.05.10-22.20.54:230][849]LogProjectileMovement: Warning: EnemyProjectile_BP_C_107 is outside the world bounds!
[2020.05.10-22.20.54:345][873]LogProjectileMovement: Warning: EnemyProjectile_BP_C_127 is outside the world bounds!
[2020.05.10-22.20.54:433][892]LogProjectileMovement: Warning: EnemyProjectile_BP_C_76 is outside the world bounds!
[2020.05.10-22.20.54:552][915]LogProjectileMovement: Warning: EnemyProjectile_BP_C_132 is outside the world bounds!
[2020.05.10-22.20.54:580][921]LogProjectileMovement: Warning: EnemyProjectile_BP_C_112 is outside the world bounds!
[2020.05.10-22.20.54:605][926]LogProjectileMovement: Warning: EnemyProjectile_BP_C_113 is outside the world bounds!
[2020.05.10-22.20.54:608][927]LogProjectileMovement: Warning: EnemyProjectile_BP_C_126 is outside the world bounds!
[2020.05.10-22.20.54:664][938]LogProjectileMovement: Warning: EnemyProjectile_BP_C_88 is outside the world bounds!
[2020.05.10-22.20.54:707][947]LogProjectileMovement: Warning: EnemyProjectile_BP_C_87 is outside the world bounds!
[2020.05.10-22.20.54:818][970]LogProjectileMovement: Warning: EnemyProjectile_BP_C_131 is outside the world bounds!
[2020.05.10-22.20.54:985][  3]LogProjectileMovement: Warning: EnemyProjectile_BP_C_135 is outside the world bounds!
[2020.05.10-22.20.55:000][  6]LogProjectileMovement: Warning: EnemyProjectile_BP_C_86 is outside the world bounds!
[2020.05.10-22.20.55:004][  7]LogProjectileMovement: Warning: EnemyProjectile_BP_C_118 is outside the world bounds!
[2020.05.10-22.20.55:183][ 41]LogProjectileMovement: Warning: EnemyProjectile_BP_C_95 is outside the world bounds!
[2020.05.10-22.20.55:205][ 45]LogProjectileMovement: Warning: EnemyProjectile_BP_C_121 is outside the world bounds!
[2020.05.10-22.20.55:237][ 51]LogProjectileMovement: Warning: EnemyProjectile_BP_C_94 is outside the world bounds!
[2020.05.10-22.20.55:310][ 64]LogProjectileMovement: Warning: EnemyProjectile_BP_C_136 is outside the world bounds!
[2020.05.10-22.20.55:448][ 94]LogProjectileMovement: Warning: EnemyProjectile_BP_C_139 is outside the world bounds!
[2020.05.10-22.20.55:687][148]LogProjectileMovement: Warning: EnemyProjectile_BP_C_102 is outside the world bounds!
[2020.05.10-22.20.55:749][162]LogProjectileMovement: Warning: EnemyProjectile_BP_C_103 is outside the world bounds!
[2020.05.10-22.20.55:788][171]LogProjectileMovement: Warning: EnemyProjectile_BP_C_96 is outside the world bounds!
[2020.05.10-22.20.57:305][492]Closing by request
[2020.05.10-22.20.57:305][492]LogWindows: FPlatformMisc::RequestExit(0)
[2020.05.10-22.20.57:305][492]LogCore: Engine exit requested (reason: Win RequestExit)
[2020.05.10-22.20.57:309][493]LogCore: Engine exit requested (reason: EngineExit() was called; note: exit was already requested)
[2020.05.10-22.20.57:313][493]LogAudioMixer: Display: Flush succeeded in the source manager command queue (1).
[2020.05.10-22.20.57:332][493]LogAudioMixer: Display: Flush succeeded the source manager command queue (2).
[2020.05.10-22.20.57:337][493]LogInit: Display: PreExit Game.
[2020.05.10-22.20.57:337][493]LogWorld: BeginTearingDown for /Game/Levels/LevelOne
[2020.05.10-22.20.57:337][493]LogWorld: UWorld::CleanupWorld for LevelOne, bSessionEnded=true, bCleanupResources=true
[2020.05.10-22.20.57:348][493]LogSlate: InvalidateAllWidgets triggered.  All widgets were invalidated
[2020.05.10-22.20.58:126][493]LogSlate: Window 'ProjectExodus (64-bit Development PCD3D_SM5) ' being destroyed
[2020.05.10-22.20.58:127][493]LogWindowsTextInputMethodSystem: Display: IME system now deactivated.
[2020.05.10-22.20.58:141][493]LogExit: Preparing to exit.
[2020.05.10-22.20.58:861][493]LogMoviePlayer: Shutting down movie player
[2020.05.10-22.20.59:028][493]LogSlate: Updating window title bar state: overlay mode, drag disabled, window buttons hidden, title bar hidden
[2020.05.10-22.20.59:053][493]LogDemo: Cleaned up 0 splitscreen connections with owner deletion
[2020.05.10-22.20.59:059][493]LogExit: Game engine shut down
[2020.05.10-22.20.59:195][493]LogExit: Object subsystem successfully closed.
[2020.05.10-22.20.59:206][493]LogShaderCompilers: Display: Shaders left to compile 0
[2020.05.10-22.20.59:215][493]LogModuleManager: Shutting down and abandoning module SequenceRecorderSections (438)
[2020.05.10-22.20.59:215][493]LogModuleManager: Shutting down and abandoning module SequenceRecorder (436)
[2020.05.10-22.20.59:215][493]LogModuleManager: Shutting down and abandoning module AutomationController (434)
[2020.05.10-22.20.59:215][493]LogModuleManager: Shutting down and abandoning module AutomationWorker (432)
[2020.05.10-22.20.59:215][493]LogModuleManager: Shutting down and abandoning module Voice (430)
[2020.05.10-22.20.59:215][493]LogModuleManager: Shutting down and abandoning module AIModule (428)
[2020.05.10-22.20.59:215][493]LogModuleManager: Shutting down and abandoning module GameplayDebugger (427)
[2020.05.10-22.20.59:215][493]LogModuleManager: Shutting down and abandoning module AITestSuite (425)
[2020.05.10-22.20.59:215][493]LogModuleManager: Shutting down and abandoning module NavigationSystem (423)
[2020.05.10-22.20.59:215][493]LogModuleManager: Shutting down and abandoning module OculusMR (420)
[2020.05.10-22.20.59:215][493]LogModuleManager: Shutting down and abandoning module WmfMediaFactory (418)
[2020.05.10-22.20.59:215][493]LogModuleManager: Shutting down and abandoning module WebMMediaFactory (416)
[2020.05.10-22.20.59:215][493]LogModuleManager: Shutting down and abandoning module WebMMedia (414)
[2020.05.10-22.20.59:215][493]LogModuleManager: Shutting down and abandoning module OpenExrWrapper (412)
[2020.05.10-22.20.59:215][493]LogModuleManager: Shutting down and abandoning module ImgMediaFactory (410)
[2020.05.10-22.20.59:215][493]LogModuleManager: Shutting down and abandoning module AvfMediaFactory (408)
[2020.05.10-22.20.59:215][493]LogModuleManager: Shutting down and abandoning module MagicLeapMediaCodecFactory (406)
[2020.05.10-22.20.59:215][493]LogModuleManager: Shutting down and abandoning module MagicLeapMediaFactory (404)
[2020.05.10-22.20.59:215][493]LogModuleManager: Shutting down and abandoning module CharacterAI (402)
[2020.05.10-22.20.59:215][493]LogModuleManager: Shutting down and abandoning module SessionServices (400)
[2020.05.10-22.20.59:215][493]LogModuleManager: Shutting down and abandoning module MovieSceneCapture (398)
[2020.05.10-22.20.59:215][493]LogModuleManager: Shutting down and abandoning module LiveCoding (396)
[2020.05.10-22.20.59:215][493]LogModuleManager: Shutting down and abandoning module LevelSequence (394)
[2020.05.10-22.20.59:215][493]LogModuleManager: Shutting down and abandoning module MovieSceneTracks (392)
[2020.05.10-22.20.59:215][493]LogModuleManager: Shutting down and abandoning module MovieScene (390)
[2020.05.10-22.20.59:215][493]LogModuleManager: Shutting down and abandoning module StreamingPauseRendering (388)
[2020.05.10-22.20.59:215][493]LogModuleManager: Shutting down and abandoning module PortalServices (386)
[2020.05.10-22.20.59:215][493]LogModuleManager: Shutting down and abandoning module PortalRpc (384)
[2020.05.10-22.20.59:215][493]LogModuleManager: Shutting down and abandoning module MessagingRpc (382)
[2020.05.10-22.20.59:215][493]LogModuleManager: Shutting down and abandoning module AudioMixerXAudio2 (380)
[2020.05.10-22.20.59:215][493]LogModuleManager: Shutting down and abandoning module ImageWriteQueue (378)
[2020.05.10-22.20.59:217][493]LogModuleManager: Shutting down and abandoning module ProfilerService (376)
[2020.05.10-22.20.59:362][493]LogModuleManager: Shutting down and abandoning module TaskGraph (374)
[2020.05.10-22.20.59:362][493]LogModuleManager: Shutting down and abandoning module ProceduralMeshComponent (372)
[2020.05.10-22.20.59:362][493]LogModuleManager: Shutting down and abandoning module OculusInput (370)
[2020.05.10-22.20.59:362][493]LogModuleManager: Shutting down and abandoning module MobilePatchingUtils (368)
[2020.05.10-22.20.59:362][493]LogModuleManager: Shutting down and abandoning module EditableMesh (366)
[2020.05.10-22.20.59:362][493]LogModuleManager: Shutting down and abandoning module CustomMeshComponent (364)
[2020.05.10-22.20.59:362][493]LogModuleManager: Shutting down and abandoning module CableComponent (362)
[2020.05.10-22.20.59:362][493]LogModuleManager: Shutting down and abandoning module AudioCapture (360)
[2020.05.10-22.20.59:362][493]LogModuleManager: Shutting down and abandoning module AudioCaptureRtAudio (359)
[2020.05.10-22.20.59:362][493]LogModuleManager: Shutting down and abandoning module AssetTags (356)
[2020.05.10-22.20.59:362][493]LogModuleManager: Shutting down and abandoning module ArchVisCharacter (354)
[2020.05.10-22.20.59:362][493]LogModuleManager: Shutting down and abandoning module AppleImageUtilsBlueprintSupport (352)
[2020.05.10-22.20.59:362][493]LogModuleManager: Shutting down and abandoning module AppleImageUtils (350)
[2020.05.10-22.20.59:362][493]LogModuleManager: Shutting down and abandoning module AndroidPermission (348)
[2020.05.10-22.20.59:362][493]LogModuleManager: Shutting down and abandoning module NUTUnrealEngine4 (346)
[2020.05.10-22.20.59:362][493]LogModuleManager: Shutting down and abandoning module NetcodeUnitTest (344)
[2020.05.10-22.20.59:362][493]LogModuleManager: Shutting down and abandoning module MediaCompositing (342)
[2020.05.10-22.20.59:362][493]LogModuleManager: Shutting down and abandoning module ImgMedia (340)
[2020.05.10-22.20.59:362][493]LogModuleManager: Shutting down and abandoning module MagicLeapHelperVulkan (338)
[2020.05.10-22.20.59:362][493]LogModuleManager: Shutting down and abandoning module MagicLeapHelperOpenGL (336)
[2020.05.10-22.20.59:362][493]LogModuleManager: Shutting down and abandoning module MagicLeapAudio (334)
[2020.05.10-22.20.59:362][493]LogModuleManager: Shutting down and abandoning module RawInput (332)
[2020.05.10-22.20.59:363][493]LogModuleManager: Shutting down and abandoning module GeometryCacheTracks (330)
[2020.05.10-22.20.59:363][493]LogModuleManager: Shutting down and abandoning module GeometryCacheSequencer (329)
[2020.05.10-22.20.59:363][493]LogModuleManager: Shutting down and abandoning module GeometryCache (326)
[2020.05.10-22.20.59:363][493]LogModuleManager: Shutting down and abandoning module GeometryCacheEd (325)
[2020.05.10-22.20.59:363][493]LogModuleManager: Shutting down and abandoning module BackChannel (322)
[2020.05.10-22.20.59:363][493]LogModuleManager: Shutting down and abandoning module AutomationUtils (320)
[2020.05.10-22.20.59:363][493]LogModuleManager: Shutting down and abandoning module VisualStudioSourceCodeAccess (318)
[2020.05.10-22.20.59:363][493]LogModuleManager: Shutting down and abandoning module HotReload (317)
[2020.05.10-22.20.59:363][493]LogModuleManager: Shutting down and abandoning module DirectoryWatcher (316)
[2020.05.10-22.20.59:363][493]LogModuleManager: Shutting down and abandoning module VisualStudioCodeSourceCodeAccess (312)
[2020.05.10-22.20.59:363][493]LogModuleManager: Shutting down and abandoning module UObjectPlugin (310)
[2020.05.10-22.20.59:363][493]LogModuleManager: Shutting down and abandoning module SubversionSourceControl (308)
[2020.05.10-22.20.59:363][493]LogModuleManager: Shutting down and abandoning module PerforceSourceControl (306)
[2020.05.10-22.20.59:363][493]LogModuleManager: Shutting down and abandoning module SourceControl (305)
[2020.05.10-22.20.59:363][493]LogModuleManager: Shutting down and abandoning module CLionSourceCodeAccess (302)
[2020.05.10-22.20.59:363][493]LogModuleManager: Shutting down and abandoning module ActorLayerUtilities (300)
[2020.05.10-22.20.59:363][493]LogModuleManager: Shutting down and abandoning module ProjectExodus (298)
[2020.05.10-22.20.59:363][493]LogModuleManager: Shutting down and abandoning module SignificanceManager (296)
[2020.05.10-22.20.59:363][493]LogModuleManager: Shutting down and abandoning module RuntimePhysXCooking (294)
[2020.05.10-22.20.59:363][493]LogModuleManager: Shutting down and abandoning module PhysXVehiclesEditor (292)
[2020.05.10-22.20.59:363][493]LogModuleManager: Shutting down and abandoning module LocationServicesBPLibrary (288)
[2020.05.10-22.20.59:363][493]LogModuleManager: Shutting down and abandoning module ActorSequence (286)
[2020.05.10-22.20.59:363][493]LogModuleManager: Shutting down and abandoning module UdpMessaging (284)
[2020.05.10-22.20.59:464][493]LogModuleManager: Shutting down and abandoning module TcpMessaging (282)
[2020.05.10-22.20.59:861][493]LogModuleManager: Shutting down and abandoning module MagicLeapPrivileges (280)
[2020.05.10-22.20.59:861][493]LogModuleManager: Shutting down and abandoning module MagicLeapPlanes (278)
[2020.05.10-22.20.59:861][493]LogMagicLeapPlanes: Planes tracker already destroyed.
[2020.05.10-22.20.59:861][493]LogModuleManager: Shutting down and abandoning module MagicLeapIdentity (276)
[2020.05.10-22.20.59:861][493]LogModuleManager: Shutting down and abandoning module MagicLeapSecureStorage (274)
[2020.05.10-22.20.59:861][493]LogModuleManager: Shutting down and abandoning module MagicLeapImageTracker (272)
[2020.05.10-22.20.59:861][493]LogModuleManager: Shutting down and abandoning module MagicLeapHandTracking (270)
[2020.05.10-22.20.59:861][493]LogModuleManager: Shutting down and abandoning module MagicLeapHandMeshing (268)
[2020.05.10-22.20.59:861][493]LogModuleManager: Shutting down and abandoning module MagicLeapEyeTracker (266)
[2020.05.10-22.20.59:861][493]LogModuleManager: Shutting down and abandoning module MagicLeapController (264)
[2020.05.10-22.20.59:861][493]LogSlate: Slate User Destroyed.  User Index 0, Is Virtual User: 0
[2020.05.10-22.20.59:861][493]LogModuleManager: Shutting down and abandoning module MagicLeapARPin (262)
[2020.05.10-22.20.59:861][493]LogModuleManager: Shutting down and abandoning module MagicLeapAR (260)
[2020.05.10-22.20.59:861][493]LogModuleManager: Shutting down and abandoning module AugmentedReality (259)
[2020.05.10-22.20.59:861][493]LogModuleManager: Shutting down and abandoning module GameplayTagsEditor (256)
[2020.05.10-22.20.59:861][493]LogModuleManager: Shutting down and abandoning module FacialAnimation (254)
[2020.05.10-22.20.59:861][493]LogModuleManager: Shutting down and abandoning module AssetManagerEditor (252)
[2020.05.10-22.20.59:862][493]LogModuleManager: Shutting down and abandoning module TreeMap (251)
[2020.05.10-22.20.59:862][493]LogModuleManager: Shutting down and abandoning module AnimationSharing (248)
[2020.05.10-22.20.59:862][493]LogModuleManager: Shutting down and abandoning module LightPropagationVolumeRuntime (246)
[2020.05.10-22.20.59:862][493]LogModuleManager: Shutting down and abandoning module Paper2D (244)
[2020.05.10-22.20.59:862][493]LogModuleManager: Shutting down and abandoning module WindowsMoviePlayer (242)
[2020.05.10-22.20.59:864][493]LogModuleManager: Shutting down and abandoning module WebMMoviePlayer (240)
[2020.05.10-22.20.59:864][493]LogModuleManager: Shutting down and abandoning module NetworkReplayStreaming (238)
[2020.05.10-22.20.59:864][493]LogModuleManager: Shutting down and abandoning module PacketHandler (236)
[2020.05.10-22.20.59:864][493]LogModuleManager: Shutting down and abandoning module ClothingSystemEditor (234)
[2020.05.10-22.20.59:864][493]LogModuleManager: Shutting down and abandoning module ClothingSystemRuntimeNv (232)
[2020.05.10-22.20.59:864][493]LogModuleManager: Shutting down and abandoning module MediaAssets (230)
[2020.05.10-22.20.59:864][493]LogModuleManager: Shutting down and abandoning module Overlay (228)
[2020.05.10-22.20.59:864][493]LogModuleManager: Shutting down and abandoning module OverlayEditor (227)
[2020.05.10-22.20.59:864][493]LogModuleManager: Shutting down and abandoning module VREditor (224)
[2020.05.10-22.20.59:864][493]LogModuleManager: Shutting down and abandoning module StringTableEditor (222)
[2020.05.10-22.20.59:864][493]LogModuleManager: Shutting down and abandoning module GameplayTasksEditor (220)
[2020.05.10-22.20.59:864][493]LogModuleManager: Shutting down and abandoning module BehaviorTreeEditor (218)
[2020.05.10-22.20.59:864][493]LogModuleManager: Shutting down and abandoning module FunctionalTesting (216)
[2020.05.10-22.20.59:864][493]LogModuleManager: Shutting down and abandoning module CollisionAnalyzer (214)
[2020.05.10-22.20.59:864][493]LogModuleManager: Shutting down and abandoning module WorkspaceMenuStructure (213)
[2020.05.10-22.20.59:864][493]LogModuleManager: Shutting down and abandoning module UMG (210)
[2020.05.10-22.20.59:864][493]LogModuleManager: Shutting down and abandoning module UMGEditor (209)
[2020.05.10-22.20.59:864][493]LogModuleManager: Shutting down and abandoning module Sequencer (208)
[2020.05.10-22.20.59:864][493]LogModuleManager: Shutting down and abandoning module MessageLog (205)
[2020.05.10-22.20.59:864][493]LogModuleManager: Shutting down and abandoning module SlateReflector (200)
[2020.05.10-22.20.59:864][493]LogModuleManager: Shutting down and abandoning module Slate (198)
[2020.05.10-22.20.59:864][493]LogModuleManager: Shutting down and abandoning module SlateCore (196)
[2020.05.10-22.20.59:864][493]LogModuleManager: Shutting down and abandoning module LandscapeEditorUtilities (194)
[2020.05.10-22.20.59:864][493]LogModuleManager: Shutting down and abandoning module EditorStyle (192)
[2020.05.10-22.20.59:865][493]LogModuleManager: Shutting down and abandoning module UnrealEd (190)
[2020.05.10-22.20.59:865][493]LogModuleManager: Shutting down and abandoning module MRMesh (188)
[2020.05.10-22.20.59:865][493]LogModuleManager: Shutting down and abandoning module Messaging (186)
[2020.05.10-22.20.59:865][493]LogModuleManager: Shutting down and abandoning module SourceCodeAccess (184)
[2020.05.10-22.20.59:865][493]LogModuleManager: Shutting down and abandoning module HeadMountedDisplay (182)
[2020.05.10-22.20.59:865][493]LogModuleManager: Shutting down and abandoning module XAudio2 (180)
[2020.05.10-22.20.59:865][493]LogModuleManager: Shutting down and abandoning module Networking (178)
[2020.05.10-22.20.59:865][493]LogModuleManager: Shutting down and abandoning module Core (176)
[2020.05.10-22.20.59:865][493]LogModuleManager: Shutting down and abandoning module MovieSceneTools (174)
[2020.05.10-22.20.59:865][493]LogModuleManager: Shutting down and abandoning module KismetCompiler (172)
[2020.05.10-22.20.59:865][493]LogModuleManager: Shutting down and abandoning module MeshUtilities (170)
[2020.05.10-22.20.59:865][493]LogModuleManager: Shutting down and abandoning module MeshMergeUtilities (169)
[2020.05.10-22.20.59:865][493]LogModuleManager: Shutting down and abandoning module MeshReductionInterface (168)
[2020.05.10-22.20.59:865][493]LogModuleManager: Shutting down and abandoning module MeshBoneReduction (167)
[2020.05.10-22.20.59:865][493]LogModuleManager: Shutting down and abandoning module SkeletalMeshReduction (165)
[2020.05.10-22.20.59:865][493]LogModuleManager: Shutting down and abandoning module ProxyLODMeshReduction (163)
[2020.05.10-22.20.59:865][493]LogModuleManager: Shutting down and abandoning module QuadricMeshReduction (161)
[2020.05.10-22.20.59:865][493]LogModuleManager: Shutting down and abandoning module MaterialBaking (157)
[2020.05.10-22.20.59:865][493]LogModuleManager: Shutting down and abandoning module NullInstallBundleManager (152)
[2020.05.10-22.20.59:865][493]LogModuleManager: Shutting down and abandoning module PIEPreviewDeviceProfileSelector (150)
[2020.05.10-22.20.59:865][493]LogModuleManager: Shutting down and abandoning module DerivedDataCache (148)
[2020.05.10-22.20.59:865][493]LogDerivedDataCache: Shutdown
[2020.05.10-22.20.59:865][493]LogModuleManager: Shutting down and abandoning module XGEController (146)
[2020.05.10-22.20.59:865][493]LogModuleManager: Shutting down and abandoning module TargetPlatform (144)
[2020.05.10-22.20.59:865][493]LogModuleManager: Shutting down and abandoning module VulkanShaderFormat (143)
[2020.05.10-22.20.59:865][493]LogModuleManager: Shutting down and abandoning module ShaderFormatVectorVM (141)
[2020.05.10-22.20.59:865][493]LogModuleManager: Shutting down and abandoning module ShaderFormatOpenGL (139)
[2020.05.10-22.20.59:865][493]LogModuleManager: Shutting down and abandoning module ShaderFormatD3D (137)
[2020.05.10-22.20.59:865][493]LogModuleManager: Shutting down and abandoning module MetalShaderFormat (135)
[2020.05.10-22.20.59:865][493]LogModuleManager: Shutting down and abandoning module TextureFormatUncompressed (133)
[2020.05.10-22.20.59:865][493]LogModuleManager: Shutting down and abandoning module TextureFormatPVR (131)
[2020.05.10-22.20.59:865][493]LogModuleManager: Shutting down and abandoning module TextureFormatDXT (129)
[2020.05.10-22.20.59:865][493]LogModuleManager: Shutting down and abandoning module TextureFormatIntelISPCTexComp (127)
[2020.05.10-22.20.59:865][493]LogModuleManager: Shutting down and abandoning module TextureFormatASTC (125)
[2020.05.10-22.20.59:865][493]LogModuleManager: Shutting down and abandoning module ImageWrapper (124)
[2020.05.10-22.20.59:865][493]LogModuleManager: Shutting down and abandoning module TextureFormatAndroid (121)
[2020.05.10-22.20.59:865][493]LogModuleManager: Shutting down and abandoning module AudioFormatOpus (119)
[2020.05.10-22.20.59:865][493]LogModuleManager: Shutting down and abandoning module AudioFormatOgg (117)
[2020.05.10-22.20.59:865][493]LogModuleManager: Shutting down and abandoning module AudioFormatADPCM (115)
[2020.05.10-22.20.59:865][493]LogModuleManager: Shutting down and abandoning module WindowsServerTargetPlatform (113)
[2020.05.10-22.20.59:865][493]LogModuleManager: Shutting down and abandoning module WindowsClientTargetPlatform (111)
[2020.05.10-22.20.59:865][493]LogModuleManager: Shutting down and abandoning module WindowsTargetPlatform (109)
[2020.05.10-22.20.59:866][493]LogModuleManager: Shutting down and abandoning module WindowsNoEditorTargetPlatform (107)
[2020.05.10-22.20.59:866][493]LogModuleManager: Shutting down and abandoning module InputCore (104)
[2020.05.10-22.20.59:866][493]LogModuleManager: Shutting down and abandoning module Settings (102)
[2020.05.10-22.20.59:866][493]LogModuleManager: Shutting down and abandoning module PhysXCooking (100)
[2020.05.10-22.20.59:866][493]LogModuleManager: Shutting down and abandoning module ChaosSolvers (98)
[2020.05.10-22.20.59:866][493]LogModuleManager: Shutting down and abandoning module FieldSystemEngine (97)
[2020.05.10-22.20.59:866][493]LogModuleManager: Shutting down and abandoning module Chaos (94)
[2020.05.10-22.20.59:866][493]LogModuleManager: Shutting down and abandoning module WindowsPlatformFeatures (92)
[2020.05.10-22.20.59:866][493]LogModuleManager: Shutting down and abandoning module GameplayMediaEncoder (91)
[2020.05.10-22.20.59:866][493]LogModuleManager: Shutting down and abandoning module SteamVRInputDevice (88)
[2020.05.10-22.20.59:866][493]LogModuleManager: Shutting down and abandoning module SteamVRInput (86)
[2020.05.10-22.20.59:866][493]LogModuleManager: Shutting down and abandoning module SteamVR (84)
[2020.05.10-22.20.59:866][493]LogHMD: Freeing OpenVRDLLHandle.
[2020.05.10-22.20.59:866][493]LogModuleManager: Shutting down and abandoning module OculusHMD (82)
[2020.05.10-22.20.59:866][493]LogModuleManager: Shutting down and abandoning module ExampleDeviceProfileSelector (80)
[2020.05.10-22.20.59:866][493]LogModuleManager: Shutting down and abandoning module LauncherChunkInstaller (78)
[2020.05.10-22.20.59:866][493]LogModuleManager: Shutting down and abandoning module OnlineBlueprintSupport (76)
[2020.05.10-22.20.59:866][493]LogModuleManager: Shutting down and abandoning module OnlineSubsystem (72)
[2020.05.10-22.20.59:866][493]LogModuleManager: Shutting down and abandoning module XMPP (67)
[2020.05.10-22.20.59:866][493]LogModuleManager: Shutting down and abandoning module WebSockets (66)
[2020.05.10-22.20.59:899][493]LogModuleManager: Shutting down and abandoning module HTTP (63)
[2020.05.10-22.20.59:923][493]LogModuleManager: Shutting down and abandoning module SSL (62)
[2020.05.10-22.20.59:924][493]LogModuleManager: Shutting down and abandoning module WmfMedia (58)
[2020.05.10-22.20.59:926][493]LogModuleManager: Shutting down and abandoning module Media (57)
[2020.05.10-22.20.59:927][493]LogModuleManager: Shutting down and abandoning module MagicLeap (54)
[2020.05.10-22.20.59:927][493]LogModuleManager: Shutting down and abandoning module VariantManagerContent (52)
[2020.05.10-22.20.59:927][493]LogModuleManager: Shutting down and abandoning module DatasmithContent (50)
[2020.05.10-22.20.59:927][493]LogModuleManager: Shutting down and abandoning module AISupportModule (48)
[2020.05.10-22.20.59:927][493]LogModuleManager: Shutting down and abandoning module DesktopPlatform (46)
[2020.05.10-22.20.59:927][493]LogModuleManager: Shutting down and abandoning module PlatformCryptoOpenSSL (44)
[2020.05.10-22.20.59:927][493]LogModuleManager: Shutting down and abandoning module PlatformCryptoTypes (42)
[2020.05.10-22.20.59:928][493]LogModuleManager: Shutting down and abandoning module PlatformCrypto (40)
[2020.05.10-22.20.59:928][493]LogModuleManager: Shutting down and abandoning module AnimationModifiers (38)
[2020.05.10-22.20.59:928][493]LogModuleManager: Shutting down and abandoning module PropertyEditor (37)
[2020.05.10-22.20.59:928][493]LogModuleManager: Shutting down and abandoning module AudioEditor (34)
[2020.05.10-22.20.59:928][493]LogModuleManager: Shutting down and abandoning module TextureCompressor (32)
[2020.05.10-22.20.59:928][493]LogModuleManager: Shutting down and abandoning module RenderCore (30)
[2020.05.10-22.20.59:928][493]LogModuleManager: Shutting down and abandoning module Landscape (28)
[2020.05.10-22.20.59:928][493]LogModuleManager: Shutting down and abandoning module SlateRHIRenderer (26)
[2020.05.10-22.20.59:929][493]LogModuleManager: Shutting down and abandoning module OpenGLDrv (24)
[2020.05.10-22.20.59:929][493]LogModuleManager: Shutting down and abandoning module D3D11RHI (22)
[2020.05.10-22.20.59:929][493]LogModuleManager: Shutting down and abandoning module AnimGraphRuntime (20)
[2020.05.10-22.20.59:929][493]LogModuleManager: Shutting down and abandoning module Renderer (18)
[2020.05.10-22.20.59:929][493]LogModuleManager: Shutting down and abandoning module Engine (16)
[2020.05.10-22.20.59:929][493]LogModuleManager: Shutting down and abandoning module CoreUObject (14)
[2020.05.10-22.20.59:929][493]LogModuleManager: Shutting down and abandoning module NetworkFile (12)
[2020.05.10-22.20.59:929][493]LogModuleManager: Shutting down and abandoning module CookedIterativeFile (10)
[2020.05.10-22.20.59:929][493]LogModuleManager: Shutting down and abandoning module StreamingFile (8)
[2020.05.10-22.20.59:929][493]LogModuleManager: Shutting down and abandoning module SandboxFile (6)
[2020.05.10-22.20.59:929][493]LogModuleManager: Shutting down and abandoning module PakFile (4)
[2020.05.10-22.20.59:929][493]LogModuleManager: Shutting down and abandoning module RSA (3)
[2020.05.10-22.20.59:929][493]LogD3D11RHI: Shutdown
[2020.05.10-22.20.59:929][493]LogD3D11RHI: CleanupD3DDevice
[2020.05.10-22.20.59:939][493]LogExit: Exiting.
[2020.05.10-22.20.59:951][493]Log file closed, 05/10/20 23:20:59
